INFO: Seed: 3148439362
INFO: Loaded 1 modules   (9467 inline 8-bit counters): 9467 [0x74c6a0, 0x74eb9b), 
INFO: Loaded 1 PC tables (9467 PCs): 9467 [0x6a2648,0x6c75f8), 
INFO: -max_len is not provided; libFuzzer will not generate inputs larger than 4096 bytes
INFO: A corpus is not provided, starting from an empty corpus
#2	INITED cov: 2 ft: 2 corp: 1/1b exec/s: 0 rss: 144Mb
	NEW_FUNC[1/36]: 0x554200 in fuzzer_create_gl_context (/home/fuzzing/Desktop/virglrenderer-master/build/src/virgl_fuzzer+0x554200)
	NEW_FUNC[2/36]: 0x554440 in fuzzer_destroy_gl_context (/home/fuzzing/Desktop/virglrenderer-master/build/src/virgl_fuzzer+0x554440)
#51693	NEW    cov: 127 ft: 128 corp: 2/518b lim: 517 exec/s: 0 rss: 196Mb L: 517/517 MS: 5 ChangeByte-InsertRepeatedBytes-EraseBytes-ShuffleBytes-CrossOver-
	NEW_FUNC[1/1]: 0x55cf00 in vrend_decode_dummy (/home/fuzzing/Desktop/virglrenderer-master/build/src/virgl_fuzzer+0x55cf00)
#51708	NEW    cov: 130 ft: 131 corp: 3/1035b lim: 517 exec/s: 0 rss: 269Mb L: 517/517 MS: 5 ChangeByte-ChangeBit-ShuffleBytes-ChangeByte-ShuffleBytes-
	NEW_FUNC[1/5]: 0x560940 in vrend_decode_draw_vbo (/home/fuzzing/Desktop/virglrenderer-master/build/src/virgl_fuzzer+0x560940)
	NEW_FUNC[2/5]: 0x5630d0 in vrend_decode_bind_sampler_states (/home/fuzzing/Desktop/virglrenderer-master/build/src/virgl_fuzzer+0x5630d0)
#51741	NEW    cov: 140 ft: 141 corp: 4/1552b lim: 517 exec/s: 0 rss: 270Mb L: 517/517 MS: 3 ShuffleBytes-ShuffleBytes-CrossOver-
	NEW_FUNC[1/2]: 0x56bbb0 in vrend_ctx_resource_lookup (/home/fuzzing/Desktop/virglrenderer-master/build/src/virgl_fuzzer+0x56bbb0)
	NEW_FUNC[2/2]: 0x5c9a40 in vrend_renderer_get_meminfo (/home/fuzzing/Desktop/virglrenderer-master/build/src/virgl_fuzzer+0x5c9a40)
#51764	NEW    cov: 146 ft: 159 corp: 5/2066b lim: 517 exec/s: 51764 rss: 270Mb L: 514/517 MS: 3 CopyPart-ChangeByte-CrossOver-
#51810	NEW    cov: 147 ft: 160 corp: 6/2582b lim: 517 exec/s: 51810 rss: 270Mb L: 516/517 MS: 1 CopyPart-
#51886	NEW    cov: 147 ft: 168 corp: 7/3097b lim: 517 exec/s: 25943 rss: 270Mb L: 515/517 MS: 1 InsertByte-
#52359	NEW    cov: 147 ft: 177 corp: 8/3610b lim: 517 exec/s: 7479 rss: 271Mb L: 513/517 MS: 3 ChangeByte-CMP-EraseBytes- DE: "\x01\x00\x00\x05"-
#52767	NEW    cov: 150 ft: 184 corp: 9/4124b lim: 517 exec/s: 4797 rss: 271Mb L: 514/517 MS: 3 ShuffleBytes-EraseBytes-InsertRepeatedBytes-
	NEW_FUNC[1/1]: 0x594e80 in vrend_bind_sampler_states (/home/fuzzing/Desktop/virglrenderer-master/build/src/virgl_fuzzer+0x594e80)
#52821	NEW    cov: 153 ft: 189 corp: 10/4641b lim: 517 exec/s: 4401 rss: 271Mb L: 517/517 MS: 4 ChangeBit-CopyPart-CMP-CrossOver- DE: "\xff\x01\x00\x00\x00\x00\x00\x00"-
	NEW_FUNC[1/2]: 0x566a00 in vrend_decode_pipe_resource_create (/home/fuzzing/Desktop/virglrenderer-master/build/src/virgl_fuzzer+0x566a00)
	NEW_FUNC[2/2]: 0x59fda0 in vrend_renderer_set_sub_ctx (/home/fuzzing/Desktop/virglrenderer-master/build/src/virgl_fuzzer+0x59fda0)
#53743	NEW    cov: 160 ft: 197 corp: 11/5167b lim: 526 exec/s: 2559 rss: 271Mb L: 526/526 MS: 2 ChangeByte-CrossOver-
	NEW_FUNC[1/1]: 0x566620 in vrend_decode_clear_texture (/home/fuzzing/Desktop/virglrenderer-master/build/src/virgl_fuzzer+0x566620)
#53748	NEW    cov: 162 ft: 202 corp: 12/5686b lim: 526 exec/s: 2559 rss: 271Mb L: 519/526 MS: 5 CopyPart-ChangeBinInt-PersAutoDict-InsertByte-PersAutoDict- DE: "\x01\x00\x00\x05"-"\x01\x00\x00\x05"-
	NEW_FUNC[1/1]: 0x566d90 in vrend_decode_pipe_resource_set_type (/home/fuzzing/Desktop/virglrenderer-master/build/src/virgl_fuzzer+0x566d90)
#53753	NEW    cov: 166 ft: 206 corp: 13/6212b lim: 526 exec/s: 2559 rss: 271Mb L: 526/526 MS: 5 CopyPart-CopyPart-ChangeBit-CrossOver-CrossOver-
	NEW_FUNC[1/1]: 0x560560 in vrend_decode_set_vertex_buffers (/home/fuzzing/Desktop/virglrenderer-master/build/src/virgl_fuzzer+0x560560)
#53764	NEW    cov: 168 ft: 208 corp: 14/6731b lim: 526 exec/s: 2560 rss: 271Mb L: 519/526 MS: 1 EraseBytes-
	NEW_FUNC[1/8]: 0x55f780 in vrend_decode_set_viewport_state (/home/fuzzing/Desktop/virglrenderer-master/build/src/virgl_fuzzer+0x55f780)
	NEW_FUNC[2/8]: 0x561d50 in vrend_decode_set_blend_color (/home/fuzzing/Desktop/virglrenderer-master/build/src/virgl_fuzzer+0x561d50)
#53769	NEW    cov: 183 ft: 232 corp: 15/7256b lim: 526 exec/s: 2560 rss: 271Mb L: 525/526 MS: 5 InsertRepeatedBytes-InsertRepeatedBytes-PersAutoDict-CopyPart-InsertByte- DE: "\x01\x00\x00\x05"-
#53770	NEW    cov: 183 ft: 233 corp: 16/7778b lim: 526 exec/s: 2560 rss: 271Mb L: 522/526 MS: 1 InsertRepeatedBytes-
#53780	NEW    cov: 184 ft: 234 corp: 17/8301b lim: 526 exec/s: 2444 rss: 271Mb L: 523/526 MS: 5 ShuffleBytes-CopyPart-ChangeByte-CopyPart-PersAutoDict- DE: "\x01\x00\x00\x05"-
#53782	NEW    cov: 185 ft: 235 corp: 18/8824b lim: 526 exec/s: 2444 rss: 271Mb L: 523/526 MS: 2 InsertByte-InsertRepeatedBytes-
	NEW_FUNC[1/1]: 0x5643a0 in vrend_decode_set_uniform_buffer (/home/fuzzing/Desktop/virglrenderer-master/build/src/virgl_fuzzer+0x5643a0)
#53822	NEW    cov: 187 ft: 237 corp: 19/9350b lim: 526 exec/s: 2446 rss: 271Mb L: 526/526 MS: 5 InsertRepeatedBytes-CMP-ChangeByte-CopyPart-CrossOver- DE: "\xff\x00"-
	NEW_FUNC[1/3]: 0x561b70 in vrend_decode_set_stencil_ref (/home/fuzzing/Desktop/virglrenderer-master/build/src/virgl_fuzzer+0x561b70)
	NEW_FUNC[2/3]: 0x5633c0 in vrend_decode_set_polygon_stipple (/home/fuzzing/Desktop/virglrenderer-master/build/src/virgl_fuzzer+0x5633c0)
#53869	NEW    cov: 193 ft: 243 corp: 20/9873b lim: 526 exec/s: 2342 rss: 271Mb L: 523/526 MS: 2 PersAutoDict-InsertByte- DE: "\xff\x01\x00\x00\x00\x00\x00\x00"-
	NEW_FUNC[1/1]: 0x565570 in vrend_decode_set_atomic_buffers (/home/fuzzing/Desktop/virglrenderer-master/build/src/virgl_fuzzer+0x565570)
#53896	NEW    cov: 195 ft: 245 corp: 21/10398b lim: 526 exec/s: 2343 rss: 271Mb L: 525/526 MS: 2 InsertByte-CopyPart-
#53905	NEW    cov: 197 ft: 247 corp: 22/10924b lim: 526 exec/s: 2343 rss: 271Mb L: 526/526 MS: 4 InsertByte-CopyPart-ShuffleBytes-CrossOver-
	NEW_FUNC[1/2]: 0x5654d0 in vrend_decode_texture_barrier (/home/fuzzing/Desktop/virglrenderer-master/build/src/virgl_fuzzer+0x5654d0)
	NEW_FUNC[2/2]: 0x578ed0 in vrend_texture_barrier (/home/fuzzing/Desktop/virglrenderer-master/build/src/virgl_fuzzer+0x578ed0)
#53917	NEW    cov: 202 ft: 252 corp: 23/11450b lim: 526 exec/s: 2246 rss: 271Mb L: 526/526 MS: 2 EraseBytes-CrossOver-
	NEW_FUNC[1/6]: 0x560710 in vrend_decode_clear (/home/fuzzing/Desktop/virglrenderer-master/build/src/virgl_fuzzer+0x560710)
	NEW_FUNC[2/6]: 0x561ab0 in vrend_decode_set_constant_buffer (/home/fuzzing/Desktop/virglrenderer-master/build/src/virgl_fuzzer+0x561ab0)
#53918	NEW    cov: 215 ft: 265 corp: 24/11975b lim: 526 exec/s: 2246 rss: 271Mb L: 525/526 MS: 1 ChangeByte-
#53992	NEW    cov: 216 ft: 266 corp: 25/12501b lim: 526 exec/s: 2249 rss: 271Mb L: 526/526 MS: 4 ShuffleBytes-ChangeByte-PersAutoDict-InsertByte- DE: "\xff\x00"-
#53993	NEW    cov: 216 ft: 269 corp: 26/13026b lim: 526 exec/s: 2159 rss: 271Mb L: 525/526 MS: 1 PersAutoDict- DE: "\xff\x01\x00\x00\x00\x00\x00\x00"-
#53999	NEW    cov: 216 ft: 272 corp: 27/13552b lim: 526 exec/s: 2159 rss: 271Mb L: 526/526 MS: 1 CrossOver-
#54081	NEW    cov: 216 ft: 273 corp: 28/14078b lim: 526 exec/s: 2080 rss: 271Mb L: 526/526 MS: 2 PersAutoDict-CopyPart- DE: "\xff\x01\x00\x00\x00\x00\x00\x00"-
#54094	NEW    cov: 216 ft: 275 corp: 29/14604b lim: 526 exec/s: 2080 rss: 271Mb L: 526/526 MS: 3 PersAutoDict-CMP-CrossOver- DE: "\xff\x01\x00\x00\x00\x00\x00\x00"-"\x14\x00\x00\x00"-
#54116	NEW    cov: 217 ft: 278 corp: 30/15130b lim: 526 exec/s: 2081 rss: 271Mb L: 526/526 MS: 2 ShuffleBytes-CrossOver-
#54177	NEW    cov: 217 ft: 279 corp: 31/15656b lim: 526 exec/s: 2006 rss: 271Mb L: 526/526 MS: 1 CrossOver-
	NEW_FUNC[1/2]: 0x578bf0 in vrend_memory_barrier (/home/fuzzing/Desktop/virglrenderer-master/build/src/virgl_fuzzer+0x578bf0)
	NEW_FUNC[2/2]: 0x5b27a0 in vrend_set_sample_mask (/home/fuzzing/Desktop/virglrenderer-master/build/src/virgl_fuzzer+0x5b27a0)
#54194	NEW    cov: 235 ft: 297 corp: 32/16182b lim: 526 exec/s: 2007 rss: 271Mb L: 526/526 MS: 2 ChangeBit-CrossOver-
	NEW_FUNC[1/1]: 0x5617b0 in vrend_decode_set_sampler_views (/home/fuzzing/Desktop/virglrenderer-master/build/src/virgl_fuzzer+0x5617b0)
#54211	NEW    cov: 237 ft: 299 corp: 33/16Kb lim: 526 exec/s: 1936 rss: 271Mb L: 526/526 MS: 2 ShuffleBytes-ChangeBinInt-
#54375	NEW    cov: 238 ft: 300 corp: 34/16Kb lim: 526 exec/s: 1812 rss: 271Mb L: 526/526 MS: 4 ShuffleBytes-ChangeBit-ChangeBinInt-ChangeBinInt-
#54381	NEW    cov: 238 ft: 301 corp: 35/17Kb lim: 526 exec/s: 1812 rss: 271Mb L: 526/526 MS: 1 CopyPart-
	NEW_FUNC[1/1]: 0x5646b0 in vrend_decode_destroy_sub_ctx (/home/fuzzing/Desktop/virglrenderer-master/build/src/virgl_fuzzer+0x5646b0)
#54529	NEW    cov: 240 ft: 303 corp: 36/17Kb lim: 526 exec/s: 1759 rss: 271Mb L: 526/526 MS: 3 PersAutoDict-CopyPart-CMP- DE: "\x01\x00\x00\x05"-"GL_ARB_texture_multisamp"-
#54571	NEW    cov: 241 ft: 304 corp: 37/18Kb lim: 526 exec/s: 1760 rss: 271Mb L: 526/526 MS: 1 PersAutoDict- DE: "\x14\x00\x00\x00"-
	NEW_FUNC[1/1]: 0x563570 in vrend_decode_set_clip_state (/home/fuzzing/Desktop/virglrenderer-master/build/src/virgl_fuzzer+0x563570)
#54716	NEW    cov: 243 ft: 306 corp: 38/18Kb lim: 526 exec/s: 1658 rss: 271Mb L: 526/526 MS: 5 ChangeByte-CopyPart-CrossOver-PersAutoDict-CrossOver- DE: "GL_ARB_texture_multisamp"-
#54853	NEW    cov: 244 ft: 307 corp: 39/19Kb lim: 526 exec/s: 1613 rss: 271Mb L: 526/526 MS: 2 ShuffleBytes-CrossOver-
#54897	NEW    cov: 244 ft: 309 corp: 40/19Kb lim: 526 exec/s: 1568 rss: 271Mb L: 526/526 MS: 4 CMP-ChangeBit-ChangeBit-CopyPart- DE: "\x18\x01\x00\x00\x00\x00\x00\x00"-
#55174	NEW    cov: 246 ft: 311 corp: 41/20Kb lim: 526 exec/s: 1451 rss: 271Mb L: 526/526 MS: 2 CMP-PersAutoDict- DE: "\x0e\x02\x00\x00\x00\x00\x00\x00"-"\xff\x01\x00\x00\x00\x00\x00\x00"-
	NEW_FUNC[1/1]: 0x564810 in vrend_decode_set_tess_state (/home/fuzzing/Desktop/virglrenderer-master/build/src/virgl_fuzzer+0x564810)
#55211	NEW    cov: 248 ft: 313 corp: 42/20Kb lim: 526 exec/s: 1452 rss: 271Mb L: 526/526 MS: 2 ChangeByte-CMP- DE: "GL_KHR_blend_equation_a"-
#55247	NEW    cov: 248 ft: 315 corp: 43/21Kb lim: 526 exec/s: 1416 rss: 271Mb L: 526/526 MS: 1 CMP- DE: "ClearNamedBuffe"-
#55378	NEW    cov: 252 ft: 361 corp: 44/21Kb lim: 526 exec/s: 1384 rss: 271Mb L: 526/526 MS: 1 CopyPart-
#55502	NEW    cov: 253 ft: 362 corp: 45/22Kb lim: 526 exec/s: 1321 rss: 271Mb L: 526/526 MS: 4 ChangeBinInt-ShuffleBytes-PersAutoDict-PersAutoDict- DE: "\xff\x00"-"GL_ARB_texture_multisamp"-
#55634	NEW    cov: 253 ft: 363 corp: 46/22Kb lim: 526 exec/s: 1293 rss: 271Mb L: 526/526 MS: 2 CopyPart-CrossOver-
#55663	NEW    cov: 253 ft: 364 corp: 47/23Kb lim: 526 exec/s: 1265 rss: 272Mb L: 526/526 MS: 4 CMP-ChangeByte-ChangeByte-CopyPart- DE: "BlendBarri"-
	NEW_FUNC[1/2]: 0x575b30 in vrend_set_single_vbo (/home/fuzzing/Desktop/virglrenderer-master/build/src/virgl_fuzzer+0x575b30)
	NEW_FUNC[2/2]: 0x576100 in vrend_set_num_vbo (/home/fuzzing/Desktop/virglrenderer-master/build/src/virgl_fuzzer+0x576100)
#55846	NEW    cov: 264 ft: 376 corp: 48/24Kb lim: 526 exec/s: 1214 rss: 272Mb L: 526/526 MS: 3 ShuffleBytes-ChangeBinInt-PersAutoDict- DE: "ClearNamedBuffe"-
	NEW_FUNC[1/3]: 0x5611e0 in vrend_decode_resource_inline_write (/home/fuzzing/Desktop/virglrenderer-master/build/src/virgl_fuzzer+0x5611e0)
	NEW_FUNC[2/3]: 0x563850 in vrend_decode_set_streamout_targets (/home/fuzzing/Desktop/virglrenderer-master/build/src/virgl_fuzzer+0x563850)
#56012	NEW    cov: 270 ft: 382 corp: 49/24Kb lim: 526 exec/s: 1143 rss: 272Mb L: 526/526 MS: 1 CopyPart-
	NEW_FUNC[1/2]: 0x56baa0 in vrend_object_lookup (/home/fuzzing/Desktop/virglrenderer-master/build/src/virgl_fuzzer+0x56baa0)
	NEW_FUNC[2/2]: 0x5bdf90 in vrend_end_query (/home/fuzzing/Desktop/virglrenderer-master/build/src/virgl_fuzzer+0x5bdf90)
#56213	NEW    cov: 275 ft: 389 corp: 50/25Kb lim: 526 exec/s: 1102 rss: 272Mb L: 526/526 MS: 1 PersAutoDict- DE: "\x14\x00\x00\x00"-
#56227	NEW    cov: 276 ft: 390 corp: 51/25Kb lim: 526 exec/s: 1102 rss: 272Mb L: 526/526 MS: 4 CopyPart-ChangeBinInt-ChangeByte-CrossOver-
	NEW_FUNC[1/1]: 0x5c7290 in vrend_renderer_destroy_sub_ctx (/home/fuzzing/Desktop/virglrenderer-master/build/src/virgl_fuzzer+0x5c7290)
#56453	NEW    cov: 280 ft: 394 corp: 52/26Kb lim: 526 exec/s: 1045 rss: 272Mb L: 526/526 MS: 1 ChangeBit-
#56476	NEW    cov: 281 ft: 395 corp: 53/26Kb lim: 526 exec/s: 1045 rss: 272Mb L: 526/526 MS: 3 CopyPart-ChangeByte-PersAutoDict- DE: "\xff\x00"-
#56579	NEW    cov: 283 ft: 398 corp: 54/27Kb lim: 526 exec/s: 1028 rss: 272Mb L: 526/526 MS: 3 CopyPart-CrossOver-CrossOver-
#56684	REDUCE cov: 283 ft: 398 corp: 54/27Kb lim: 526 exec/s: 994 rss: 272Mb L: 521/526 MS: 5 EraseBytes-InsertRepeatedBytes-CopyPart-ShuffleBytes-CopyPart-
#56710	NEW    cov: 283 ft: 399 corp: 55/27Kb lim: 526 exec/s: 994 rss: 272Mb L: 526/526 MS: 1 ShuffleBytes-
	NEW_FUNC[1/1]: 0x5b01a0 in vrend_set_stencil_ref (/home/fuzzing/Desktop/virglrenderer-master/build/src/virgl_fuzzer+0x5b01a0)
#56813	NEW    cov: 286 ft: 402 corp: 56/28Kb lim: 526 exec/s: 979 rss: 272Mb L: 518/526 MS: 3 EraseBytes-CMP-CopyPart- DE: "GL_KHR_blend_equation_adva"-
	NEW_FUNC[1/3]: 0x55c640 in vrend_debug_can_override (/home/fuzzing/Desktop/virglrenderer-master/build/src/virgl_fuzzer+0x55c640)
	NEW_FUNC[2/3]: 0x565780 in vrend_decode_set_debug_mask (/home/fuzzing/Desktop/virglrenderer-master/build/src/virgl_fuzzer+0x565780)
#56874	NEW    cov: 291 ft: 407 corp: 57/28Kb lim: 526 exec/s: 963 rss: 272Mb L: 526/526 MS: 1 CMP- DE: "GL_KHR_blend_equati"-
#56896	NEW    cov: 291 ft: 408 corp: 58/29Kb lim: 526 exec/s: 964 rss: 272Mb L: 526/526 MS: 2 PersAutoDict-PersAutoDict- DE: "GL_KHR_blend_equation_a"-"\x0e\x02\x00\x00\x00\x00\x00\x00"-
#57085	NEW    cov: 292 ft: 409 corp: 59/29Kb lim: 526 exec/s: 920 rss: 273Mb L: 526/526 MS: 4 ChangeBinInt-ChangeBinInt-ChangeBit-CopyPart-
	NEW_FUNC[1/1]: 0x561ec0 in vrend_decode_set_scissor_state (/home/fuzzing/Desktop/virglrenderer-master/build/src/virgl_fuzzer+0x561ec0)
#57342	NEW    cov: 294 ft: 411 corp: 60/30Kb lim: 526 exec/s: 882 rss: 273Mb L: 526/526 MS: 2 ShuffleBytes-CopyPart-
#57565	NEW    cov: 294 ft: 413 corp: 61/30Kb lim: 526 exec/s: 859 rss: 273Mb L: 526/526 MS: 3 ChangeByte-ChangeByte-PersAutoDict- DE: "BlendBarri"-
#57701	NEW    cov: 294 ft: 415 corp: 62/31Kb lim: 526 exec/s: 836 rss: 273Mb L: 526/526 MS: 1 CopyPart-
#57702	NEW    cov: 294 ft: 417 corp: 63/31Kb lim: 526 exec/s: 836 rss: 273Mb L: 526/526 MS: 1 ChangeBit-
	NEW_FUNC[1/1]: 0x55fad0 in vrend_decode_set_framebuffer_state (/home/fuzzing/Desktop/virglrenderer-master/build/src/virgl_fuzzer+0x55fad0)
#57739	NEW    cov: 296 ft: 419 corp: 64/32Kb lim: 526 exec/s: 836 rss: 273Mb L: 526/526 MS: 2 CrossOver-CrossOver-
	NEW_FUNC[1/1]: 0x57e1e0 in vrend_draw_vbo (/home/fuzzing/Desktop/virglrenderer-master/build/src/virgl_fuzzer+0x57e1e0)
#57788	NEW    cov: 300 ft: 423 corp: 65/32Kb lim: 526 exec/s: 825 rss: 273Mb L: 526/526 MS: 4 CopyPart-CMP-ChangeBit-CrossOver- DE: "i\x01\x00\x00\x00\x00\x00\x00"-
	NEW_FUNC[1/1]: 0x563300 in vrend_decode_get_query_result (/home/fuzzing/Desktop/virglrenderer-master/build/src/virgl_fuzzer+0x563300)
#57999	NEW    cov: 302 ft: 425 corp: 66/33Kb lim: 526 exec/s: 794 rss: 273Mb L: 526/526 MS: 1 ChangeBinInt-
	NEW_FUNC[1/1]: 0x565860 in vrend_decode_get_query_result_qbo (/home/fuzzing/Desktop/virglrenderer-master/build/src/virgl_fuzzer+0x565860)
#58139	NEW    cov: 304 ft: 427 corp: 67/33Kb lim: 526 exec/s: 764 rss: 273Mb L: 526/526 MS: 5 CopyPart-ChangeBinInt-ChangeBinInt-ShuffleBytes-CopyPart-
	NEW_FUNC[1/1]: 0x55cf10 in vrend_decode_create_object (/home/fuzzing/Desktop/virglrenderer-master/build/src/virgl_fuzzer+0x55cf10)
#58336	NEW    cov: 306 ft: 429 corp: 68/34Kb lim: 526 exec/s: 747 rss: 273Mb L: 526/526 MS: 2 PersAutoDict-ChangeBit- DE: "GL_KHR_blend_equation_a"-
#58396	NEW    cov: 306 ft: 430 corp: 69/34Kb lim: 526 exec/s: 739 rss: 273Mb L: 526/526 MS: 5 EraseBytes-ChangeByte-CMP-ChangeBinInt-CrossOver- DE: "/0"-
#58573	NEW    cov: 308 ft: 432 corp: 70/35Kb lim: 526 exec/s: 723 rss: 273Mb L: 526/526 MS: 2 CrossOver-PersAutoDict- DE: "\x0e\x02\x00\x00\x00\x00\x00\x00"-
#58865	NEW    cov: 308 ft: 433 corp: 71/35Kb lim: 526 exec/s: 700 rss: 273Mb L: 526/526 MS: 2 ChangeByte-CopyPart-
	NEW_FUNC[1/1]: 0x564c70 in vrend_decode_set_shader_images (/home/fuzzing/Desktop/virglrenderer-master/build/src/virgl_fuzzer+0x564c70)
#59172	NEW    cov: 310 ft: 435 corp: 72/36Kb lim: 526 exec/s: 680 rss: 273Mb L: 526/526 MS: 2 CrossOver-ChangeByte-
#59294	NEW    cov: 312 ft: 437 corp: 73/36Kb lim: 526 exec/s: 666 rss: 273Mb L: 526/526 MS: 2 CopyPart-ChangeByte-
#59384	NEW    cov: 313 ft: 438 corp: 74/37Kb lim: 526 exec/s: 659 rss: 273Mb L: 526/526 MS: 5 ChangeBit-ChangeByte-ShuffleBytes-ChangeByte-ChangeBit-
#59465	NEW    cov: 314 ft: 439 corp: 75/37Kb lim: 526 exec/s: 653 rss: 273Mb L: 526/526 MS: 1 ChangeByte-
	NEW_FUNC[1/1]: 0x55f6e0 in vrend_decode_destroy_object (/home/fuzzing/Desktop/virglrenderer-master/build/src/virgl_fuzzer+0x55f6e0)
#60106	NEW    cov: 316 ft: 441 corp: 76/38Kb lim: 526 exec/s: 607 rss: 273Mb L: 526/526 MS: 1 PersAutoDict- DE: "\x14\x00\x00\x00"-
	NEW_FUNC[1/1]: 0x5c80b0 in vrend_renderer_pipe_resource_set_type (/home/fuzzing/Desktop/virglrenderer-master/build/src/virgl_fuzzer+0x5c80b0)
#60279	NEW    cov: 323 ft: 448 corp: 77/38Kb lim: 526 exec/s: 602 rss: 273Mb L: 526/526 MS: 3 ChangeBit-ChangeBit-PersAutoDict- DE: "GL_KHR_blend_equation_adva"-
	NEW_FUNC[1/1]: 0x59b460 in vrend_set_streamout_targets (/home/fuzzing/Desktop/virglrenderer-master/build/src/virgl_fuzzer+0x59b460)
#60403	NEW    cov: 326 ft: 451 corp: 78/39Kb lim: 526 exec/s: 592 rss: 273Mb L: 526/526 MS: 4 ChangeBinInt-CMP-ChangeBit-CopyPart- DE: "\x00\x00\x00\x00\x00\x00\x02\x00"-
#61078	REDUCE cov: 326 ft: 451 corp: 78/39Kb lim: 526 exec/s: 550 rss: 273Mb L: 522/526 MS: 5 CopyPart-ChangeByte-EraseBytes-ChangeBit-InsertByte-
#61222	NEW    cov: 326 ft: 452 corp: 79/39Kb lim: 526 exec/s: 541 rss: 273Mb L: 526/526 MS: 4 ChangeBinInt-ShuffleBytes-ChangeBit-ChangeByte-
#61541	NEW    cov: 327 ft: 453 corp: 80/40Kb lim: 526 exec/s: 521 rss: 273Mb L: 521/526 MS: 4 PersAutoDict-CMP-ChangeBinInt-CrossOver- DE: "GL_ARB_texture_multisamp"-"\x00\x10"-
	NEW_FUNC[1/1]: 0x5bdb90 in vrend_begin_query (/home/fuzzing/Desktop/virglrenderer-master/build/src/virgl_fuzzer+0x5bdb90)
#61662	NEW    cov: 330 ft: 456 corp: 81/40Kb lim: 526 exec/s: 518 rss: 273Mb L: 526/526 MS: 1 CopyPart-
#61816	REDUCE cov: 330 ft: 456 corp: 81/40Kb lim: 526 exec/s: 510 rss: 273Mb L: 514/526 MS: 4 ChangeByte-EraseBytes-InsertByte-InsertRepeatedBytes-
#61849	NEW    cov: 332 ft: 458 corp: 82/41Kb lim: 526 exec/s: 511 rss: 273Mb L: 526/526 MS: 3 PersAutoDict-ChangeASCIIInt-CopyPart- DE: "/0"-
#61944	NEW    cov: 332 ft: 460 corp: 83/41Kb lim: 526 exec/s: 503 rss: 273Mb L: 526/526 MS: 5 ChangeByte-CopyPart-ChangeBinInt-ChangeBit-CopyPart-
	NEW_FUNC[1/1]: 0x565a00 in vrend_decode_transfer3d (/home/fuzzing/Desktop/virglrenderer-master/build/src/virgl_fuzzer+0x565a00)
#62028	NEW    cov: 334 ft: 462 corp: 84/42Kb lim: 526 exec/s: 500 rss: 273Mb L: 525/526 MS: 4 CopyPart-ChangeByte-CopyPart-CopyPart-
#62469	NEW    cov: 334 ft: 466 corp: 85/42Kb lim: 526 exec/s: 480 rss: 273Mb L: 526/526 MS: 1 ChangeBit-
#62470	NEW    cov: 335 ft: 467 corp: 86/43Kb lim: 526 exec/s: 480 rss: 273Mb L: 526/526 MS: 1 PersAutoDict- DE: "BlendBarri"-
#62614	NEW    cov: 335 ft: 469 corp: 87/44Kb lim: 526 exec/s: 474 rss: 273Mb L: 526/526 MS: 4 InsertByte-ChangeByte-ChangeByte-CrossOver-
#63098	NEW    cov: 337 ft: 471 corp: 88/44Kb lim: 526 exec/s: 457 rss: 273Mb L: 522/526 MS: 4 EraseBytes-ShuffleBytes-InsertRepeatedBytes-ChangeBinInt-
#63566	NEW    cov: 337 ft: 473 corp: 89/45Kb lim: 526 exec/s: 441 rss: 273Mb L: 526/526 MS: 3 CopyPart-CMP-CopyPart- DE: "GL_OES_depth24"-
	NEW_FUNC[1/1]: 0x564fd0 in vrend_decode_launch_grid (/home/fuzzing/Desktop/virglrenderer-master/build/src/virgl_fuzzer+0x564fd0)
#63593	NEW    cov: 340 ft: 476 corp: 90/45Kb lim: 526 exec/s: 441 rss: 273Mb L: 526/526 MS: 2 CMP-CrossOver- DE: "\x01\x00\x00\x00\x00\x00\x02\x0e"-
#63682	NEW    cov: 340 ft: 477 corp: 91/46Kb lim: 526 exec/s: 439 rss: 273Mb L: 526/526 MS: 4 EraseBytes-InsertRepeatedBytes-ChangeBit-CrossOver-
#64194	NEW    cov: 341 ft: 480 corp: 92/46Kb lim: 526 exec/s: 422 rss: 273Mb L: 526/526 MS: 2 ChangeByte-ChangeByte-
#64760	NEW    cov: 342 ft: 481 corp: 93/47Kb lim: 526 exec/s: 409 rss: 273Mb L: 526/526 MS: 1 PersAutoDict- DE: "\x0e\x02\x00\x00\x00\x00\x00\x00"-
#65536	pulse  cov: 342 ft: 481 corp: 93/47Kb lim: 526 exec/s: 390 rss: 273Mb
#65666	NEW    cov: 342 ft: 484 corp: 94/47Kb lim: 535 exec/s: 386 rss: 273Mb L: 527/527 MS: 1 InsertByte-
	NEW_FUNC[1/6]: 0x555980 in virgl_resource_lookup (/home/fuzzing/Desktop/virglrenderer-master/build/src/virgl_fuzzer+0x555980)
	NEW_FUNC[2/6]: 0x59ffc0 in vrend_renderer_resource_create (/home/fuzzing/Desktop/virglrenderer-master/build/src/virgl_fuzzer+0x59ffc0)
#65667	NEW    cov: 353 ft: 495 corp: 95/48Kb lim: 535 exec/s: 386 rss: 273Mb L: 534/534 MS: 1 PersAutoDict- DE: "\x0e\x02\x00\x00\x00\x00\x00\x00"-
#65679	NEW    cov: 354 ft: 496 corp: 96/48Kb lim: 535 exec/s: 386 rss: 273Mb L: 530/534 MS: 2 CopyPart-InsertRepeatedBytes-
	NEW_FUNC[1/1]: 0x567be0 in vrend_decode_send_string_marker (/home/fuzzing/Desktop/virglrenderer-master/build/src/virgl_fuzzer+0x567be0)
#65704	NEW    cov: 356 ft: 498 corp: 97/49Kb lim: 535 exec/s: 386 rss: 273Mb L: 527/534 MS: 5 ShuffleBytes-PersAutoDict-ChangeBinInt-ChangeBinInt-InsertByte- DE: "\x00\x10"-
#65721	NEW    cov: 356 ft: 502 corp: 98/49Kb lim: 535 exec/s: 384 rss: 273Mb L: 535/535 MS: 2 ChangeBinInt-CrossOver-
#66210	NEW    cov: 357 ft: 503 corp: 99/50Kb lim: 535 exec/s: 374 rss: 273Mb L: 535/535 MS: 4 ChangeBit-EraseBytes-EraseBytes-CrossOver-
#66451	NEW    cov: 358 ft: 504 corp: 100/50Kb lim: 535 exec/s: 369 rss: 273Mb L: 526/535 MS: 1 ChangeBit-
	NEW_FUNC[1/1]: 0x5ca0b0 in vrend_context_emit_string_marker (/home/fuzzing/Desktop/virglrenderer-master/build/src/virgl_fuzzer+0x5ca0b0)
#66683	NEW    cov: 361 ft: 507 corp: 101/51Kb lim: 535 exec/s: 364 rss: 273Mb L: 527/535 MS: 1 InsertByte-
#66877	NEW    cov: 363 ft: 509 corp: 102/51Kb lim: 535 exec/s: 359 rss: 273Mb L: 531/535 MS: 4 ChangeBit-ChangeBinInt-ChangeBinInt-InsertRepeatedBytes-
#66899	NEW    cov: 363 ft: 515 corp: 103/52Kb lim: 535 exec/s: 359 rss: 273Mb L: 527/535 MS: 2 ChangeByte-InsertByte-
#66978	NEW    cov: 364 ft: 516 corp: 104/52Kb lim: 535 exec/s: 358 rss: 273Mb L: 527/535 MS: 4 ChangeByte-PersAutoDict-PersAutoDict-InsertByte- DE: "\x01\x00\x00\x00\x00\x00\x02\x0e"-"\xff\x00"-
	NEW_FUNC[1/1]: 0x575580 in vrend_set_index_buffer (/home/fuzzing/Desktop/virglrenderer-master/build/src/virgl_fuzzer+0x575580)
#67364	NEW    cov: 367 ft: 519 corp: 105/53Kb lim: 535 exec/s: 350 rss: 273Mb L: 526/535 MS: 1 CMP- DE: "\x00\x01"-
#67368	NEW    cov: 368 ft: 520 corp: 106/53Kb lim: 535 exec/s: 350 rss: 273Mb L: 527/535 MS: 4 PersAutoDict-CopyPart-ShuffleBytes-InsertByte- DE: "\x01\x00\x00\x00\x00\x00\x02\x0e"-
#67802	REDUCE cov: 368 ft: 520 corp: 106/53Kb lim: 535 exec/s: 344 rss: 273Mb L: 531/535 MS: 4 ChangeBinInt-ChangeBit-CopyPart-EraseBytes-
#69119	NEW    cov: 369 ft: 521 corp: 107/54Kb lim: 544 exec/s: 326 rss: 273Mb L: 543/543 MS: 2 InsertRepeatedBytes-CMP- DE: "\x00\x00\x00\x00\x00\x00\x02\x1e"-
#69227	NEW    cov: 369 ft: 523 corp: 108/54Kb lim: 544 exec/s: 325 rss: 273Mb L: 537/543 MS: 3 ChangeBinInt-CrossOver-InsertRepeatedBytes-
#69388	NEW    cov: 369 ft: 527 corp: 109/55Kb lim: 544 exec/s: 322 rss: 273Mb L: 539/543 MS: 1 InsertRepeatedBytes-
#69638	REDUCE cov: 369 ft: 527 corp: 109/55Kb lim: 544 exec/s: 320 rss: 273Mb L: 527/539 MS: 5 ChangeByte-InsertByte-ChangeBinInt-ChangeBinInt-EraseBytes-
#69958	REDUCE cov: 369 ft: 527 corp: 109/55Kb lim: 544 exec/s: 317 rss: 273Mb L: 529/539 MS: 5 ChangeBinInt-ChangeByte-EraseBytes-CopyPart-InsertRepeatedBytes-
#70312	REDUCE cov: 369 ft: 535 corp: 110/55Kb lim: 544 exec/s: 315 rss: 273Mb L: 526/539 MS: 4 CrossOver-ChangeByte-EraseBytes-CopyPart-
#71225	NEW    cov: 370 ft: 546 corp: 111/56Kb lim: 553 exec/s: 307 rss: 273Mb L: 553/553 MS: 3 ShuffleBytes-InsertByte-CrossOver-
#71248	NEW    cov: 370 ft: 551 corp: 112/56Kb lim: 553 exec/s: 307 rss: 273Mb L: 553/553 MS: 3 EraseBytes-InsertRepeatedBytes-CrossOver-
#71290	NEW    cov: 370 ft: 556 corp: 113/57Kb lim: 553 exec/s: 305 rss: 273Mb L: 546/553 MS: 2 ChangeBit-CMP- DE: "DebugMessageInsertKH"-
#71330	NEW    cov: 373 ft: 559 corp: 114/58Kb lim: 553 exec/s: 304 rss: 273Mb L: 553/553 MS: 5 ChangeByte-InsertRepeatedBytes-CrossOver-PersAutoDict-CrossOver- DE: "\x18\x01\x00\x00\x00\x00\x00\x00"-
#71337	NEW    cov: 373 ft: 560 corp: 115/58Kb lim: 553 exec/s: 304 rss: 273Mb L: 553/553 MS: 2 CopyPart-CrossOver-
#71368	NEW    cov: 378 ft: 565 corp: 116/59Kb lim: 553 exec/s: 304 rss: 273Mb L: 546/553 MS: 1 InsertRepeatedBytes-
#71381	NEW    cov: 379 ft: 566 corp: 117/59Kb lim: 553 exec/s: 305 rss: 273Mb L: 547/553 MS: 3 ChangeBinInt-ChangeBinInt-InsertByte-
#71434	NEW    cov: 379 ft: 568 corp: 118/60Kb lim: 553 exec/s: 303 rss: 273Mb L: 546/553 MS: 3 InsertRepeatedBytes-ShuffleBytes-CMP- DE: "BlendColor"-
#71479	NEW    cov: 379 ft: 569 corp: 119/60Kb lim: 553 exec/s: 304 rss: 273Mb L: 553/553 MS: 5 ChangeByte-ChangeBinInt-CMP-ChangeBinInt-CrossOver- DE: "\x00\x00\x00\x00\x00\x00\x01\xde"-
#71509	NEW    cov: 380 ft: 570 corp: 120/61Kb lim: 553 exec/s: 303 rss: 273Mb L: 537/553 MS: 5 CopyPart-InsertRepeatedBytes-ChangeByte-CopyPart-InsertRepeatedBytes-
#71523	NEW    cov: 381 ft: 571 corp: 121/61Kb lim: 553 exec/s: 303 rss: 273Mb L: 547/553 MS: 4 ChangeBit-ChangeBinInt-PersAutoDict-CopyPart- DE: "\x0e\x02\x00\x00\x00\x00\x00\x00"-
#71810	NEW    cov: 381 ft: 572 corp: 122/62Kb lim: 553 exec/s: 300 rss: 273Mb L: 545/553 MS: 2 PersAutoDict-InsertRepeatedBytes- DE: "\x00\x00\x00\x00\x00\x00\x02\x00"-
#72001	REDUCE cov: 381 ft: 572 corp: 122/62Kb lim: 553 exec/s: 297 rss: 273Mb L: 522/553 MS: 1 EraseBytes-
#72407	REDUCE cov: 381 ft: 572 corp: 122/62Kb lim: 553 exec/s: 293 rss: 273Mb L: 547/553 MS: 1 EraseBytes-
#72456	REDUCE cov: 381 ft: 572 corp: 122/62Kb lim: 553 exec/s: 292 rss: 273Mb L: 547/553 MS: 4 CMP-CopyPart-ChangeBinInt-EraseBytes- DE: "GenProgramsNV"-
#72754	NEW    cov: 381 ft: 573 corp: 123/62Kb lim: 553 exec/s: 289 rss: 273Mb L: 526/553 MS: 3 ShuffleBytes-ChangeByte-CopyPart-
#72960	NEW    cov: 382 ft: 574 corp: 124/63Kb lim: 553 exec/s: 287 rss: 273Mb L: 553/553 MS: 1 CrossOver-
	NEW_FUNC[1/1]: 0x578220 in vrend_set_single_image_view (/home/fuzzing/Desktop/virglrenderer-master/build/src/virgl_fuzzer+0x578220)
#73705	NEW    cov: 388 ft: 582 corp: 125/63Kb lim: 553 exec/s: 280 rss: 273Mb L: 553/553 MS: 5 CrossOver-PersAutoDict-ChangeBit-ChangeBit-ChangeBinInt- DE: "GL_OES_depth24"-
#74050	REDUCE cov: 388 ft: 582 corp: 125/63Kb lim: 553 exec/s: 276 rss: 273Mb L: 547/553 MS: 5 CrossOver-CrossOver-EraseBytes-ShuffleBytes-InsertRepeatedBytes-
#74197	REDUCE cov: 388 ft: 582 corp: 125/63Kb lim: 553 exec/s: 275 rss: 273Mb L: 518/553 MS: 2 ChangeBit-EraseBytes-
#74358	REDUCE cov: 388 ft: 582 corp: 125/63Kb lim: 553 exec/s: 273 rss: 273Mb L: 545/553 MS: 1 CrossOver-
#75009	NEW    cov: 388 ft: 583 corp: 126/64Kb lim: 553 exec/s: 268 rss: 273Mb L: 553/553 MS: 1 CrossOver-
#75298	NEW    cov: 388 ft: 584 corp: 127/64Kb lim: 553 exec/s: 267 rss: 273Mb L: 538/553 MS: 4 ChangeByte-ChangeByte-ChangeBit-InsertRepeatedBytes-
	NEW_FUNC[1/2]: 0x56ba70 in vrend_object_remove (/home/fuzzing/Desktop/virglrenderer-master/build/src/virgl_fuzzer+0x56ba70)
	NEW_FUNC[2/2]: 0x57a160 in vrend_renderer_object_destroy (/home/fuzzing/Desktop/virglrenderer-master/build/src/virgl_fuzzer+0x57a160)
#76350	NEW    cov: 391 ft: 587 corp: 128/65Kb lim: 562 exec/s: 259 rss: 273Mb L: 558/558 MS: 2 InsertByte-PersAutoDict- DE: "\x01\x00\x00\x05"-
#76616	NEW    cov: 391 ft: 588 corp: 129/66Kb lim: 562 exec/s: 257 rss: 273Mb L: 526/558 MS: 1 ChangeBit-
#77659	REDUCE cov: 391 ft: 588 corp: 129/65Kb lim: 571 exec/s: 250 rss: 273Mb L: 514/558 MS: 3 EraseBytes-CopyPart-PersAutoDict- DE: "\x0e\x02\x00\x00\x00\x00\x00\x00"-
#78035	NEW    cov: 391 ft: 589 corp: 130/66Kb lim: 571 exec/s: 249 rss: 273Mb L: 569/569 MS: 1 CopyPart-
#78116	REDUCE cov: 391 ft: 589 corp: 130/66Kb lim: 571 exec/s: 247 rss: 273Mb L: 549/569 MS: 1 EraseBytes-
#78302	NEW    cov: 392 ft: 590 corp: 131/67Kb lim: 571 exec/s: 247 rss: 273Mb L: 521/569 MS: 1 PersAutoDict- DE: "GL_KHR_blend_equation_adva"-
#78724	NEW    cov: 393 ft: 591 corp: 132/67Kb lim: 571 exec/s: 245 rss: 273Mb L: 526/569 MS: 2 ShuffleBytes-ChangeBinInt-
#79759	NEW    cov: 396 ft: 594 corp: 133/68Kb lim: 580 exec/s: 239 rss: 273Mb L: 554/569 MS: 5 PersAutoDict-PersAutoDict-PersAutoDict-ChangeBit-InsertRepeatedBytes- DE: "GL_KHR_blend_equation_a"-"/0"-"\x01\x00\x00\x05"-
#80623	REDUCE cov: 396 ft: 594 corp: 133/68Kb lim: 580 exec/s: 237 rss: 273Mb L: 519/569 MS: 4 CMP-ShuffleBytes-ChangeBit-EraseBytes- DE: "GL_KHR_blend_equation_a"-
#81417	NEW    cov: 397 ft: 595 corp: 134/68Kb lim: 580 exec/s: 235 rss: 273Mb L: 522/569 MS: 4 ChangeBinInt-ChangeByte-ChangeBit-InsertByte-
#82164	NEW    cov: 398 ft: 596 corp: 135/69Kb lim: 580 exec/s: 232 rss: 273Mb L: 538/569 MS: 2 ChangeBinInt-CMP- DE: "GL_EXT_copy_"-
#83020	NEW    cov: 398 ft: 597 corp: 136/69Kb lim: 580 exec/s: 229 rss: 273Mb L: 526/569 MS: 1 CopyPart-
#83897	NEW    cov: 398 ft: 598 corp: 137/70Kb lim: 580 exec/s: 227 rss: 273Mb L: 538/569 MS: 2 InsertRepeatedBytes-InsertRepeatedBytes-
#85798	REDUCE cov: 398 ft: 598 corp: 137/70Kb lim: 598 exec/s: 221 rss: 273Mb L: 522/569 MS: 1 EraseBytes-
#86129	NEW    cov: 398 ft: 599 corp: 138/70Kb lim: 598 exec/s: 220 rss: 273Mb L: 569/569 MS: 1 ShuffleBytes-
	NEW_FUNC[1/1]: 0x5afde0 in vrend_renderer_copy_transfer3d (/home/fuzzing/Desktop/virglrenderer-master/build/src/virgl_fuzzer+0x5afde0)
#86142	NEW    cov: 401 ft: 603 corp: 139/71Kb lim: 598 exec/s: 219 rss: 273Mb L: 598/598 MS: 3 InsertByte-InsertByte-CrossOver-
#86283	REDUCE cov: 401 ft: 608 corp: 140/71Kb lim: 598 exec/s: 219 rss: 273Mb L: 547/598 MS: 1 ChangeBit-
#86420	NEW    cov: 402 ft: 609 corp: 141/72Kb lim: 598 exec/s: 218 rss: 273Mb L: 530/598 MS: 2 InsertByte-PersAutoDict- DE: "\x0e\x02\x00\x00\x00\x00\x00\x00"-
#86465	NEW    cov: 404 ft: 611 corp: 142/72Kb lim: 598 exec/s: 218 rss: 273Mb L: 526/598 MS: 5 ChangeByte-PersAutoDict-ShuffleBytes-ShuffleBytes-PersAutoDict- DE: "BlendColor"-"/0"-
#86968	NEW    cov: 405 ft: 612 corp: 143/73Kb lim: 598 exec/s: 216 rss: 273Mb L: 598/598 MS: 3 PersAutoDict-ChangeByte-CrossOver- DE: "\x01\x00\x00\x05"-
	NEW_FUNC[1/1]: 0x5b0570 in vrend_set_scissor_state (/home/fuzzing/Desktop/virglrenderer-master/build/src/virgl_fuzzer+0x5b0570)
#87242	NEW    cov: 409 ft: 616 corp: 144/74Kb lim: 598 exec/s: 215 rss: 273Mb L: 598/598 MS: 4 ShuffleBytes-InsertRepeatedBytes-ChangeBit-InsertRepeatedBytes-
#88140	NEW    cov: 409 ft: 617 corp: 145/74Kb lim: 598 exec/s: 212 rss: 273Mb L: 538/598 MS: 3 InsertByte-ShuffleBytes-CopyPart-
#88320	NEW    cov: 410 ft: 618 corp: 146/75Kb lim: 598 exec/s: 212 rss: 273Mb L: 598/598 MS: 5 PersAutoDict-ChangeByte-EraseBytes-CrossOver-PersAutoDict- DE: "GL_KHR_blend_equati"-"\x18\x01\x00\x00\x00\x00\x00\x00"-
#89121	NEW    cov: 410 ft: 632 corp: 147/75Kb lim: 598 exec/s: 209 rss: 273Mb L: 526/598 MS: 1 ChangeByte-
#89420	NEW    cov: 411 ft: 633 corp: 148/76Kb lim: 598 exec/s: 207 rss: 273Mb L: 598/598 MS: 4 ChangeBinInt-ChangeBinInt-ChangeBinInt-ChangeByte-
#89781	NEW    cov: 412 ft: 634 corp: 149/76Kb lim: 598 exec/s: 206 rss: 273Mb L: 569/598 MS: 1 PersAutoDict- DE: "\x00\x10"-
	NEW_FUNC[1/1]: 0x575020 in vrend_set_constants (/home/fuzzing/Desktop/virglrenderer-master/build/src/virgl_fuzzer+0x575020)
#90119	NEW    cov: 415 ft: 637 corp: 150/77Kb lim: 598 exec/s: 205 rss: 273Mb L: 535/598 MS: 3 PersAutoDict-ShuffleBytes-InsertByte- DE: "\x01\x00\x00\x00\x00\x00\x02\x0e"-
#91135	NEW    cov: 415 ft: 640 corp: 151/77Kb lim: 607 exec/s: 202 rss: 273Mb L: 607/607 MS: 1 CrossOver-
#91179	REDUCE cov: 415 ft: 640 corp: 151/77Kb lim: 607 exec/s: 202 rss: 273Mb L: 558/607 MS: 4 ChangeByte-InsertRepeatedBytes-ChangeByte-EraseBytes-
	NEW_FUNC[1/1]: 0x5b6800 in vrend_renderer_blit (/home/fuzzing/Desktop/virglrenderer-master/build/src/virgl_fuzzer+0x5b6800)
#91575	NEW    cov: 418 ft: 645 corp: 152/78Kb lim: 607 exec/s: 201 rss: 273Mb L: 538/607 MS: 1 CopyPart-
#91595	REDUCE cov: 418 ft: 645 corp: 152/78Kb lim: 607 exec/s: 200 rss: 273Mb L: 537/607 MS: 5 ChangeBinInt-EraseBytes-ChangeByte-ChangeASCIIInt-InsertRepeatedBytes-
#91718	NEW    cov: 418 ft: 647 corp: 153/78Kb lim: 607 exec/s: 200 rss: 273Mb L: 549/607 MS: 3 ChangeBit-InsertByte-InsertByte-
#91831	REDUCE cov: 418 ft: 647 corp: 153/78Kb lim: 607 exec/s: 200 rss: 273Mb L: 514/607 MS: 3 InsertByte-ChangeBit-CrossOver-
#92046	REDUCE cov: 418 ft: 647 corp: 153/78Kb lim: 607 exec/s: 199 rss: 273Mb L: 534/607 MS: 5 PersAutoDict-PersAutoDict-EraseBytes-InsertByte-InsertRepeatedBytes- DE: "GL_ARB_texture_multisamp"-"\xff\x01\x00\x00\x00\x00\x00\x00"-
#92371	REDUCE cov: 418 ft: 647 corp: 153/78Kb lim: 607 exec/s: 199 rss: 273Mb L: 545/607 MS: 5 ChangeByte-EraseBytes-InsertByte-ChangeBinInt-CopyPart-
#94128	NEW    cov: 418 ft: 650 corp: 154/79Kb lim: 616 exec/s: 194 rss: 273Mb L: 526/607 MS: 2 ChangeBit-CopyPart-
#94376	NEW    cov: 418 ft: 651 corp: 155/79Kb lim: 616 exec/s: 194 rss: 273Mb L: 526/607 MS: 3 CopyPart-ShuffleBytes-PersAutoDict- DE: "\x00\x00\x00\x00\x00\x00\x02\x1e"-
#94457	NEW    cov: 426 ft: 659 corp: 156/80Kb lim: 616 exec/s: 193 rss: 273Mb L: 550/607 MS: 1 InsertByte-
#95125	REDUCE cov: 426 ft: 659 corp: 156/80Kb lim: 616 exec/s: 192 rss: 273Mb L: 522/607 MS: 3 InsertRepeatedBytes-EraseBytes-CMP- DE: "DepthRangeArrayfvOES"-
#95505	REDUCE cov: 426 ft: 659 corp: 156/80Kb lim: 616 exec/s: 192 rss: 273Mb L: 521/607 MS: 5 CrossOver-EraseBytes-InsertByte-CrossOver-CrossOver-
#96092	REDUCE cov: 426 ft: 659 corp: 156/80Kb lim: 616 exec/s: 191 rss: 273Mb L: 521/607 MS: 2 CMP-EraseBytes- DE: "CreateTransformFeedba"-
#96297	REDUCE cov: 426 ft: 659 corp: 156/80Kb lim: 616 exec/s: 191 rss: 273Mb L: 550/607 MS: 5 EraseBytes-ChangeByte-CMP-InsertRepeatedBytes-InsertRepeatedBytes- DE: "GL_KHR_debug"-
#96633	NEW    cov: 435 ft: 668 corp: 157/80Kb lim: 616 exec/s: 190 rss: 273Mb L: 518/607 MS: 5 ChangeBinInt-InsertByte-ChangeBit-EraseBytes-InsertRepeatedBytes-
#96789	REDUCE cov: 435 ft: 668 corp: 157/80Kb lim: 616 exec/s: 190 rss: 273Mb L: 518/607 MS: 1 CrossOver-
	NEW_FUNC[1/1]: 0x5649a0 in vrend_decode_set_min_samples (/home/fuzzing/Desktop/virglrenderer-master/build/src/virgl_fuzzer+0x5649a0)
#96829	NEW    cov: 437 ft: 670 corp: 158/81Kb lim: 616 exec/s: 190 rss: 273Mb L: 527/607 MS: 3 CMP-CMP-InsertByte- DE: "\x00\x00\x00\x00\x00\x00\x02\x16"-"\xff\xff\xff\xff\xff\xff\xff\x02"-
#98035	REDUCE cov: 437 ft: 670 corp: 158/81Kb lim: 625 exec/s: 188 rss: 273Mb L: 523/607 MS: 3 ChangeBit-EraseBytes-CMP- DE: "GL_ARB_transform_feedbac"-
#98567	NEW    cov: 438 ft: 671 corp: 159/81Kb lim: 625 exec/s: 187 rss: 273Mb L: 615/615 MS: 2 InsertRepeatedBytes-PersAutoDict- DE: "\x00\x00\x00\x00\x00\x00\x01\xde"-
#98868	NEW    cov: 438 ft: 672 corp: 160/82Kb lim: 625 exec/s: 186 rss: 273Mb L: 547/615 MS: 1 ChangeBinInt-
#99644	REDUCE cov: 438 ft: 672 corp: 160/82Kb lim: 625 exec/s: 184 rss: 273Mb L: 549/615 MS: 5 PersAutoDict-EraseBytes-ShuffleBytes-ChangeBit-InsertRepeatedBytes- DE: "\x00\x01"-
#101021	REDUCE cov: 438 ft: 672 corp: 160/82Kb lim: 634 exec/s: 181 rss: 273Mb L: 542/615 MS: 4 CopyPart-InsertByte-InsertByte-EraseBytes-
#101373	NEW    cov: 438 ft: 673 corp: 161/82Kb lim: 634 exec/s: 181 rss: 273Mb L: 634/634 MS: 5 CrossOver-EraseBytes-CrossOver-CopyPart-ChangeByte-
#102158	REDUCE cov: 438 ft: 675 corp: 162/83Kb lim: 634 exec/s: 179 rss: 273Mb L: 558/634 MS: 3 ChangeBinInt-ShuffleBytes-CMP- DE: "\xff\xff\xff\xff\xff\xff\xffH"-
#102654	NEW    cov: 438 ft: 676 corp: 163/83Kb lim: 634 exec/s: 178 rss: 273Mb L: 526/634 MS: 1 ChangeBit-
#103461	NEW    cov: 438 ft: 677 corp: 164/84Kb lim: 634 exec/s: 176 rss: 273Mb L: 549/634 MS: 1 PersAutoDict- DE: "\x18\x01\x00\x00\x00\x00\x00\x00"-
#103645	NEW    cov: 438 ft: 678 corp: 165/85Kb lim: 634 exec/s: 176 rss: 273Mb L: 549/634 MS: 4 ChangeByte-ChangeBit-ShuffleBytes-CopyPart-
#104302	REDUCE cov: 438 ft: 678 corp: 165/85Kb lim: 634 exec/s: 175 rss: 273Mb L: 522/634 MS: 3 CMP-ChangeByte-EraseBytes- DE: "(\x00\x00\x00"-
#104712	NEW    cov: 438 ft: 680 corp: 166/85Kb lim: 634 exec/s: 174 rss: 273Mb L: 634/634 MS: 5 InsertRepeatedBytes-ChangeBit-ChangeBit-CrossOver-CopyPart-
	NEW_FUNC[1/6]: 0x555450 in virgl_resource_create_from_pipe (/home/fuzzing/Desktop/virglrenderer-master/build/src/virgl_fuzzer+0x555450)
	NEW_FUNC[2/6]: 0x55c9d0 in vrend_decode_ctx_attach_resource (/home/fuzzing/Desktop/virglrenderer-master/build/src/virgl_fuzzer+0x55c9d0)
#104774	NEW    cov: 453 ft: 696 corp: 167/86Kb lim: 634 exec/s: 174 rss: 273Mb L: 549/634 MS: 1 ChangeBit-
#104810	NEW    cov: 453 ft: 703 corp: 168/86Kb lim: 634 exec/s: 174 rss: 273Mb L: 618/634 MS: 1 CopyPart-
AddressSanitizer:DEADLYSIGNAL
=================================================================
==169595==ERROR: AddressSanitizer: SEGV on unknown address 0x000000000000 (pc 0x0000005c9b41 bp 0x7ffe4a76f720 sp 0x7ffe4a76f620 T0)
==169595==The signal is caused by a READ memory access.
==169595==Hint: address points to the zero page.
    #0 0x5c9b41 in vrend_renderer_get_meminfo (/home/fuzzing/Desktop/virglrenderer-master/build/src/virgl_fuzzer+0x5c9b41)
    #1 0x567ba1 in vrend_decode_get_memory_info (/home/fuzzing/Desktop/virglrenderer-master/build/src/virgl_fuzzer+0x567ba1)
    #2 0x55ccde in vrend_decode_ctx_submit_cmd (/home/fuzzing/Desktop/virglrenderer-master/build/src/virgl_fuzzer+0x55ccde)
    #3 0x553952 in LLVMFuzzerTestOneInput (/home/fuzzing/Desktop/virglrenderer-master/build/src/virgl_fuzzer+0x553952)
    #4 0x45d861 in fuzzer::Fuzzer::ExecuteCallback(unsigned char const*, unsigned long) (/home/fuzzing/Desktop/virglrenderer-master/build/src/virgl_fuzzer+0x45d861)
    #5 0x45cfa5 in fuzzer::Fuzzer::RunOne(unsigned char const*, unsigned long, bool, fuzzer::InputInfo*, bool*) (/home/fuzzing/Desktop/virglrenderer-master/build/src/virgl_fuzzer+0x45cfa5)
    #6 0x45f247 in fuzzer::Fuzzer::MutateAndTestOne() (/home/fuzzing/Desktop/virglrenderer-master/build/src/virgl_fuzzer+0x45f247)
    #7 0x45ff45 in fuzzer::Fuzzer::Loop(std::__Fuzzer::vector<fuzzer::SizedFile, fuzzer::fuzzer_allocator<fuzzer::SizedFile> >&) (/home/fuzzing/Desktop/virglrenderer-master/build/src/virgl_fuzzer+0x45ff45)
    #8 0x44e8fe in fuzzer::FuzzerDriver(int*, char***, int (*)(unsigned char const*, unsigned long)) (/home/fuzzing/Desktop/virglrenderer-master/build/src/virgl_fuzzer+0x44e8fe)
    #9 0x477742 in main (/home/fuzzing/Desktop/virglrenderer-master/build/src/virgl_fuzzer+0x477742)
    #10 0x7efec2f370b2 in __libc_start_main /build/glibc-eX1tMB/glibc-2.31/csu/../csu/libc-start.c:308:16
    #11 0x42369d in _start (/home/fuzzing/Desktop/virglrenderer-master/build/src/virgl_fuzzer+0x42369d)

AddressSanitizer can not provide additional info.
SUMMARY: AddressSanitizer: SEGV (/home/fuzzing/Desktop/virglrenderer-master/build/src/virgl_fuzzer+0x5c9b41) in vrend_renderer_get_meminfo
==169595==ABORTING
MS: 2 CopyPart-CrossOver-; base unit: cda8e48f7d347aece7c7024cdabe22571e272a02
artifact_prefix='./'; Test unit written to ./crash-7c44cbf1081addb194a33cc8488f06a18d3d13ce
