INFO: Seed: 3148459461
INFO: Loaded 1 modules   (9467 inline 8-bit counters): 9467 [0x74c6a0, 0x74eb9b), 
INFO: Loaded 1 PC tables (9467 PCs): 9467 [0x6a2648,0x6c75f8), 
INFO: -max_len is not provided; libFuzzer will not generate inputs larger than 4096 bytes
INFO: A corpus is not provided, starting from an empty corpus
#2	INITED cov: 2 ft: 2 corp: 1/1b exec/s: 0 rss: 144Mb
	NEW_FUNC[1/36]: 0x554200 in fuzzer_create_gl_context (/home/fuzzing/Desktop/virglrenderer-master/build/src/virgl_fuzzer+0x554200)
	NEW_FUNC[2/36]: 0x554440 in fuzzer_destroy_gl_context (/home/fuzzing/Desktop/virglrenderer-master/build/src/virgl_fuzzer+0x554440)
#51691	NEW    cov: 127 ft: 128 corp: 2/518b lim: 517 exec/s: 0 rss: 196Mb L: 517/517 MS: 3 InsertRepeatedBytes-ShuffleBytes-CrossOver-
	NEW_FUNC[1/5]: 0x563850 in vrend_decode_set_streamout_targets (/home/fuzzing/Desktop/virglrenderer-master/build/src/virgl_fuzzer+0x563850)
	NEW_FUNC[2/5]: 0x5646b0 in vrend_decode_destroy_sub_ctx (/home/fuzzing/Desktop/virglrenderer-master/build/src/virgl_fuzzer+0x5646b0)
#51792	NEW    cov: 137 ft: 138 corp: 3/1035b lim: 517 exec/s: 51792 rss: 270Mb L: 517/517 MS: 1 CrossOver-
	NEW_FUNC[1/5]: 0x561d50 in vrend_decode_set_blend_color (/home/fuzzing/Desktop/virglrenderer-master/build/src/virgl_fuzzer+0x561d50)
	NEW_FUNC[2/5]: 0x566550 in vrend_decode_set_tweaks (/home/fuzzing/Desktop/virglrenderer-master/build/src/virgl_fuzzer+0x566550)
#51856	NEW    cov: 148 ft: 149 corp: 4/1552b lim: 517 exec/s: 25928 rss: 271Mb L: 517/517 MS: 4 ChangeByte-CopyPart-ShuffleBytes-CrossOver-
	NEW_FUNC[1/1]: 0x59b460 in vrend_set_streamout_targets (/home/fuzzing/Desktop/virglrenderer-master/build/src/virgl_fuzzer+0x59b460)
#51897	NEW    cov: 153 ft: 165 corp: 5/2066b lim: 517 exec/s: 25948 rss: 271Mb L: 514/517 MS: 1 EraseBytes-
#51964	NEW    cov: 153 ft: 173 corp: 6/2581b lim: 517 exec/s: 17321 rss: 271Mb L: 515/517 MS: 2 ChangeBinInt-InsertByte-
#51995	NEW    cov: 154 ft: 174 corp: 7/3097b lim: 517 exec/s: 17331 rss: 271Mb L: 516/517 MS: 1 InsertByte-
	NEW_FUNC[1/5]: 0x560940 in vrend_decode_draw_vbo (/home/fuzzing/Desktop/virglrenderer-master/build/src/virgl_fuzzer+0x560940)
	NEW_FUNC[2/5]: 0x5630d0 in vrend_decode_bind_sampler_states (/home/fuzzing/Desktop/virglrenderer-master/build/src/virgl_fuzzer+0x5630d0)
#52013	NEW    cov: 164 ft: 184 corp: 8/3614b lim: 517 exec/s: 17337 rss: 271Mb L: 517/517 MS: 3 CopyPart-ChangeBinInt-CrossOver-
	NEW_FUNC[1/1]: 0x55cf00 in vrend_decode_dummy (/home/fuzzing/Desktop/virglrenderer-master/build/src/virgl_fuzzer+0x55cf00)
#52181	NEW    cov: 165 ft: 187 corp: 9/4131b lim: 517 exec/s: 10436 rss: 271Mb L: 517/517 MS: 3 EraseBytes-CopyPart-CrossOver-
#52279	NEW    cov: 168 ft: 194 corp: 10/4645b lim: 517 exec/s: 8713 rss: 271Mb L: 514/517 MS: 3 CopyPart-CrossOver-CrossOver-
#52340	NEW    cov: 168 ft: 197 corp: 11/5160b lim: 517 exec/s: 7477 rss: 271Mb L: 515/517 MS: 1 InsertByte-
	NEW_FUNC[1/5]: 0x55c640 in vrend_debug_can_override (/home/fuzzing/Desktop/virglrenderer-master/build/src/virgl_fuzzer+0x55c640)
	NEW_FUNC[2/5]: 0x55f6e0 in vrend_decode_destroy_object (/home/fuzzing/Desktop/virglrenderer-master/build/src/virgl_fuzzer+0x55f6e0)
#52437	NEW    cov: 177 ft: 206 corp: 12/5677b lim: 517 exec/s: 6554 rss: 271Mb L: 517/517 MS: 2 CMP-CrossOver- DE: "W\x05"-
#52721	NEW    cov: 177 ft: 207 corp: 13/6191b lim: 517 exec/s: 4792 rss: 271Mb L: 514/517 MS: 4 ChangeBit-ShuffleBytes-ChangeBit-PersAutoDict- DE: "W\x05"-
#53079	NEW    cov: 177 ft: 209 corp: 14/6705b lim: 517 exec/s: 3538 rss: 271Mb L: 514/517 MS: 3 ChangeBinInt-ShuffleBytes-PersAutoDict- DE: "W\x05"-
#53127	NEW    cov: 177 ft: 216 corp: 15/7218b lim: 517 exec/s: 3541 rss: 271Mb L: 513/517 MS: 3 ShuffleBytes-CopyPart-CrossOver-
	NEW_FUNC[1/3]: 0x560560 in vrend_decode_set_vertex_buffers (/home/fuzzing/Desktop/virglrenderer-master/build/src/virgl_fuzzer+0x560560)
	NEW_FUNC[2/3]: 0x564750 in vrend_decode_bind_shader (/home/fuzzing/Desktop/virglrenderer-master/build/src/virgl_fuzzer+0x564750)
#53344	NEW    cov: 183 ft: 222 corp: 16/7735b lim: 517 exec/s: 2963 rss: 271Mb L: 517/517 MS: 2 ChangeBinInt-CrossOver-
	NEW_FUNC[1/2]: 0x562350 in vrend_decode_blit (/home/fuzzing/Desktop/virglrenderer-master/build/src/virgl_fuzzer+0x562350)
	NEW_FUNC[2/2]: 0x564f30 in vrend_decode_memory_barrier (/home/fuzzing/Desktop/virglrenderer-master/build/src/virgl_fuzzer+0x564f30)
#53371	NEW    cov: 187 ft: 226 corp: 17/8252b lim: 517 exec/s: 2965 rss: 271Mb L: 517/517 MS: 2 CopyPart-CrossOver-
	NEW_FUNC[1/1]: 0x564290 in vrend_decode_set_render_condition (/home/fuzzing/Desktop/virglrenderer-master/build/src/virgl_fuzzer+0x564290)
#53521	NEW    cov: 189 ft: 231 corp: 18/8769b lim: 517 exec/s: 2816 rss: 271Mb L: 517/517 MS: 5 ChangeBinInt-CrossOver-CrossOver-CopyPart-CrossOver-
	NEW_FUNC[1/4]: 0x55fad0 in vrend_decode_set_framebuffer_state (/home/fuzzing/Desktop/virglrenderer-master/build/src/virgl_fuzzer+0x55fad0)
	NEW_FUNC[2/4]: 0x5611e0 in vrend_decode_resource_inline_write (/home/fuzzing/Desktop/virglrenderer-master/build/src/virgl_fuzzer+0x5611e0)
#53723	NEW    cov: 196 ft: 238 corp: 19/9286b lim: 517 exec/s: 2441 rss: 271Mb L: 517/517 MS: 2 PersAutoDict-CopyPart- DE: "W\x05"-
#54229	NEW    cov: 196 ft: 240 corp: 20/9801b lim: 517 exec/s: 1936 rss: 271Mb L: 515/517 MS: 1 EraseBytes-
	NEW_FUNC[1/3]: 0x563300 in vrend_decode_get_query_result (/home/fuzzing/Desktop/virglrenderer-master/build/src/virgl_fuzzer+0x563300)
	NEW_FUNC[2/3]: 0x564610 in vrend_decode_create_sub_ctx (/home/fuzzing/Desktop/virglrenderer-master/build/src/virgl_fuzzer+0x564610)
#54383	NEW    cov: 202 ft: 246 corp: 21/10318b lim: 517 exec/s: 1812 rss: 271Mb L: 517/517 MS: 4 CopyPart-CopyPart-ChangeByte-CrossOver-
	NEW_FUNC[1/1]: 0x565860 in vrend_decode_get_query_result_qbo (/home/fuzzing/Desktop/virglrenderer-master/build/src/virgl_fuzzer+0x565860)
#55110	NEW    cov: 204 ft: 248 corp: 22/10832b lim: 517 exec/s: 1450 rss: 271Mb L: 514/517 MS: 2 InsertByte-ChangeByte-
#55170	REDUCE cov: 204 ft: 248 corp: 22/10830b lim: 517 exec/s: 1451 rss: 271Mb L: 515/517 MS: 5 EraseBytes-InsertRepeatedBytes-PersAutoDict-ShuffleBytes-CopyPart- DE: "W\x05"-
	NEW_FUNC[1/1]: 0x5631c0 in vrend_decode_begin_query (/home/fuzzing/Desktop/virglrenderer-master/build/src/virgl_fuzzer+0x5631c0)
#55631	NEW    cov: 206 ft: 250 corp: 23/11347b lim: 517 exec/s: 1264 rss: 271Mb L: 517/517 MS: 1 CrossOver-
	NEW_FUNC[1/3]: 0x55f5a0 in vrend_decode_bind_object (/home/fuzzing/Desktop/virglrenderer-master/build/src/virgl_fuzzer+0x55f5a0)
	NEW_FUNC[2/3]: 0x563260 in vrend_decode_end_query (/home/fuzzing/Desktop/virglrenderer-master/build/src/virgl_fuzzer+0x563260)
#56175	NEW    cov: 212 ft: 256 corp: 24/11864b lim: 517 exec/s: 1101 rss: 271Mb L: 517/517 MS: 4 ChangeByte-ChangeByte-PersAutoDict-PersAutoDict- DE: "W\x05"-"W\x05"-
#57081	NEW    cov: 213 ft: 260 corp: 25/12390b lim: 526 exec/s: 935 rss: 271Mb L: 526/526 MS: 1 CopyPart-
	NEW_FUNC[1/2]: 0x561b70 in vrend_decode_set_stencil_ref (/home/fuzzing/Desktop/virglrenderer-master/build/src/virgl_fuzzer+0x561b70)
	NEW_FUNC[2/2]: 0x563570 in vrend_decode_set_clip_state (/home/fuzzing/Desktop/virglrenderer-master/build/src/virgl_fuzzer+0x563570)
#57087	NEW    cov: 217 ft: 276 corp: 26/12915b lim: 526 exec/s: 935 rss: 271Mb L: 525/526 MS: 1 InsertRepeatedBytes-
#57105	NEW    cov: 217 ft: 279 corp: 27/13438b lim: 526 exec/s: 936 rss: 271Mb L: 523/526 MS: 3 ChangeBit-InsertRepeatedBytes-CopyPart-
#57114	NEW    cov: 217 ft: 280 corp: 28/13964b lim: 526 exec/s: 936 rss: 271Mb L: 526/526 MS: 4 CopyPart-ShuffleBytes-EraseBytes-CrossOver-
	NEW_FUNC[1/2]: 0x56baa0 in vrend_object_lookup (/home/fuzzing/Desktop/virglrenderer-master/build/src/virgl_fuzzer+0x56baa0)
	NEW_FUNC[2/2]: 0x5bdb90 in vrend_begin_query (/home/fuzzing/Desktop/virglrenderer-master/build/src/virgl_fuzzer+0x5bdb90)
#57119	NEW    cov: 224 ft: 288 corp: 29/14490b lim: 526 exec/s: 936 rss: 271Mb L: 526/526 MS: 5 EraseBytes-CrossOver-ShuffleBytes-CopyPart-PersAutoDict- DE: "W\x05"-
	NEW_FUNC[1/4]: 0x55f780 in vrend_decode_set_viewport_state (/home/fuzzing/Desktop/virglrenderer-master/build/src/virgl_fuzzer+0x55f780)
	NEW_FUNC[2/4]: 0x5637b0 in vrend_decode_set_sample_mask (/home/fuzzing/Desktop/virglrenderer-master/build/src/virgl_fuzzer+0x5637b0)
#57123	NEW    cov: 245 ft: 312 corp: 30/15016b lim: 526 exec/s: 936 rss: 271Mb L: 526/526 MS: 4 InsertRepeatedBytes-ChangeBinInt-ChangeBinInt-PersAutoDict- DE: "W\x05"-
	NEW_FUNC[1/2]: 0x5654d0 in vrend_decode_texture_barrier (/home/fuzzing/Desktop/virglrenderer-master/build/src/virgl_fuzzer+0x5654d0)
	NEW_FUNC[2/2]: 0x566d90 in vrend_decode_pipe_resource_set_type (/home/fuzzing/Desktop/virglrenderer-master/build/src/virgl_fuzzer+0x566d90)
#57131	NEW    cov: 250 ft: 317 corp: 31/15541b lim: 526 exec/s: 936 rss: 271Mb L: 525/526 MS: 3 PersAutoDict-ShuffleBytes-InsertRepeatedBytes- DE: "W\x05"-
#57151	NEW    cov: 251 ft: 319 corp: 32/16067b lim: 526 exec/s: 921 rss: 271Mb L: 526/526 MS: 5 ShuffleBytes-CopyPart-ChangeByte-ShuffleBytes-CopyPart-
	NEW_FUNC[1/1]: 0x564a40 in vrend_decode_set_shader_buffers (/home/fuzzing/Desktop/virglrenderer-master/build/src/virgl_fuzzer+0x564a40)
#57164	NEW    cov: 253 ft: 321 corp: 33/16Kb lim: 526 exec/s: 922 rss: 271Mb L: 525/526 MS: 3 InsertRepeatedBytes-CMP-InsertRepeatedBytes- DE: "GL_ARB_texture_"-
	NEW_FUNC[1/1]: 0x59fda0 in vrend_renderer_set_sub_ctx (/home/fuzzing/Desktop/virglrenderer-master/build/src/virgl_fuzzer+0x59fda0)
#57174	NEW    cov: 257 ft: 325 corp: 34/16Kb lim: 526 exec/s: 922 rss: 271Mb L: 526/526 MS: 5 ShuffleBytes-ShuffleBytes-ChangeByte-ShuffleBytes-PersAutoDict- DE: "W\x05"-
	NEW_FUNC[1/1]: 0x565a00 in vrend_decode_transfer3d (/home/fuzzing/Desktop/virglrenderer-master/build/src/virgl_fuzzer+0x565a00)
#57184	NEW    cov: 259 ft: 327 corp: 35/17Kb lim: 526 exec/s: 922 rss: 271Mb L: 519/526 MS: 5 ChangeBit-ShuffleBytes-ChangeByte-ChangeBinInt-PersAutoDict- DE: "W\x05"-
#57193	NEW    cov: 263 ft: 331 corp: 36/17Kb lim: 526 exec/s: 922 rss: 271Mb L: 526/526 MS: 4 ShuffleBytes-InsertRepeatedBytes-InsertByte-CopyPart-
#57207	NEW    cov: 264 ft: 332 corp: 37/18Kb lim: 526 exec/s: 922 rss: 271Mb L: 521/526 MS: 4 ShuffleBytes-ChangeBit-ChangeBit-CopyPart-
	NEW_FUNC[1/1]: 0x5c9a40 in vrend_renderer_get_meminfo (/home/fuzzing/Desktop/virglrenderer-master/build/src/virgl_fuzzer+0x5c9a40)
#57215	NEW    cov: 267 ft: 335 corp: 38/18Kb lim: 526 exec/s: 922 rss: 271Mb L: 526/526 MS: 3 EraseBytes-CMP-CrossOver- DE: "GL_ARB_texture_mu"-
#57242	NEW    cov: 268 ft: 336 corp: 39/19Kb lim: 526 exec/s: 908 rss: 271Mb L: 526/526 MS: 2 CrossOver-CopyPart-
#57309	REDUCE cov: 268 ft: 336 corp: 39/19Kb lim: 526 exec/s: 895 rss: 271Mb L: 514/526 MS: 2 CrossOver-InsertRepeatedBytes-
#57401	NEW    cov: 270 ft: 338 corp: 40/19Kb lim: 526 exec/s: 883 rss: 271Mb L: 526/526 MS: 2 CopyPart-ChangeBinInt-
	NEW_FUNC[1/1]: 0x5bdf90 in vrend_end_query (/home/fuzzing/Desktop/virglrenderer-master/build/src/virgl_fuzzer+0x5bdf90)
#57435	NEW    cov: 282 ft: 352 corp: 41/20Kb lim: 526 exec/s: 883 rss: 271Mb L: 526/526 MS: 3 ChangeBinInt-PersAutoDict-InsertByte- DE: "GL_ARB_texture_mu"-
#57439	NEW    cov: 283 ft: 353 corp: 42/20Kb lim: 526 exec/s: 883 rss: 271Mb L: 526/526 MS: 4 ChangeBit-ChangeBinInt-ChangeByte-InsertRepeatedBytes-
#57446	NEW    cov: 284 ft: 354 corp: 43/21Kb lim: 526 exec/s: 883 rss: 271Mb L: 523/526 MS: 2 CopyPart-InsertByte-
	NEW_FUNC[1/1]: 0x564810 in vrend_decode_set_tess_state (/home/fuzzing/Desktop/virglrenderer-master/build/src/virgl_fuzzer+0x564810)
#57469	NEW    cov: 287 ft: 357 corp: 44/21Kb lim: 526 exec/s: 870 rss: 271Mb L: 523/526 MS: 3 ChangeByte-ChangeByte-CopyPart-
	NEW_FUNC[1/1]: 0x5619a0 in vrend_decode_set_index_buffer (/home/fuzzing/Desktop/virglrenderer-master/build/src/virgl_fuzzer+0x5619a0)
#57483	NEW    cov: 289 ft: 359 corp: 45/22Kb lim: 526 exec/s: 870 rss: 271Mb L: 519/526 MS: 4 ShuffleBytes-ChangeByte-InsertByte-InsertByte-
	NEW_FUNC[1/1]: 0x561ec0 in vrend_decode_set_scissor_state (/home/fuzzing/Desktop/virglrenderer-master/build/src/virgl_fuzzer+0x561ec0)
#57511	NEW    cov: 291 ft: 361 corp: 46/22Kb lim: 526 exec/s: 871 rss: 271Mb L: 523/526 MS: 3 ChangeBit-CopyPart-InsertByte-
#57701	NEW    cov: 292 ft: 362 corp: 47/23Kb lim: 526 exec/s: 836 rss: 271Mb L: 525/526 MS: 1 PersAutoDict- DE: "W\x05"-
#57737	NEW    cov: 293 ft: 363 corp: 48/23Kb lim: 526 exec/s: 824 rss: 271Mb L: 523/526 MS: 4 InsertRepeatedBytes-CopyPart-PersAutoDict-InsertByte- DE: "W\x05"-
#57803	NEW    cov: 293 ft: 365 corp: 49/24Kb lim: 526 exec/s: 802 rss: 271Mb L: 525/526 MS: 4 ChangeBinInt-ChangeByte-InsertRepeatedBytes-InsertByte-
	NEW_FUNC[1/2]: 0x575b30 in vrend_set_single_vbo (/home/fuzzing/Desktop/virglrenderer-master/build/src/virgl_fuzzer+0x575b30)
	NEW_FUNC[2/2]: 0x576100 in vrend_set_num_vbo (/home/fuzzing/Desktop/virglrenderer-master/build/src/virgl_fuzzer+0x576100)
#57823	NEW    cov: 304 ft: 378 corp: 50/24Kb lim: 526 exec/s: 803 rss: 271Mb L: 526/526 MS: 3 ShuffleBytes-ChangeBinInt-InsertByte-
#57945	NEW    cov: 304 ft: 380 corp: 51/25Kb lim: 526 exec/s: 783 rss: 271Mb L: 526/526 MS: 4 CMP-CMP-InsertRepeatedBytes-CrossOver- DE: "\x12,\x00\x00"-"3\x00\x00\x00"-
	NEW_FUNC[1/1]: 0x5c7290 in vrend_renderer_destroy_sub_ctx (/home/fuzzing/Desktop/virglrenderer-master/build/src/virgl_fuzzer+0x5c7290)
#58035	NEW    cov: 308 ft: 384 corp: 52/25Kb lim: 526 exec/s: 773 rss: 271Mb L: 526/526 MS: 5 CMP-CrossOver-PersAutoDict-CopyPart-CopyPart- DE: "\xcc,\x00\x00"-"\x12,\x00\x00"-
	NEW_FUNC[1/1]: 0x5bfee0 in vrend_render_condition (/home/fuzzing/Desktop/virglrenderer-master/build/src/virgl_fuzzer+0x5bfee0)
#58118	NEW    cov: 311 ft: 387 corp: 53/26Kb lim: 526 exec/s: 764 rss: 271Mb L: 526/526 MS: 3 PersAutoDict-PersAutoDict-CopyPart- DE: "\x12,\x00\x00"-"W\x05"-
#58297	NEW    cov: 311 ft: 389 corp: 54/26Kb lim: 526 exec/s: 747 rss: 271Mb L: 526/526 MS: 4 CopyPart-ChangeBinInt-ChangeBit-CopyPart-
#58346	NEW    cov: 311 ft: 396 corp: 55/27Kb lim: 526 exec/s: 738 rss: 271Mb L: 526/526 MS: 4 ChangeBit-InsertByte-InsertByte-CrossOver-
#58625	NEW    cov: 311 ft: 397 corp: 56/27Kb lim: 526 exec/s: 706 rss: 271Mb L: 526/526 MS: 4 CopyPart-ChangeByte-PersAutoDict-CrossOver- DE: "\x12,\x00\x00"-
#58645	REDUCE cov: 311 ft: 398 corp: 57/28Kb lim: 526 exec/s: 706 rss: 271Mb L: 526/526 MS: 5 CopyPart-CrossOver-ChangeByte-PersAutoDict-CrossOver- DE: "\xcc,\x00\x00"-
#58759	NEW    cov: 312 ft: 399 corp: 58/29Kb lim: 526 exec/s: 691 rss: 271Mb L: 526/526 MS: 1 CrossOver-
#58805	NEW    cov: 313 ft: 400 corp: 59/29Kb lim: 526 exec/s: 691 rss: 271Mb L: 526/526 MS: 1 CopyPart-
#58826	NEW    cov: 313 ft: 402 corp: 60/30Kb lim: 526 exec/s: 692 rss: 271Mb L: 526/526 MS: 1 PersAutoDict- DE: "\x12,\x00\x00"-
#58902	REDUCE cov: 313 ft: 402 corp: 60/30Kb lim: 526 exec/s: 684 rss: 271Mb L: 522/526 MS: 1 EraseBytes-
#59369	NEW    cov: 313 ft: 404 corp: 61/30Kb lim: 526 exec/s: 645 rss: 271Mb L: 526/526 MS: 1 PersAutoDict- DE: "3\x00\x00\x00"-
#59452	REDUCE cov: 314 ft: 405 corp: 62/31Kb lim: 526 exec/s: 639 rss: 271Mb L: 526/526 MS: 4 CopyPart-ChangeByte-EraseBytes-CrossOver-
#59504	NEW    cov: 315 ft: 409 corp: 63/31Kb lim: 526 exec/s: 633 rss: 271Mb L: 526/526 MS: 2 CopyPart-CMP- DE: "GL_OES_vertex_half_float"-
	NEW_FUNC[1/2]: 0x56ba70 in vrend_object_remove (/home/fuzzing/Desktop/virglrenderer-master/build/src/virgl_fuzzer+0x56ba70)
	NEW_FUNC[2/2]: 0x57a160 in vrend_renderer_object_destroy (/home/fuzzing/Desktop/virglrenderer-master/build/src/virgl_fuzzer+0x57a160)
#59595	NEW    cov: 318 ft: 412 corp: 64/32Kb lim: 526 exec/s: 627 rss: 271Mb L: 526/526 MS: 1 CopyPart-
#59872	NEW    cov: 318 ft: 413 corp: 65/32Kb lim: 526 exec/s: 610 rss: 271Mb L: 526/526 MS: 2 ShuffleBytes-PersAutoDict- DE: "\x12,\x00\x00"-
#59936	NEW    cov: 318 ft: 414 corp: 66/33Kb lim: 526 exec/s: 605 rss: 271Mb L: 526/526 MS: 4 InsertByte-CrossOver-CopyPart-CrossOver-
#60237	REDUCE cov: 318 ft: 414 corp: 66/33Kb lim: 526 exec/s: 590 rss: 271Mb L: 518/526 MS: 1 CrossOver-
#60247	NEW    cov: 318 ft: 415 corp: 67/33Kb lim: 526 exec/s: 584 rss: 271Mb L: 526/526 MS: 5 InsertByte-CopyPart-CrossOver-ChangeByte-PersAutoDict- DE: "GL_ARB_texture_mu"-
#60392	NEW    cov: 320 ft: 418 corp: 68/34Kb lim: 526 exec/s: 575 rss: 271Mb L: 526/526 MS: 5 CMP-ChangeBinInt-ShuffleBytes-ChangeByte-PersAutoDict- DE: "\x02\x00\x00\x00\x00\x00\x00\x00"-"\x12,\x00\x00"-
	NEW_FUNC[1/1]: 0x578ed0 in vrend_texture_barrier (/home/fuzzing/Desktop/virglrenderer-master/build/src/virgl_fuzzer+0x578ed0)
#60420	NEW    cov: 324 ft: 422 corp: 69/34Kb lim: 526 exec/s: 575 rss: 271Mb L: 526/526 MS: 2 CopyPart-CopyPart-
#60640	NEW    cov: 324 ft: 424 corp: 70/35Kb lim: 526 exec/s: 561 rss: 271Mb L: 526/526 MS: 5 CrossOver-CrossOver-ChangeByte-InsertByte-PersAutoDict- DE: "\x12,\x00\x00"-
#60647	NEW    cov: 325 ft: 425 corp: 71/35Kb lim: 526 exec/s: 561 rss: 271Mb L: 526/526 MS: 2 ChangeBit-CopyPart-
#60696	NEW    cov: 326 ft: 426 corp: 72/36Kb lim: 526 exec/s: 556 rss: 271Mb L: 526/526 MS: 4 CopyPart-ChangeBit-ShuffleBytes-CrossOver-
#60973	NEW    cov: 326 ft: 428 corp: 73/36Kb lim: 526 exec/s: 539 rss: 271Mb L: 526/526 MS: 3 ChangeBit-EraseBytes-CrossOver-
#60986	NEW    cov: 326 ft: 429 corp: 74/37Kb lim: 526 exec/s: 534 rss: 271Mb L: 526/526 MS: 1 CrossOver-
	NEW_FUNC[1/1]: 0x5b01a0 in vrend_set_stencil_ref (/home/fuzzing/Desktop/virglrenderer-master/build/src/virgl_fuzzer+0x5b01a0)
#61210	NEW    cov: 329 ft: 432 corp: 75/37Kb lim: 526 exec/s: 523 rss: 271Mb L: 526/526 MS: 1 CopyPart-
	NEW_FUNC[1/1]: 0x5ca0b0 in vrend_context_emit_string_marker (/home/fuzzing/Desktop/virglrenderer-master/build/src/virgl_fuzzer+0x5ca0b0)
#61527	NEW    cov: 332 ft: 435 corp: 76/38Kb lim: 526 exec/s: 508 rss: 271Mb L: 521/526 MS: 1 PersAutoDict- DE: "\x02\x00\x00\x00\x00\x00\x00\x00"-
	NEW_FUNC[1/1]: 0x573540 in vrend_set_viewport_states (/home/fuzzing/Desktop/virglrenderer-master/build/src/virgl_fuzzer+0x573540)
#61787	NEW    cov: 335 ft: 438 corp: 77/38Kb lim: 526 exec/s: 494 rss: 271Mb L: 526/526 MS: 2 CopyPart-PersAutoDict- DE: "\x02\x00\x00\x00\x00\x00\x00\x00"-
	NEW_FUNC[1/1]: 0x594e80 in vrend_bind_sampler_states (/home/fuzzing/Desktop/virglrenderer-master/build/src/virgl_fuzzer+0x594e80)
#61814	NEW    cov: 338 ft: 441 corp: 78/39Kb lim: 526 exec/s: 494 rss: 271Mb L: 525/526 MS: 2 ChangeBinInt-PersAutoDict- DE: "\x02\x00\x00\x00\x00\x00\x00\x00"-
	NEW_FUNC[1/1]: 0x578220 in vrend_set_single_image_view (/home/fuzzing/Desktop/virglrenderer-master/build/src/virgl_fuzzer+0x578220)
#61906	NEW    cov: 343 ft: 446 corp: 79/39Kb lim: 526 exec/s: 491 rss: 271Mb L: 523/526 MS: 1 CopyPart-
#62081	NEW    cov: 343 ft: 448 corp: 80/40Kb lim: 526 exec/s: 485 rss: 271Mb L: 526/526 MS: 5 ShuffleBytes-ChangeByte-CopyPart-CrossOver-PersAutoDict- DE: "\xcc,\x00\x00"-
#62129	NEW    cov: 343 ft: 452 corp: 81/40Kb lim: 526 exec/s: 481 rss: 271Mb L: 526/526 MS: 2 ChangeBinInt-PersAutoDict- DE: "3\x00\x00\x00"-
#62266	NEW    cov: 344 ft: 453 corp: 82/41Kb lim: 526 exec/s: 478 rss: 271Mb L: 526/526 MS: 1 ChangeBinInt-
#62368	REDUCE cov: 344 ft: 453 corp: 82/41Kb lim: 526 exec/s: 472 rss: 271Mb L: 518/526 MS: 2 EraseBytes-InsertByte-
#62606	NEW    cov: 345 ft: 454 corp: 83/41Kb lim: 526 exec/s: 463 rss: 271Mb L: 526/526 MS: 2 ShuffleBytes-CrossOver-
#62628	NEW    cov: 345 ft: 455 corp: 84/42Kb lim: 526 exec/s: 463 rss: 271Mb L: 526/526 MS: 2 CopyPart-PersAutoDict- DE: "GL_OES_vertex_half_float"-
#62800	NEW    cov: 345 ft: 457 corp: 85/42Kb lim: 526 exec/s: 455 rss: 271Mb L: 526/526 MS: 1 CrossOver-
#62918	NEW    cov: 345 ft: 459 corp: 86/43Kb lim: 526 exec/s: 449 rss: 271Mb L: 526/526 MS: 3 ChangeByte-CrossOver-CopyPart-
#63015	NEW    cov: 345 ft: 460 corp: 87/43Kb lim: 526 exec/s: 446 rss: 271Mb L: 526/526 MS: 2 ChangeBit-CrossOver-
#63022	NEW    cov: 346 ft: 461 corp: 88/44Kb lim: 526 exec/s: 446 rss: 271Mb L: 523/526 MS: 2 ChangeByte-CMP- DE: "2\x00"-
#63026	NEW    cov: 346 ft: 462 corp: 89/44Kb lim: 526 exec/s: 443 rss: 271Mb L: 526/526 MS: 2 CopyPart-CMP- DE: "CoverFillPathNV"-
#63071	REDUCE cov: 346 ft: 462 corp: 89/44Kb lim: 526 exec/s: 444 rss: 271Mb L: 518/526 MS: 5 CMP-ChangeBinInt-EraseBytes-CopyPart-InsertRepeatedBytes- DE: "GL_EXT_robus"-
#63229	NEW    cov: 347 ft: 466 corp: 90/45Kb lim: 526 exec/s: 439 rss: 271Mb L: 526/526 MS: 1 ChangeBinInt-
#63263	NEW    cov: 347 ft: 467 corp: 91/45Kb lim: 526 exec/s: 436 rss: 271Mb L: 526/526 MS: 4 ChangeByte-ShuffleBytes-CrossOver-CopyPart-
#63379	NEW    cov: 347 ft: 468 corp: 92/46Kb lim: 526 exec/s: 431 rss: 271Mb L: 526/526 MS: 1 PersAutoDict- DE: "CoverFillPathNV"-
#63415	NEW    cov: 348 ft: 469 corp: 93/46Kb lim: 526 exec/s: 428 rss: 271Mb L: 526/526 MS: 1 CMP- DE: "DebugMessageInsertKHR"-
#63605	NEW    cov: 349 ft: 470 corp: 94/47Kb lim: 526 exec/s: 418 rss: 271Mb L: 526/526 MS: 1 PersAutoDict- DE: "GL_ARB_texture_mu"-
#64497	NEW    cov: 350 ft: 471 corp: 95/47Kb lim: 526 exec/s: 388 rss: 271Mb L: 526/526 MS: 4 ChangeBit-ChangeBit-ChangeBinInt-CrossOver-
#64732	NEW    cov: 350 ft: 475 corp: 96/48Kb lim: 526 exec/s: 380 rss: 271Mb L: 526/526 MS: 2 ChangeByte-CopyPart-
#65056	REDUCE cov: 351 ft: 476 corp: 97/48Kb lim: 526 exec/s: 371 rss: 271Mb L: 523/526 MS: 2 PersAutoDict-InsertByte- DE: "\x02\x00\x00\x00\x00\x00\x00\x00"-
#65275	NEW    cov: 351 ft: 477 corp: 98/49Kb lim: 526 exec/s: 366 rss: 271Mb L: 526/526 MS: 2 ChangeByte-CopyPart-
#65536	pulse  cov: 351 ft: 477 corp: 98/49Kb lim: 526 exec/s: 360 rss: 271Mb
	NEW_FUNC[1/1]: 0x55cf10 in vrend_decode_create_object (/home/fuzzing/Desktop/virglrenderer-master/build/src/virgl_fuzzer+0x55cf10)
#65584	NEW    cov: 353 ft: 479 corp: 99/50Kb lim: 526 exec/s: 358 rss: 271Mb L: 526/526 MS: 3 CrossOver-ChangeBinInt-CrossOver-
#66126	NEW    cov: 358 ft: 526 corp: 100/50Kb lim: 526 exec/s: 346 rss: 271Mb L: 526/526 MS: 3 CrossOver-CopyPart-ChangeBinInt-
#66175	NEW    cov: 359 ft: 527 corp: 101/51Kb lim: 526 exec/s: 346 rss: 271Mb L: 526/526 MS: 4 ChangeByte-ChangeBinInt-CopyPart-CopyPart-
#66588	NEW    cov: 359 ft: 534 corp: 102/51Kb lim: 526 exec/s: 336 rss: 273Mb L: 526/526 MS: 1 ChangeBit-
	NEW_FUNC[1/1]: 0x566620 in vrend_decode_clear_texture (/home/fuzzing/Desktop/virglrenderer-master/build/src/virgl_fuzzer+0x566620)
#66965	NEW    cov: 361 ft: 536 corp: 103/52Kb lim: 526 exec/s: 328 rss: 273Mb L: 526/526 MS: 1 CrossOver-
#67156	NEW    cov: 361 ft: 537 corp: 104/52Kb lim: 526 exec/s: 324 rss: 273Mb L: 526/526 MS: 1 CopyPart-
#67850	NEW    cov: 361 ft: 538 corp: 105/53Kb lim: 526 exec/s: 315 rss: 273Mb L: 526/526 MS: 3 ChangeBit-ShuffleBytes-ChangeBit-
#68006	NEW    cov: 361 ft: 540 corp: 106/53Kb lim: 526 exec/s: 311 rss: 273Mb L: 526/526 MS: 5 CrossOver-ChangeByte-CopyPart-CopyPart-CopyPart-
#68494	NEW    cov: 361 ft: 541 corp: 107/54Kb lim: 526 exec/s: 305 rss: 273Mb L: 526/526 MS: 3 CrossOver-ChangeBinInt-ChangeBinInt-
#68819	NEW    cov: 362 ft: 549 corp: 108/54Kb lim: 526 exec/s: 300 rss: 273Mb L: 526/526 MS: 5 ChangeByte-CopyPart-CrossOver-ChangeBit-CopyPart-
#69456	REDUCE cov: 362 ft: 549 corp: 108/54Kb lim: 526 exec/s: 289 rss: 273Mb L: 522/526 MS: 4 ShuffleBytes-EraseBytes-EraseBytes-CopyPart-
#69661	NEW    cov: 363 ft: 550 corp: 109/55Kb lim: 526 exec/s: 284 rss: 273Mb L: 526/526 MS: 1 CMP- DE: "\x00\x00\x00\x00\x00\x00\x00\xd2"-
#69737	NEW    cov: 363 ft: 551 corp: 110/55Kb lim: 526 exec/s: 283 rss: 273Mb L: 526/526 MS: 5 PersAutoDict-CrossOver-InsertByte-ChangeBit-CrossOver- DE: "GL_OES_vertex_half_float"-
#70426	REDUCE cov: 363 ft: 551 corp: 110/55Kb lim: 526 exec/s: 275 rss: 273Mb L: 513/526 MS: 1 EraseBytes-
#70559	REDUCE cov: 363 ft: 551 corp: 110/55Kb lim: 526 exec/s: 273 rss: 273Mb L: 518/526 MS: 5 EraseBytes-CopyPart-ChangeByte-InsertByte-CMP- DE: "GL_EXT_read_"-
#70855	REDUCE cov: 363 ft: 551 corp: 110/55Kb lim: 526 exec/s: 270 rss: 273Mb L: 522/526 MS: 3 ChangeBit-EraseBytes-InsertRepeatedBytes-
	NEW_FUNC[1/1]: 0x5b2840 in vrend_set_min_samples (/home/fuzzing/Desktop/virglrenderer-master/build/src/virgl_fuzzer+0x5b2840)
#71469	NEW    cov: 367 ft: 555 corp: 111/56Kb lim: 526 exec/s: 262 rss: 273Mb L: 526/526 MS: 4 ChangeBit-PersAutoDict-ChangeByte-CrossOver- DE: "\xcc,\x00\x00"-
#72173	REDUCE cov: 367 ft: 555 corp: 111/56Kb lim: 526 exec/s: 255 rss: 273Mb L: 513/526 MS: 2 InsertRepeatedBytes-EraseBytes-
#72505	REDUCE cov: 369 ft: 557 corp: 112/56Kb lim: 526 exec/s: 253 rss: 273Mb L: 519/526 MS: 5 CMP-ChangeBit-CMP-PersAutoDict-InsertByte- DE: "U\x02\x00\x00\x00\x00\x00\x00"-"\xfe\xff\xff?"-"\x00\x00\x00\x00\x00\x00\x00\xd2"-
	NEW_FUNC[1/1]: 0x5b6800 in vrend_renderer_blit (/home/fuzzing/Desktop/virglrenderer-master/build/src/virgl_fuzzer+0x5b6800)
#72617	NEW    cov: 372 ft: 561 corp: 113/57Kb lim: 526 exec/s: 252 rss: 273Mb L: 526/526 MS: 2 ShuffleBytes-PersAutoDict- DE: "GL_EXT_read_"-
	NEW_FUNC[1/6]: 0x555980 in virgl_resource_lookup (/home/fuzzing/Desktop/virglrenderer-master/build/src/virgl_fuzzer+0x555980)
	NEW_FUNC[2/6]: 0x59ffc0 in vrend_renderer_resource_create (/home/fuzzing/Desktop/virglrenderer-master/build/src/virgl_fuzzer+0x59ffc0)
#73523	NEW    cov: 383 ft: 572 corp: 114/57Kb lim: 535 exec/s: 245 rss: 273Mb L: 535/535 MS: 4 ChangeByte-ChangeBinInt-CMP-CrossOver- DE: "\x8c\x00\x00\x00\x00\x00\x00\x00"-
#73534	NEW    cov: 383 ft: 577 corp: 115/58Kb lim: 535 exec/s: 245 rss: 273Mb L: 527/535 MS: 1 InsertByte-
#73613	NEW    cov: 384 ft: 578 corp: 116/58Kb lim: 535 exec/s: 245 rss: 273Mb L: 531/535 MS: 4 ChangeBinInt-ChangeBinInt-ChangeBit-CopyPart-
#73693	NEW    cov: 385 ft: 579 corp: 117/59Kb lim: 535 exec/s: 244 rss: 273Mb L: 534/535 MS: 2 InsertRepeatedBytes-CMP- DE: "\x01\x00\x00\x00\x00\x00\x00\x95"-
#74223	NEW    cov: 385 ft: 580 corp: 118/59Kb lim: 535 exec/s: 241 rss: 273Mb L: 526/535 MS: 1 ChangeBinInt-
#74829	REDUCE cov: 385 ft: 580 corp: 118/59Kb lim: 535 exec/s: 236 rss: 274Mb L: 518/535 MS: 4 EraseBytes-ShuffleBytes-PersAutoDict-InsertRepeatedBytes- DE: "GL_ARB_texture_mu"-
	NEW_FUNC[1/1]: 0x575020 in vrend_set_constants (/home/fuzzing/Desktop/virglrenderer-master/build/src/virgl_fuzzer+0x575020)
#74884	NEW    cov: 388 ft: 583 corp: 119/60Kb lim: 535 exec/s: 236 rss: 274Mb L: 527/535 MS: 2 InsertByte-PersAutoDict- DE: "\x00\x00\x00\x00\x00\x00\x00\xd2"-
	NEW_FUNC[1/1]: 0x5b0570 in vrend_set_scissor_state (/home/fuzzing/Desktop/virglrenderer-master/build/src/virgl_fuzzer+0x5b0570)
#74990	NEW    cov: 392 ft: 587 corp: 120/60Kb lim: 535 exec/s: 235 rss: 274Mb L: 534/535 MS: 1 InsertRepeatedBytes-
#75213	NEW    cov: 394 ft: 589 corp: 121/61Kb lim: 535 exec/s: 234 rss: 274Mb L: 526/535 MS: 2 CMP-CopyPart- DE: "\xff\xff\xff\x0f"-
#75255	REDUCE cov: 394 ft: 589 corp: 121/61Kb lim: 535 exec/s: 234 rss: 274Mb L: 525/535 MS: 2 PersAutoDict-EraseBytes- DE: "\x02\x00\x00\x00\x00\x00\x00\x00"-
#75333	NEW    cov: 395 ft: 590 corp: 122/61Kb lim: 535 exec/s: 233 rss: 274Mb L: 534/535 MS: 3 ChangeBinInt-ChangeByte-InsertRepeatedBytes-
#75380	NEW    cov: 395 ft: 591 corp: 123/62Kb lim: 535 exec/s: 234 rss: 274Mb L: 527/535 MS: 2 CMP-InsertRepeatedBytes- DE: "\xff\xff\xff\xff"-
#77043	NEW    cov: 396 ft: 592 corp: 124/62Kb lim: 544 exec/s: 225 rss: 274Mb L: 543/543 MS: 3 CMP-ChangeByte-PersAutoDict- DE: "GL_EXT_textu"-"\x00\x00\x00\x00\x00\x00\x00\xd2"-
#77132	NEW    cov: 397 ft: 593 corp: 125/63Kb lim: 544 exec/s: 224 rss: 274Mb L: 539/543 MS: 4 InsertRepeatedBytes-ChangeByte-CopyPart-InsertByte-
#77612	NEW    cov: 397 ft: 600 corp: 126/63Kb lim: 544 exec/s: 224 rss: 274Mb L: 542/543 MS: 5 CopyPart-CopyPart-InsertByte-InsertByte-InsertRepeatedBytes-
#78519	NEW    cov: 398 ft: 611 corp: 127/64Kb lim: 553 exec/s: 221 rss: 274Mb L: 545/545 MS: 4 ChangeBinInt-InsertByte-ChangeBit-InsertByte-
#78550	NEW    cov: 398 ft: 612 corp: 128/65Kb lim: 553 exec/s: 221 rss: 274Mb L: 553/553 MS: 1 CrossOver-
#78798	REDUCE cov: 398 ft: 612 corp: 128/64Kb lim: 553 exec/s: 220 rss: 274Mb L: 519/553 MS: 4 ShuffleBytes-CopyPart-ChangeByte-EraseBytes-
#78822	NEW    cov: 398 ft: 613 corp: 129/65Kb lim: 553 exec/s: 219 rss: 274Mb L: 543/553 MS: 4 ChangeByte-InsertByte-InsertRepeatedBytes-PersAutoDict- DE: "GL_ARB_texture_"-
#78846	REDUCE cov: 399 ft: 614 corp: 130/66Kb lim: 553 exec/s: 219 rss: 274Mb L: 533/553 MS: 4 CMP-ChangeBit-ShuffleBytes-PersAutoDict- DE: "GL_ANGLE_tex"-"\x00\x00\x00\x00\x00\x00\x00\xd2"-
#79126	NEW    cov: 399 ft: 618 corp: 131/66Kb lim: 553 exec/s: 218 rss: 274Mb L: 547/553 MS: 2 PersAutoDict-InsertRepeatedBytes- DE: "GL_ARB_texture_"-
#80159	REDUCE cov: 399 ft: 618 corp: 131/66Kb lim: 562 exec/s: 214 rss: 274Mb L: 514/553 MS: 4 EraseBytes-ChangeByte-ChangeBit-InsertRepeatedBytes-
#80405	NEW    cov: 399 ft: 619 corp: 132/67Kb lim: 562 exec/s: 213 rss: 274Mb L: 550/553 MS: 2 ChangeByte-InsertRepeatedBytes-
#80635	NEW    cov: 400 ft: 620 corp: 133/67Kb lim: 562 exec/s: 211 rss: 274Mb L: 562/562 MS: 3 InsertRepeatedBytes-ChangeBinInt-CrossOver-
#80657	REDUCE cov: 400 ft: 620 corp: 133/67Kb lim: 562 exec/s: 211 rss: 274Mb L: 534/553 MS: 1 EraseBytes-
#81111	NEW    cov: 400 ft: 623 corp: 134/68Kb lim: 562 exec/s: 209 rss: 274Mb L: 562/562 MS: 3 EraseBytes-CopyPart-CrossOver-
#81274	NEW    cov: 401 ft: 624 corp: 135/68Kb lim: 562 exec/s: 208 rss: 274Mb L: 542/562 MS: 3 InsertRepeatedBytes-PersAutoDict-CrossOver- DE: "GL_ARB_texture_"-
#81424	NEW    cov: 403 ft: 626 corp: 136/69Kb lim: 562 exec/s: 207 rss: 274Mb L: 533/562 MS: 3 PersAutoDict-CopyPart-PersAutoDict- DE: "\x01\x00\x00\x00\x00\x00\x00\x95"-"\x02\x00\x00\x00\x00\x00\x00\x00"-
#82362	NEW    cov: 403 ft: 630 corp: 137/69Kb lim: 571 exec/s: 204 rss: 274Mb L: 571/571 MS: 4 CopyPart-EraseBytes-ChangeBit-CrossOver-
#82475	REDUCE cov: 403 ft: 630 corp: 137/69Kb lim: 571 exec/s: 203 rss: 274Mb L: 525/571 MS: 1 EraseBytes-
#82849	REDUCE cov: 403 ft: 630 corp: 137/69Kb lim: 571 exec/s: 202 rss: 274Mb L: 522/571 MS: 4 ChangeByte-ShuffleBytes-ShuffleBytes-EraseBytes-
#83723	REDUCE cov: 403 ft: 630 corp: 137/69Kb lim: 571 exec/s: 198 rss: 274Mb L: 518/571 MS: 2 ShuffleBytes-EraseBytes-
#84046	NEW    cov: 403 ft: 631 corp: 138/70Kb lim: 571 exec/s: 197 rss: 274Mb L: 521/571 MS: 3 PersAutoDict-ChangeBinInt-EraseBytes- DE: "W\x05"-
#84532	NEW    cov: 406 ft: 634 corp: 139/70Kb lim: 571 exec/s: 196 rss: 274Mb L: 546/571 MS: 5 CMP-InsertRepeatedBytes-ShuffleBytes-PersAutoDict-EraseBytes- DE: "8\x02\x00\x00\x00\x00\x00\x00"-"GL_ANGLE_tex"-
	NEW_FUNC[1/1]: 0x5b2b20 in vrend_renderer_resource_copy_region (/home/fuzzing/Desktop/virglrenderer-master/build/src/virgl_fuzzer+0x5b2b20)
#84685	REDUCE cov: 409 ft: 637 corp: 140/71Kb lim: 571 exec/s: 195 rss: 274Mb L: 518/571 MS: 2 PersAutoDict-ChangeByte- DE: "\xff\xff\xff\xff"-
#85164	NEW    cov: 409 ft: 639 corp: 141/71Kb lim: 571 exec/s: 194 rss: 274Mb L: 525/571 MS: 2 ChangeByte-PersAutoDict- DE: "\xfe\xff\xff?"-
#85725	NEW    cov: 409 ft: 641 corp: 142/72Kb lim: 571 exec/s: 192 rss: 274Mb L: 549/571 MS: 3 InsertByte-InsertRepeatedBytes-EraseBytes-
#85853	NEW    cov: 409 ft: 643 corp: 143/72Kb lim: 571 exec/s: 192 rss: 274Mb L: 527/571 MS: 2 InsertByte-InsertByte-
#86564	REDUCE cov: 409 ft: 643 corp: 143/72Kb lim: 571 exec/s: 189 rss: 274Mb L: 518/571 MS: 2 EraseBytes-InsertByte-
#87387	NEW    cov: 411 ft: 645 corp: 144/73Kb lim: 571 exec/s: 187 rss: 274Mb L: 571/571 MS: 5 ChangeASCIIInt-ShuffleBytes-PersAutoDict-CMP-CrossOver- DE: "GL_OES_vertex_half_float"-"\x00\x00"-
#88729	NEW    cov: 412 ft: 646 corp: 145/73Kb lim: 580 exec/s: 184 rss: 274Mb L: 526/571 MS: 3 ShuffleBytes-ChangeByte-PersAutoDict- DE: "8\x02\x00\x00\x00\x00\x00\x00"-
#88740	REDUCE cov: 412 ft: 646 corp: 145/73Kb lim: 580 exec/s: 184 rss: 274Mb L: 531/571 MS: 1 EraseBytes-
#88812	NEW    cov: 412 ft: 650 corp: 146/74Kb lim: 580 exec/s: 184 rss: 274Mb L: 526/571 MS: 2 ShuffleBytes-ChangeByte-
#89818	NEW    cov: 412 ft: 651 corp: 147/74Kb lim: 589 exec/s: 182 rss: 274Mb L: 526/571 MS: 1 CopyPart-
	NEW_FUNC[1/1]: 0x573350 in vrend_set_framebuffer_state_no_attach (/home/fuzzing/Desktop/virglrenderer-master/build/src/virgl_fuzzer+0x573350)
#90934	NEW    cov: 415 ft: 654 corp: 148/75Kb lim: 598 exec/s: 180 rss: 274Mb L: 598/598 MS: 2 InsertRepeatedBytes-CopyPart-
#91943	NEW    cov: 415 ft: 655 corp: 149/76Kb lim: 607 exec/s: 177 rss: 274Mb L: 607/607 MS: 1 CrossOver-
#92230	REDUCE cov: 415 ft: 655 corp: 149/76Kb lim: 607 exec/s: 177 rss: 274Mb L: 586/607 MS: 2 InsertRepeatedBytes-EraseBytes-
#92240	REDUCE cov: 415 ft: 655 corp: 149/76Kb lim: 607 exec/s: 177 rss: 274Mb L: 518/607 MS: 5 ChangeBit-InsertRepeatedBytes-PersAutoDict-InsertByte-EraseBytes- DE: "\x12,\x00\x00"-
#93034	REDUCE cov: 415 ft: 660 corp: 150/76Kb lim: 607 exec/s: 175 rss: 274Mb L: 553/607 MS: 4 EraseBytes-ChangeBit-CopyPart-InsertRepeatedBytes-
#93205	NEW    cov: 415 ft: 661 corp: 151/77Kb lim: 607 exec/s: 174 rss: 274Mb L: 542/607 MS: 4 CMP-InsertByte-PersAutoDict-CopyPart- DE: "\x01\x04"-"CoverFillPathNV"-
#93557	NEW    cov: 415 ft: 662 corp: 152/77Kb lim: 607 exec/s: 174 rss: 274Mb L: 607/607 MS: 1 CrossOver-
	NEW_FUNC[1/1]: 0x5b0a00 in vrend_set_polygon_stipple (/home/fuzzing/Desktop/virglrenderer-master/build/src/virgl_fuzzer+0x5b0a00)
#94075	REDUCE cov: 485 ft: 732 corp: 153/78Kb lim: 607 exec/s: 173 rss: 274Mb L: 558/607 MS: 2 CrossOver-EraseBytes-
#94157	NEW    cov: 485 ft: 733 corp: 154/78Kb lim: 607 exec/s: 173 rss: 274Mb L: 526/607 MS: 1 ChangeBinInt-
#94535	NEW    cov: 485 ft: 734 corp: 155/79Kb lim: 607 exec/s: 172 rss: 274Mb L: 607/607 MS: 3 ChangeBinInt-ChangeByte-CopyPart-
#95212	NEW    cov: 485 ft: 736 corp: 156/79Kb lim: 607 exec/s: 170 rss: 274Mb L: 553/607 MS: 4 CopyPart-CopyPart-ChangeBinInt-InsertRepeatedBytes-
#96262	REDUCE cov: 485 ft: 736 corp: 156/79Kb lim: 616 exec/s: 168 rss: 274Mb L: 539/607 MS: 3 ChangeByte-EraseBytes-InsertByte-
#96401	NEW    cov: 487 ft: 739 corp: 157/80Kb lim: 616 exec/s: 168 rss: 274Mb L: 522/607 MS: 3 InsertByte-PersAutoDict-CMP- DE: "GL_ANGLE_tex"-"GL_OES_texture_view"-
#96911	REDUCE cov: 487 ft: 739 corp: 157/80Kb lim: 616 exec/s: 167 rss: 274Mb L: 514/607 MS: 3 PersAutoDict-ChangeBinInt-EraseBytes- DE: "GL_ARB_texture_mu"-
#97497	NEW    cov: 488 ft: 740 corp: 158/80Kb lim: 616 exec/s: 166 rss: 274Mb L: 606/607 MS: 4 ChangeBinInt-InsertRepeatedBytes-InsertByte-InsertRepeatedBytes-
#97924	NEW    cov: 489 ft: 741 corp: 159/81Kb lim: 616 exec/s: 166 rss: 274Mb L: 546/607 MS: 1 ChangeByte-
#99447	REDUCE cov: 489 ft: 741 corp: 159/81Kb lim: 625 exec/s: 163 rss: 274Mb L: 521/607 MS: 4 ShuffleBytes-InsertByte-EraseBytes-InsertRepeatedBytes-
#100255	NEW    cov: 489 ft: 742 corp: 160/81Kb lim: 625 exec/s: 162 rss: 274Mb L: 527/607 MS: 3 PersAutoDict-ChangeBinInt-InsertByte- DE: "\xcc,\x00\x00"-
#101127	REDUCE cov: 489 ft: 743 corp: 161/82Kb lim: 625 exec/s: 161 rss: 274Mb L: 557/607 MS: 5 CopyPart-ShuffleBytes-ChangeBit-CopyPart-InsertRepeatedBytes-
#101282	REDUCE cov: 489 ft: 743 corp: 161/82Kb lim: 625 exec/s: 161 rss: 274Mb L: 545/607 MS: 4 ShuffleBytes-EraseBytes-InsertRepeatedBytes-PersAutoDict- DE: "\xff\xff\xff\x0f"-
#101694	NEW    cov: 489 ft: 744 corp: 162/83Kb lim: 625 exec/s: 161 rss: 274Mb L: 606/607 MS: 1 CopyPart-
	NEW_FUNC[1/1]: 0x57e1e0 in vrend_draw_vbo (/home/fuzzing/Desktop/virglrenderer-master/build/src/virgl_fuzzer+0x57e1e0)
#102209	NEW    cov: 495 ft: 750 corp: 163/83Kb lim: 625 exec/s: 160 rss: 274Mb L: 550/607 MS: 2 EraseBytes-CrossOver-
#102227	REDUCE cov: 496 ft: 751 corp: 164/84Kb lim: 625 exec/s: 160 rss: 274Mb L: 614/614 MS: 3 ChangeBit-CrossOver-CMP- DE: "\x07\x00\x00\x00"-
#102806	NEW    cov: 496 ft: 752 corp: 165/84Kb lim: 625 exec/s: 159 rss: 274Mb L: 558/614 MS: 1 ShuffleBytes-
#103200	NEW    cov: 496 ft: 785 corp: 166/85Kb lim: 625 exec/s: 159 rss: 274Mb L: 558/614 MS: 1 CopyPart-
#104990	REDUCE cov: 496 ft: 785 corp: 166/85Kb lim: 634 exec/s: 157 rss: 274Mb L: 550/614 MS: 1 EraseBytes-
#105734	NEW    cov: 496 ft: 786 corp: 167/85Kb lim: 634 exec/s: 156 rss: 274Mb L: 634/634 MS: 5 CMP-EraseBytes-CrossOver-CopyPart-CrossOver- DE: "\x0f\x02\x00\x00\x00\x00\x00\x00"-
#106011	NEW    cov: 496 ft: 788 corp: 168/86Kb lim: 634 exec/s: 156 rss: 274Mb L: 634/634 MS: 3 CopyPart-CMP-CrossOver- DE: "\x00\x01\x94\x04"-
#106792	NEW    cov: 497 ft: 791 corp: 169/87Kb lim: 634 exec/s: 155 rss: 274Mb L: 566/634 MS: 1 InsertRepeatedBytes-
#107341	NEW    cov: 498 ft: 792 corp: 170/87Kb lim: 634 exec/s: 154 rss: 274Mb L: 630/634 MS: 2 PersAutoDict-InsertByte- DE: "GL_ARB_texture_"-
#107535	NEW    cov: 498 ft: 794 corp: 171/88Kb lim: 634 exec/s: 154 rss: 274Mb L: 634/634 MS: 4 ShuffleBytes-ChangeByte-EraseBytes-CrossOver-
#107653	NEW    cov: 498 ft: 795 corp: 172/88Kb lim: 634 exec/s: 154 rss: 274Mb L: 566/634 MS: 4 ChangeBinInt-ChangeByte-ShuffleBytes-ChangeBit-
#107809	NEW    cov: 498 ft: 797 corp: 173/89Kb lim: 634 exec/s: 154 rss: 274Mb L: 566/634 MS: 1 ChangeByte-
#108557	REDUCE cov: 498 ft: 797 corp: 173/89Kb lim: 634 exec/s: 153 rss: 274Mb L: 559/634 MS: 5 ChangeByte-ChangeBit-PersAutoDict-ShuffleBytes-EraseBytes- DE: "GL_OES_vertex_half_float"-
#109091	NEW    cov: 499 ft: 798 corp: 174/89Kb lim: 634 exec/s: 153 rss: 274Mb L: 526/634 MS: 3 ChangeBinInt-PersAutoDict-ChangeByte- DE: "GL_ANGLE_tex"-
INFO: libFuzzer disabled leak detection after every mutation.
      Most likely the target function accumulates allocated
      memory in a global state w/o actually leaking it.
      You may try running this binary with -trace_malloc=[12]      to get a trace of mallocs and frees.
      If LeakSanitizer is enabled in this process it will still
      run on the process shutdown.
#109678	REDUCE cov: 499 ft: 798 corp: 174/89Kb lim: 634 exec/s: 152 rss: 274Mb L: 522/634 MS: 5 InsertRepeatedBytes-EraseBytes-CMP-EraseBytes-InsertRepeatedBytes- DE: "\x00\x00\x00\x00\x00\x00\x00?"-
#109925	NEW    cov: 500 ft: 799 corp: 175/90Kb lim: 634 exec/s: 152 rss: 274Mb L: 631/634 MS: 2 PersAutoDict-InsertByte- DE: "\x00\x00\x00\x00\x00\x00\x00\xd2"-
#111488	NEW    cov: 500 ft: 801 corp: 176/90Kb lim: 643 exec/s: 151 rss: 274Mb L: 558/634 MS: 3 ChangeBit-ChangeBit-CopyPart-
#111618	REDUCE cov: 500 ft: 801 corp: 176/90Kb lim: 643 exec/s: 151 rss: 274Mb L: 550/634 MS: 5 InsertByte-ChangeByte-ChangeByte-InsertRepeatedBytes-EraseBytes-
#111761	REDUCE cov: 500 ft: 801 corp: 176/90Kb lim: 643 exec/s: 150 rss: 274Mb L: 573/634 MS: 3 InsertByte-CopyPart-EraseBytes-
	NEW_FUNC[1/2]: 0x5763a0 in vrend_set_single_sampler_view (/home/fuzzing/Desktop/virglrenderer-master/build/src/virgl_fuzzer+0x5763a0)
	NEW_FUNC[2/2]: 0x577e10 in vrend_set_num_sampler_views (/home/fuzzing/Desktop/virglrenderer-master/build/src/virgl_fuzzer+0x577e10)
#112675	REDUCE cov: 510 ft: 811 corp: 177/91Kb lim: 652 exec/s: 150 rss: 274Mb L: 582/634 MS: 4 InsertRepeatedBytes-PersAutoDict-CMP-CMP- DE: "GL_EXT_robus"-"\xff\x00\xca#"-"GL_ARB_framebuffer_no"-
#112912	NEW    cov: 510 ft: 814 corp: 178/92Kb lim: 652 exec/s: 150 rss: 274Mb L: 558/634 MS: 2 ChangeBinInt-ShuffleBytes-
#113196	REDUCE cov: 510 ft: 814 corp: 178/92Kb lim: 652 exec/s: 150 rss: 274Mb L: 546/634 MS: 4 ChangeByte-ChangeASCIIInt-ChangeByte-EraseBytes-
#113405	NEW    cov: 510 ft: 817 corp: 179/92Kb lim: 652 exec/s: 150 rss: 274Mb L: 538/634 MS: 4 InsertRepeatedBytes-ChangeByte-ChangeBit-PersAutoDict- DE: "DebugMessageInsertKHR"-
#113443	NEW    cov: 515 ft: 822 corp: 180/93Kb lim: 652 exec/s: 150 rss: 274Mb L: 559/634 MS: 3 EraseBytes-ChangeByte-InsertRepeatedBytes-
#113464	NEW    cov: 515 ft: 829 corp: 181/93Kb lim: 652 exec/s: 150 rss: 274Mb L: 558/634 MS: 1 ChangeBinInt-
#114075	NEW    cov: 515 ft: 835 corp: 182/94Kb lim: 652 exec/s: 149 rss: 274Mb L: 582/634 MS: 1 ChangeBinInt-
#114471	NEW    cov: 516 ft: 836 corp: 183/94Kb lim: 652 exec/s: 149 rss: 274Mb L: 582/634 MS: 1 ChangeByte-
#114573	NEW    cov: 516 ft: 839 corp: 184/95Kb lim: 652 exec/s: 149 rss: 274Mb L: 558/634 MS: 2 ShuffleBytes-CopyPart-
#114602	NEW    cov: 516 ft: 843 corp: 185/95Kb lim: 652 exec/s: 149 rss: 274Mb L: 650/650 MS: 4 ChangeBinInt-InsertRepeatedBytes-ChangeBinInt-CMP- DE: "\x09\x00\x00\x00"-
#114698	NEW    cov: 516 ft: 844 corp: 186/96Kb lim: 652 exec/s: 149 rss: 274Mb L: 558/650 MS: 1 ChangeBinInt-
#115648	NEW    cov: 516 ft: 846 corp: 187/97Kb lim: 661 exec/s: 149 rss: 274Mb L: 646/650 MS: 5 InsertByte-CopyPart-ChangeBinInt-InsertByte-InsertRepeatedBytes-
#115990	NEW    cov: 516 ft: 848 corp: 188/97Kb lim: 661 exec/s: 148 rss: 274Mb L: 658/658 MS: 2 CMP-InsertRepeatedBytes- DE: "\xff\xff\xff\xff\xff\xff\x01*"-
#115997	NEW    cov: 516 ft: 854 corp: 189/98Kb lim: 661 exec/s: 148 rss: 274Mb L: 558/658 MS: 2 ChangeByte-CopyPart-
#116863	NEW    cov: 517 ft: 855 corp: 190/98Kb lim: 661 exec/s: 147 rss: 274Mb L: 530/658 MS: 1 PersAutoDict- DE: "\x07\x00\x00\x00"-
#116888	REDUCE cov: 517 ft: 855 corp: 190/98Kb lim: 661 exec/s: 147 rss: 274Mb L: 557/658 MS: 5 CopyPart-ChangeByte-EraseBytes-CopyPart-InsertRepeatedBytes-
#117027	NEW    cov: 530 ft: 868 corp: 191/99Kb lim: 661 exec/s: 147 rss: 274Mb L: 530/658 MS: 4 ChangeBit-ChangeByte-InsertRepeatedBytes-EraseBytes-
#117321	NEW    cov: 530 ft: 870 corp: 192/99Kb lim: 661 exec/s: 147 rss: 274Mb L: 606/658 MS: 4 ChangeBit-ChangeByte-CMP-InsertRepeatedBytes- DE: "S\xea\x01\x00"-
#117921	REDUCE cov: 530 ft: 871 corp: 193/100Kb lim: 661 exec/s: 147 rss: 274Mb L: 546/658 MS: 5 ChangeASCIIInt-ChangeASCIIInt-ChangeByte-ChangeBit-PersAutoDict- DE: "GL_ANGLE_tex"-
#118191	REDUCE cov: 530 ft: 871 corp: 193/100Kb lim: 661 exec/s: 146 rss: 274Mb L: 574/658 MS: 5 CMP-ChangeBit-ShuffleBytes-CopyPart-EraseBytes- DE: "\x01\x02\x00\x00\x00\x00\x00\x00"-
#118248	REDUCE cov: 530 ft: 871 corp: 193/100Kb lim: 661 exec/s: 146 rss: 274Mb L: 522/658 MS: 2 PersAutoDict-EraseBytes- DE: "\xff\xff\xff\x0f"-
#118904	NEW    cov: 530 ft: 875 corp: 194/101Kb lim: 661 exec/s: 146 rss: 274Mb L: 558/658 MS: 1 CopyPart-
#118975	NEW    cov: 530 ft: 876 corp: 195/101Kb lim: 661 exec/s: 146 rss: 274Mb L: 566/658 MS: 1 PersAutoDict- DE: "\x01\x04"-
#119022	NEW    cov: 530 ft: 877 corp: 196/102Kb lim: 661 exec/s: 146 rss: 274Mb L: 566/658 MS: 2 ChangeBit-CMP- DE: "y\x01\x00\x00\x00\x00\x00\x00"-
#119439	REDUCE cov: 530 ft: 877 corp: 196/102Kb lim: 661 exec/s: 145 rss: 274Mb L: 650/650 MS: 2 ShuffleBytes-EraseBytes-
#120026	NEW    cov: 530 ft: 880 corp: 197/102Kb lim: 661 exec/s: 145 rss: 274Mb L: 558/650 MS: 2 ChangeBinInt-InsertRepeatedBytes-
#120103	NEW    cov: 530 ft: 889 corp: 198/103Kb lim: 661 exec/s: 145 rss: 274Mb L: 598/650 MS: 2 InsertRepeatedBytes-CrossOver-
#120654	REDUCE cov: 530 ft: 889 corp: 198/103Kb lim: 661 exec/s: 144 rss: 274Mb L: 574/650 MS: 1 CrossOver-
#120867	REDUCE cov: 530 ft: 889 corp: 198/103Kb lim: 661 exec/s: 144 rss: 274Mb L: 602/650 MS: 3 ChangeByte-ChangeBinInt-EraseBytes-
#120974	REDUCE cov: 530 ft: 889 corp: 198/103Kb lim: 661 exec/s: 144 rss: 274Mb L: 582/650 MS: 2 ChangeByte-EraseBytes-
#120980	NEW    cov: 530 ft: 890 corp: 199/103Kb lim: 661 exec/s: 144 rss: 274Mb L: 558/650 MS: 1 ShuffleBytes-
#120986	REDUCE cov: 530 ft: 890 corp: 199/103Kb lim: 661 exec/s: 144 rss: 274Mb L: 550/650 MS: 1 EraseBytes-
#121467	REDUCE cov: 530 ft: 891 corp: 200/104Kb lim: 661 exec/s: 144 rss: 274Mb L: 546/650 MS: 1 CMP- DE: "GL_OES_sample_shading"-
#121733	NEW    cov: 530 ft: 892 corp: 201/104Kb lim: 661 exec/s: 143 rss: 274Mb L: 546/650 MS: 1 CMP- DE: "GL_OES_surfaceless_context"-
#121798	REDUCE cov: 530 ft: 892 corp: 201/104Kb lim: 661 exec/s: 143 rss: 274Mb L: 526/650 MS: 5 ChangeBit-CopyPart-ChangeBinInt-CopyPart-EraseBytes-
#122205	NEW    cov: 530 ft: 893 corp: 202/105Kb lim: 661 exec/s: 143 rss: 274Mb L: 582/650 MS: 2 ChangeByte-ChangeBit-
#123362	NEW    cov: 530 ft: 899 corp: 203/105Kb lim: 670 exec/s: 142 rss: 274Mb L: 590/650 MS: 2 InsertRepeatedBytes-EraseBytes-
#123833	NEW    cov: 530 ft: 904 corp: 204/106Kb lim: 670 exec/s: 142 rss: 274Mb L: 582/650 MS: 1 ChangeBinInt-
#123840	NEW    cov: 531 ft: 905 corp: 205/106Kb lim: 670 exec/s: 142 rss: 274Mb L: 554/650 MS: 2 ShuffleBytes-CMP- DE: "\x9e\x02\x00\x00\x00\x00\x00\x00"-
#124302	NEW    cov: 531 ft: 906 corp: 206/107Kb lim: 670 exec/s: 142 rss: 274Mb L: 566/650 MS: 2 PersAutoDict-PersAutoDict- DE: "\x02\x00\x00\x00\x00\x00\x00\x00"-"\xff\x00\xca#"-
#124891	NEW    cov: 531 ft: 910 corp: 207/108Kb lim: 670 exec/s: 142 rss: 274Mb L: 670/670 MS: 4 PersAutoDict-InsertRepeatedBytes-CopyPart-CrossOver- DE: "\x0f\x02\x00\x00\x00\x00\x00\x00"-
#125097	NEW    cov: 531 ft: 911 corp: 208/108Kb lim: 670 exec/s: 142 rss: 274Mb L: 558/670 MS: 1 ShuffleBytes-
#125211	NEW    cov: 531 ft: 912 corp: 209/109Kb lim: 670 exec/s: 142 rss: 274Mb L: 666/670 MS: 4 CMP-CopyPart-InsertByte-InsertRepeatedBytes- DE: "GL_OES_shader_multisample_interpo"-
#125666	NEW    cov: 531 ft: 913 corp: 210/110Kb lim: 670 exec/s: 141 rss: 274Mb L: 669/670 MS: 5 InsertRepeatedBytes-ChangeByte-InsertByte-PersAutoDict-InsertRepeatedBytes- DE: "\x0f\x02\x00\x00\x00\x00\x00\x00"-
#125716	NEW    cov: 532 ft: 914 corp: 211/110Kb lim: 670 exec/s: 141 rss: 274Mb L: 582/670 MS: 5 ChangeByte-ChangeByte-CopyPart-ShuffleBytes-CMP- DE: "\x01\x00\x00\x02"-
#126122	NEW    cov: 533 ft: 915 corp: 212/111Kb lim: 670 exec/s: 141 rss: 274Mb L: 550/670 MS: 1 CMP- DE: "\x0f\x02\x00\x00\x00\x00\x00\x00"-
#126328	REDUCE cov: 533 ft: 915 corp: 212/111Kb lim: 670 exec/s: 141 rss: 274Mb L: 667/670 MS: 1 EraseBytes-
#126482	NEW    cov: 538 ft: 920 corp: 213/111Kb lim: 670 exec/s: 141 rss: 274Mb L: 670/670 MS: 4 CrossOver-ChangeBinInt-CrossOver-CrossOver-
#126869	NEW    cov: 538 ft: 922 corp: 214/112Kb lim: 670 exec/s: 141 rss: 274Mb L: 594/670 MS: 2 ChangeBinInt-InsertRepeatedBytes-
#127007	NEW    cov: 538 ft: 923 corp: 215/112Kb lim: 670 exec/s: 141 rss: 274Mb L: 574/670 MS: 3 ChangeBit-ChangeByte-InsertRepeatedBytes-
#127223	REDUCE cov: 539 ft: 924 corp: 216/113Kb lim: 670 exec/s: 141 rss: 274Mb L: 543/670 MS: 1 CMP- DE: "\x0e\x00\x00\x00"-
#127324	NEW    cov: 539 ft: 927 corp: 217/114Kb lim: 670 exec/s: 141 rss: 274Mb L: 670/670 MS: 1 CrossOver-
#128996	REDUCE cov: 539 ft: 927 corp: 217/114Kb lim: 679 exec/s: 140 rss: 274Mb L: 527/670 MS: 2 InsertByte-EraseBytes-
#129226	REDUCE cov: 539 ft: 927 corp: 217/114Kb lim: 679 exec/s: 140 rss: 274Mb L: 590/670 MS: 5 ChangeBinInt-ChangeBit-CopyPart-EraseBytes-InsertByte-
#129488	REDUCE cov: 539 ft: 927 corp: 217/114Kb lim: 679 exec/s: 139 rss: 274Mb L: 655/670 MS: 2 ChangeByte-EraseBytes-
#129499	NEW    cov: 539 ft: 954 corp: 218/114Kb lim: 679 exec/s: 139 rss: 274Mb L: 658/670 MS: 1 InsertRepeatedBytes-
#129951	NEW    cov: 540 ft: 955 corp: 219/115Kb lim: 679 exec/s: 139 rss: 274Mb L: 526/670 MS: 2 ChangeBit-ChangeByte-
#130092	NEW    cov: 540 ft: 957 corp: 220/115Kb lim: 679 exec/s: 139 rss: 274Mb L: 558/670 MS: 1 PersAutoDict- DE: "GL_ARB_texture_"-
#130190	REDUCE cov: 540 ft: 957 corp: 220/115Kb lim: 679 exec/s: 139 rss: 274Mb L: 518/670 MS: 3 ChangeBit-ChangeByte-EraseBytes-
#131056	NEW    cov: 540 ft: 958 corp: 221/116Kb lim: 679 exec/s: 139 rss: 274Mb L: 622/670 MS: 1 CopyPart-
#131072	pulse  cov: 540 ft: 958 corp: 221/116Kb lim: 679 exec/s: 139 rss: 274Mb
#131260	NEW    cov: 540 ft: 963 corp: 222/116Kb lim: 679 exec/s: 139 rss: 274Mb L: 590/670 MS: 4 ChangeBit-ChangeBinInt-PersAutoDict-CopyPart- DE: "U\x02\x00\x00\x00\x00\x00\x00"-
#131742	NEW    cov: 541 ft: 964 corp: 223/117Kb lim: 679 exec/s: 138 rss: 274Mb L: 559/670 MS: 2 ChangeBinInt-ChangeByte-
#132504	REDUCE cov: 541 ft: 964 corp: 223/117Kb lim: 679 exec/s: 138 rss: 274Mb L: 554/670 MS: 2 EraseBytes-InsertByte-
#133255	NEW    cov: 541 ft: 965 corp: 224/117Kb lim: 679 exec/s: 138 rss: 274Mb L: 630/670 MS: 1 CopyPart-
#133910	REDUCE cov: 541 ft: 965 corp: 224/117Kb lim: 679 exec/s: 138 rss: 274Mb L: 550/670 MS: 5 InsertByte-ChangeBit-ChangeBinInt-ChangeBit-EraseBytes-
#134628	NEW    cov: 541 ft: 976 corp: 225/118Kb lim: 679 exec/s: 137 rss: 274Mb L: 630/670 MS: 3 InsertByte-ChangeByte-InsertRepeatedBytes-
#135317	NEW    cov: 541 ft: 979 corp: 226/119Kb lim: 679 exec/s: 137 rss: 274Mb L: 679/679 MS: 4 EraseBytes-PersAutoDict-InsertByte-CrossOver- DE: "\x00\x00\x00\x00\x00\x00\x00?"-
#135325	REDUCE cov: 541 ft: 979 corp: 226/119Kb lim: 679 exec/s: 137 rss: 274Mb L: 602/679 MS: 3 ChangeBinInt-ChangeBit-CrossOver-
#135486	NEW    cov: 541 ft: 980 corp: 227/119Kb lim: 679 exec/s: 137 rss: 274Mb L: 590/679 MS: 1 ChangeByte-
#135855	NEW    cov: 541 ft: 981 corp: 228/120Kb lim: 679 exec/s: 137 rss: 274Mb L: 598/679 MS: 4 ShuffleBytes-ChangeASCIIInt-CopyPart-InsertByte-
#135947	NEW    cov: 541 ft: 983 corp: 229/120Kb lim: 679 exec/s: 137 rss: 274Mb L: 658/679 MS: 2 ChangeBinInt-PersAutoDict- DE: "\x09\x00\x00\x00"-
#136639	NEW    cov: 541 ft: 990 corp: 230/121Kb lim: 679 exec/s: 136 rss: 274Mb L: 598/679 MS: 2 ChangeByte-CopyPart-
#136934	REDUCE cov: 541 ft: 990 corp: 230/121Kb lim: 679 exec/s: 136 rss: 274Mb L: 522/679 MS: 5 InsertRepeatedBytes-ChangeByte-ChangeByte-ChangeByte-CrossOver-
#136959	REDUCE cov: 541 ft: 990 corp: 230/121Kb lim: 679 exec/s: 136 rss: 274Mb L: 558/679 MS: 5 ChangeBinInt-InsertByte-ShuffleBytes-ChangeBit-EraseBytes-
#137373	NEW    cov: 541 ft: 993 corp: 231/122Kb lim: 679 exec/s: 136 rss: 274Mb L: 678/679 MS: 4 ChangeASCIIInt-ShuffleBytes-InsertByte-InsertRepeatedBytes-
#137376	REDUCE cov: 541 ft: 993 corp: 231/122Kb lim: 679 exec/s: 136 rss: 274Mb L: 558/679 MS: 3 ChangeByte-ChangeBit-EraseBytes-
#137639	NEW    cov: 541 ft: 995 corp: 232/122Kb lim: 679 exec/s: 136 rss: 274Mb L: 590/679 MS: 3 CMP-ChangeASCIIInt-ChangeBinInt- DE: "u\x02\x00\x00\x00\x00\x00\x00"-
#138198	REDUCE cov: 541 ft: 997 corp: 233/123Kb lim: 679 exec/s: 136 rss: 274Mb L: 674/679 MS: 4 ChangeByte-ShuffleBytes-ShuffleBytes-CopyPart-
#138292	NEW    cov: 541 ft: 999 corp: 234/123Kb lim: 679 exec/s: 136 rss: 274Mb L: 670/679 MS: 4 CopyPart-CopyPart-CopyPart-ChangeBinInt-
#138966	NEW    cov: 541 ft: 1000 corp: 235/124Kb lim: 679 exec/s: 136 rss: 274Mb L: 654/679 MS: 4 ChangeBinInt-ChangeBit-ChangeBit-CopyPart-
#140011	NEW    cov: 541 ft: 1032 corp: 236/125Kb lim: 688 exec/s: 135 rss: 274Mb L: 682/682 MS: 5 ChangeBinInt-ShuffleBytes-ChangeBinInt-ShuffleBytes-InsertRepeatedBytes-
#140218	NEW    cov: 542 ft: 1033 corp: 237/125Kb lim: 688 exec/s: 135 rss: 274Mb L: 570/682 MS: 2 EraseBytes-CMP- DE: "\x07\x00"-
#140620	REDUCE cov: 542 ft: 1033 corp: 237/125Kb lim: 688 exec/s: 135 rss: 274Mb L: 546/682 MS: 2 InsertByte-EraseBytes-
#140632	REDUCE cov: 542 ft: 1036 corp: 238/126Kb lim: 688 exec/s: 135 rss: 274Mb L: 582/682 MS: 2 CopyPart-CopyPart-
#140838	NEW    cov: 542 ft: 1042 corp: 239/127Kb lim: 688 exec/s: 135 rss: 274Mb L: 682/682 MS: 1 ChangeByte-
#140991	NEW    cov: 542 ft: 1044 corp: 240/127Kb lim: 688 exec/s: 135 rss: 274Mb L: 634/682 MS: 3 ShuffleBytes-ShuffleBytes-InsertRepeatedBytes-
#141022	NEW    cov: 542 ft: 1047 corp: 241/128Kb lim: 688 exec/s: 135 rss: 274Mb L: 582/682 MS: 1 CopyPart-
#141239	NEW    cov: 542 ft: 1052 corp: 242/128Kb lim: 688 exec/s: 135 rss: 274Mb L: 654/682 MS: 2 ChangeBit-CrossOver-
#142455	NEW    cov: 542 ft: 1053 corp: 243/129Kb lim: 697 exec/s: 135 rss: 274Mb L: 582/682 MS: 1 CMP- DE: "\x88\x01\x00\x00\x00\x00\x00\x00"-
#142496	REDUCE cov: 542 ft: 1053 corp: 243/129Kb lim: 697 exec/s: 135 rss: 274Mb L: 547/682 MS: 1 CrossOver-
#143649	NEW    cov: 542 ft: 1054 corp: 244/130Kb lim: 706 exec/s: 135 rss: 274Mb L: 634/682 MS: 3 PersAutoDict-ChangeBinInt-CMP- DE: "\x01\x00\x00\x02"-"\x01\x02\x00\x00\x00\x00\x00\x00"-
#143840	NEW    cov: 542 ft: 1060 corp: 245/130Kb lim: 706 exec/s: 135 rss: 274Mb L: 682/682 MS: 1 ChangeByte-
#143887	NEW    cov: 542 ft: 1061 corp: 246/131Kb lim: 706 exec/s: 135 rss: 274Mb L: 706/706 MS: 2 ChangeBinInt-InsertRepeatedBytes-
#143950	NEW    cov: 542 ft: 1062 corp: 247/132Kb lim: 706 exec/s: 135 rss: 274Mb L: 598/706 MS: 3 ChangeBit-ShuffleBytes-PersAutoDict- DE: "U\x02\x00\x00\x00\x00\x00\x00"-
#144046	NEW    cov: 542 ft: 1064 corp: 248/132Kb lim: 706 exec/s: 135 rss: 274Mb L: 654/706 MS: 1 InsertRepeatedBytes-
#144151	NEW    cov: 542 ft: 1066 corp: 249/133Kb lim: 706 exec/s: 135 rss: 274Mb L: 682/706 MS: 5 ChangeBinInt-ChangeASCIIInt-ChangeBinInt-ChangeBinInt-ChangeBinInt-
#144516	REDUCE cov: 542 ft: 1066 corp: 249/133Kb lim: 706 exec/s: 135 rss: 274Mb L: 678/706 MS: 5 EraseBytes-ChangeByte-ChangeByte-ChangeBinInt-InsertRepeatedBytes-
#144747	NEW    cov: 542 ft: 1068 corp: 250/133Kb lim: 706 exec/s: 135 rss: 274Mb L: 526/706 MS: 1 ChangeBinInt-
#144899	NEW    cov: 542 ft: 1069 corp: 251/134Kb lim: 706 exec/s: 135 rss: 274Mb L: 686/706 MS: 2 InsertByte-InsertRepeatedBytes-
#145005	REDUCE cov: 542 ft: 1069 corp: 251/134Kb lim: 706 exec/s: 135 rss: 274Mb L: 642/706 MS: 1 EraseBytes-
#145059	NEW    cov: 542 ft: 1070 corp: 252/135Kb lim: 706 exec/s: 135 rss: 274Mb L: 614/706 MS: 4 InsertRepeatedBytes-ChangeBinInt-EraseBytes-CMP- DE: "GL_OES_primitive_bounding_box"-
#145742	NEW    cov: 543 ft: 1071 corp: 253/135Kb lim: 706 exec/s: 134 rss: 274Mb L: 582/706 MS: 3 CrossOver-ChangeByte-InsertRepeatedBytes-
#145935	REDUCE cov: 543 ft: 1072 corp: 254/136Kb lim: 706 exec/s: 134 rss: 274Mb L: 706/706 MS: 3 CMP-CopyPart-CrossOver- DE: "\x01\x00\x00\x00\x00\x00\x02\xc2"-
#146269	REDUCE cov: 543 ft: 1072 corp: 254/136Kb lim: 706 exec/s: 134 rss: 274Mb L: 518/706 MS: 4 InsertByte-ChangeBinInt-ChangeBit-EraseBytes-
#146388	NEW    cov: 543 ft: 1073 corp: 255/136Kb lim: 706 exec/s: 134 rss: 274Mb L: 526/706 MS: 4 ChangeBinInt-ChangeBinInt-CMP-ChangeByte- DE: "GL_ARB_framebuffer_no_attachmen"-
#146807	REDUCE cov: 543 ft: 1073 corp: 255/136Kb lim: 706 exec/s: 134 rss: 274Mb L: 566/706 MS: 4 CMP-EraseBytes-CMP-InsertByte- DE: ">\xd5\x02\x00"-"GL_OES_viewport_array"-
#146855	NEW    cov: 543 ft: 1084 corp: 256/137Kb lim: 706 exec/s: 134 rss: 274Mb L: 694/706 MS: 3 CopyPart-ShuffleBytes-InsertRepeatedBytes-
#147271	NEW    cov: 543 ft: 1095 corp: 257/138Kb lim: 706 exec/s: 134 rss: 274Mb L: 654/706 MS: 1 InsertRepeatedBytes-
#147573	NEW    cov: 544 ft: 1096 corp: 258/138Kb lim: 706 exec/s: 134 rss: 274Mb L: 526/706 MS: 2 ChangeBit-ChangeByte-
#148457	REDUCE cov: 544 ft: 1098 corp: 259/139Kb lim: 706 exec/s: 134 rss: 274Mb L: 566/706 MS: 4 ChangeByte-PersAutoDict-ChangeByte-CMP- DE: "GL_EXT_textu"-"\x08\x00\x00\x00\x00\x00\x00\x00"-
#148639	NEW    cov: 544 ft: 1119 corp: 260/139Kb lim: 706 exec/s: 134 rss: 274Mb L: 702/706 MS: 2 ChangeBit-CMP- DE: "\x00\x02\x00\x00\x00\x00\x00\x00"-
#148890	REDUCE cov: 544 ft: 1120 corp: 261/140Kb lim: 706 exec/s: 134 rss: 274Mb L: 687/706 MS: 1 InsertRepeatedBytes-
#149262	NEW    cov: 544 ft: 1126 corp: 262/141Kb lim: 706 exec/s: 134 rss: 274Mb L: 682/706 MS: 2 CopyPart-CopyPart-
#149796	REDUCE cov: 552 ft: 1134 corp: 263/141Kb lim: 706 exec/s: 134 rss: 274Mb L: 611/706 MS: 4 PersAutoDict-CopyPart-ChangeByte-ChangeBinInt- DE: "\xfe\xff\xff?"-
#150468	NEW    cov: 552 ft: 1135 corp: 264/142Kb lim: 706 exec/s: 133 rss: 274Mb L: 582/706 MS: 2 ChangeByte-ChangeBinInt-
#150571	REDUCE cov: 552 ft: 1135 corp: 264/142Kb lim: 706 exec/s: 134 rss: 274Mb L: 586/706 MS: 3 ShuffleBytes-ChangeBinInt-EraseBytes-
#150619	NEW    cov: 552 ft: 1137 corp: 265/143Kb lim: 706 exec/s: 134 rss: 274Mb L: 701/706 MS: 3 CopyPart-CopyPart-InsertRepeatedBytes-
#150850	REDUCE cov: 552 ft: 1137 corp: 265/142Kb lim: 706 exec/s: 133 rss: 274Mb L: 590/706 MS: 1 EraseBytes-
#151107	REDUCE cov: 552 ft: 1137 corp: 265/142Kb lim: 706 exec/s: 133 rss: 274Mb L: 547/706 MS: 2 PersAutoDict-EraseBytes- DE: "\x09\x00\x00\x00"-
#151257	REDUCE cov: 552 ft: 1145 corp: 266/143Kb lim: 706 exec/s: 133 rss: 274Mb L: 690/706 MS: 5 InsertRepeatedBytes-ShuffleBytes-ChangeBinInt-CopyPart-InsertByte-
#151329	NEW    cov: 552 ft: 1155 corp: 267/144Kb lim: 706 exec/s: 133 rss: 274Mb L: 706/706 MS: 2 InsertRepeatedBytes-InsertRepeatedBytes-
#151346	REDUCE cov: 552 ft: 1155 corp: 267/144Kb lim: 706 exec/s: 133 rss: 274Mb L: 522/706 MS: 2 ChangeByte-EraseBytes-
#151542	NEW    cov: 552 ft: 1156 corp: 268/144Kb lim: 706 exec/s: 133 rss: 274Mb L: 682/706 MS: 1 ChangeASCIIInt-
#151797	NEW    cov: 552 ft: 1157 corp: 269/145Kb lim: 706 exec/s: 133 rss: 274Mb L: 706/706 MS: 5 InsertByte-PersAutoDict-CMP-ChangeASCIIInt-InsertRepeatedBytes- DE: "\x12,\x00\x00"-"GL_ARB_framebuffer_"-
#151798	NEW    cov: 552 ft: 1163 corp: 270/146Kb lim: 706 exec/s: 133 rss: 274Mb L: 682/706 MS: 1 ChangeBinInt-
#151964	REDUCE cov: 552 ft: 1163 corp: 270/146Kb lim: 706 exec/s: 133 rss: 274Mb L: 590/706 MS: 1 CrossOver-
#152205	REDUCE cov: 552 ft: 1163 corp: 270/146Kb lim: 706 exec/s: 133 rss: 274Mb L: 529/706 MS: 1 EraseBytes-
#152396	REDUCE cov: 552 ft: 1163 corp: 270/146Kb lim: 706 exec/s: 133 rss: 274Mb L: 678/706 MS: 1 EraseBytes-
#152402	NEW    cov: 552 ft: 1164 corp: 271/146Kb lim: 706 exec/s: 133 rss: 274Mb L: 518/706 MS: 1 EraseBytes-
#153323	REDUCE cov: 552 ft: 1165 corp: 272/147Kb lim: 715 exec/s: 133 rss: 274Mb L: 686/706 MS: 1 CMP- DE: "\xff\xff\xff\xff\xff\xff\xff\xd6"-
#153331	REDUCE cov: 552 ft: 1165 corp: 272/147Kb lim: 715 exec/s: 133 rss: 274Mb L: 530/706 MS: 3 EraseBytes-PersAutoDict-InsertByte- DE: "GL_ANGLE_tex"-
#153372	REDUCE cov: 552 ft: 1166 corp: 273/147Kb lim: 715 exec/s: 133 rss: 274Mb L: 682/706 MS: 1 CMP- DE: "?\xff\xff\xff"-
#153935	REDUCE cov: 552 ft: 1166 corp: 273/147Kb lim: 715 exec/s: 133 rss: 274Mb L: 530/706 MS: 3 EraseBytes-EraseBytes-InsertRepeatedBytes-
#153941	NEW    cov: 552 ft: 1167 corp: 274/148Kb lim: 715 exec/s: 133 rss: 274Mb L: 690/706 MS: 1 CopyPart-
#154100	NEW    cov: 552 ft: 1168 corp: 275/149Kb lim: 715 exec/s: 133 rss: 274Mb L: 682/706 MS: 4 ShuffleBytes-CopyPart-ChangeBit-ChangeBinInt-
#154218	NEW    cov: 553 ft: 1169 corp: 276/149Kb lim: 715 exec/s: 133 rss: 274Mb L: 590/706 MS: 3 InsertRepeatedBytes-InsertByte-InsertByte-
#154450	NEW    cov: 553 ft: 1170 corp: 277/150Kb lim: 715 exec/s: 133 rss: 274Mb L: 682/706 MS: 2 CopyPart-ChangeByte-
#154472	NEW    cov: 553 ft: 1172 corp: 278/151Kb lim: 715 exec/s: 133 rss: 274Mb L: 674/706 MS: 2 ChangeBit-InsertRepeatedBytes-
#155124	REDUCE cov: 553 ft: 1173 corp: 279/151Kb lim: 715 exec/s: 133 rss: 274Mb L: 621/706 MS: 2 EraseBytes-InsertRepeatedBytes-
#155451	REDUCE cov: 553 ft: 1174 corp: 280/152Kb lim: 715 exec/s: 133 rss: 274Mb L: 558/706 MS: 2 ShuffleBytes-PersAutoDict- DE: "S\xea\x01\x00"-
#155598	REDUCE cov: 553 ft: 1174 corp: 280/152Kb lim: 715 exec/s: 132 rss: 274Mb L: 550/706 MS: 2 ShuffleBytes-EraseBytes-
#155709	REDUCE cov: 553 ft: 1174 corp: 280/152Kb lim: 715 exec/s: 132 rss: 274Mb L: 557/706 MS: 1 EraseBytes-
#155761	REDUCE cov: 553 ft: 1174 corp: 280/152Kb lim: 715 exec/s: 133 rss: 274Mb L: 590/706 MS: 2 ChangeBit-EraseBytes-
#155889	NEW    cov: 553 ft: 1175 corp: 281/152Kb lim: 715 exec/s: 133 rss: 274Mb L: 682/706 MS: 3 ChangeBinInt-ChangeBit-ChangeBinInt-
#156529	REDUCE cov: 553 ft: 1175 corp: 281/152Kb lim: 715 exec/s: 132 rss: 274Mb L: 535/706 MS: 5 ShuffleBytes-ChangeBit-InsertByte-ChangeASCIIInt-EraseBytes-
#157559	REDUCE cov: 553 ft: 1176 corp: 282/153Kb lim: 724 exec/s: 132 rss: 274Mb L: 702/706 MS: 5 ChangeASCIIInt-InsertByte-PersAutoDict-ChangeBit-CopyPart- DE: "GL_ANGLE_tex"-
#159065	REDUCE cov: 553 ft: 1176 corp: 282/153Kb lim: 733 exec/s: 133 rss: 274Mb L: 514/706 MS: 1 EraseBytes-
#159468	REDUCE cov: 553 ft: 1176 corp: 282/153Kb lim: 733 exec/s: 133 rss: 274Mb L: 522/706 MS: 3 ChangeByte-ChangeBinInt-EraseBytes-
#159865	REDUCE cov: 553 ft: 1176 corp: 282/153Kb lim: 733 exec/s: 133 rss: 274Mb L: 546/706 MS: 2 ChangeBinInt-EraseBytes-
#160698	NEW    cov: 553 ft: 1180 corp: 283/153Kb lim: 733 exec/s: 133 rss: 274Mb L: 666/706 MS: 3 InsertRepeatedBytes-ChangeBinInt-InsertRepeatedBytes-
#161193	REDUCE cov: 553 ft: 1180 corp: 283/153Kb lim: 733 exec/s: 133 rss: 274Mb L: 538/706 MS: 5 ChangeBinInt-ChangeBit-CopyPart-ShuffleBytes-EraseBytes-
#162029	NEW    cov: 553 ft: 1181 corp: 284/154Kb lim: 733 exec/s: 133 rss: 274Mb L: 638/706 MS: 1 CopyPart-
#162032	NEW    cov: 553 ft: 1183 corp: 285/154Kb lim: 733 exec/s: 133 rss: 274Mb L: 542/706 MS: 3 ChangeBinInt-ChangeBit-CopyPart-
#162976	REDUCE cov: 553 ft: 1183 corp: 285/154Kb lim: 742 exec/s: 133 rss: 274Mb L: 546/706 MS: 4 ChangeBit-CopyPart-CMP-CrossOver- DE: "GL_ARB_framebuffer_no_attac"-
#163280	NEW    cov: 553 ft: 1184 corp: 286/155Kb lim: 742 exec/s: 133 rss: 274Mb L: 650/706 MS: 4 ShuffleBytes-InsertByte-ChangeBinInt-CopyPart-
#163361	REDUCE cov: 553 ft: 1184 corp: 286/155Kb lim: 742 exec/s: 133 rss: 274Mb L: 545/706 MS: 1 EraseBytes-
#163672	NEW    cov: 553 ft: 1186 corp: 287/156Kb lim: 742 exec/s: 133 rss: 274Mb L: 682/706 MS: 1 CMP- DE: "GL_OES_vertex_array_object"-
#163738	NEW    cov: 555 ft: 1188 corp: 288/156Kb lim: 742 exec/s: 133 rss: 274Mb L: 646/706 MS: 1 InsertRepeatedBytes-
#165109	REDUCE cov: 555 ft: 1188 corp: 288/156Kb lim: 751 exec/s: 133 rss: 274Mb L: 594/706 MS: 1 EraseBytes-
#165205	REDUCE cov: 555 ft: 1188 corp: 288/156Kb lim: 751 exec/s: 133 rss: 274Mb L: 666/706 MS: 1 EraseBytes-
#165236	NEW    cov: 555 ft: 1189 corp: 289/157Kb lim: 751 exec/s: 133 rss: 274Mb L: 706/706 MS: 1 ChangeByte-
#165276	NEW    cov: 555 ft: 1192 corp: 290/158Kb lim: 751 exec/s: 133 rss: 274Mb L: 714/714 MS: 5 ChangeBit-InsertByte-CMP-ShuffleBytes-InsertRepeatedBytes- DE: "\xff\xff\xff\x04"-
#165373	REDUCE cov: 555 ft: 1192 corp: 290/158Kb lim: 751 exec/s: 133 rss: 274Mb L: 685/714 MS: 2 CopyPart-EraseBytes-
#165705	REDUCE cov: 555 ft: 1192 corp: 290/157Kb lim: 751 exec/s: 133 rss: 274Mb L: 562/714 MS: 2 ShuffleBytes-EraseBytes-
#165941	NEW    cov: 555 ft: 1193 corp: 291/158Kb lim: 751 exec/s: 133 rss: 274Mb L: 706/714 MS: 1 CMP- DE: "\x00\x00\x00\x00\x00\x00\x02\x0e"-
#166663	REDUCE cov: 555 ft: 1193 corp: 291/158Kb lim: 751 exec/s: 133 rss: 274Mb L: 522/714 MS: 2 CMP-EraseBytes- DE: "\xff\xff\xff$"-
#168095	NEW    cov: 560 ft: 1199 corp: 292/159Kb lim: 760 exec/s: 133 rss: 274Mb L: 558/714 MS: 2 PersAutoDict-InsertByte- DE: "GL_ARB_framebuffer_no_attachmen"-
#168497	REDUCE cov: 560 ft: 1199 corp: 292/158Kb lim: 760 exec/s: 133 rss: 274Mb L: 526/714 MS: 2 ChangeBit-EraseBytes-
#168708	NEW    cov: 560 ft: 1201 corp: 293/159Kb lim: 760 exec/s: 133 rss: 274Mb L: 706/714 MS: 1 PersAutoDict- DE: "\x9e\x02\x00\x00\x00\x00\x00\x00"-
#168886	REDUCE cov: 560 ft: 1202 corp: 294/160Kb lim: 760 exec/s: 133 rss: 274Mb L: 651/714 MS: 3 ChangeBinInt-InsertRepeatedBytes-EraseBytes-
#168888	REDUCE cov: 560 ft: 1202 corp: 294/160Kb lim: 760 exec/s: 133 rss: 274Mb L: 518/714 MS: 2 InsertRepeatedBytes-EraseBytes-
#169344	NEW    cov: 560 ft: 1203 corp: 295/160Kb lim: 760 exec/s: 133 rss: 274Mb L: 526/714 MS: 1 ChangeBit-
#169645	NEW    cov: 560 ft: 1209 corp: 296/161Kb lim: 760 exec/s: 133 rss: 274Mb L: 714/714 MS: 1 PersAutoDict- DE: "\x00\x00\x00\x00\x00\x00\x02\x0e"-
#170011	NEW    cov: 560 ft: 1211 corp: 297/162Kb lim: 760 exec/s: 133 rss: 274Mb L: 558/714 MS: 1 ChangeBinInt-
#170556	NEW    cov: 560 ft: 1213 corp: 298/162Kb lim: 760 exec/s: 133 rss: 274Mb L: 706/714 MS: 5 ChangeASCIIInt-InsertByte-ChangeBinInt-ChangeBit-CMP- DE: "GL_ARB_framebuffer_no_a"-
#171427	NEW    cov: 560 ft: 1214 corp: 299/163Kb lim: 760 exec/s: 133 rss: 274Mb L: 750/750 MS: 1 InsertRepeatedBytes-
#171803	REDUCE cov: 560 ft: 1214 corp: 299/163Kb lim: 760 exec/s: 133 rss: 274Mb L: 590/750 MS: 1 CrossOver-
#171900	REDUCE cov: 560 ft: 1214 corp: 299/163Kb lim: 760 exec/s: 133 rss: 274Mb L: 514/750 MS: 2 ChangeASCIIInt-EraseBytes-
#172095	REDUCE cov: 560 ft: 1214 corp: 299/163Kb lim: 760 exec/s: 133 rss: 274Mb L: 526/750 MS: 5 ChangeBit-ChangeBinInt-ChangeByte-ChangeBit-CrossOver-
#172448	REDUCE cov: 560 ft: 1214 corp: 299/163Kb lim: 760 exec/s: 133 rss: 274Mb L: 554/750 MS: 3 CMP-CMP-EraseBytes- DE: "\x00\x00\x00\x00\x00\x00\x01\xfc"-"\x8c\x9d\x03\x00"-
#172479	REDUCE cov: 560 ft: 1214 corp: 299/163Kb lim: 760 exec/s: 134 rss: 274Mb L: 694/750 MS: 1 EraseBytes-
#173059	REDUCE cov: 560 ft: 1218 corp: 300/163Kb lim: 760 exec/s: 134 rss: 274Mb L: 710/750 MS: 5 PersAutoDict-InsertRepeatedBytes-CrossOver-CMP-EraseBytes- DE: "\xcc,\x00\x00"-"GL_ARB_framebuffer_"-
#174362	NEW    cov: 560 ft: 1219 corp: 301/164Kb lim: 769 exec/s: 134 rss: 274Mb L: 570/750 MS: 3 ShuffleBytes-PersAutoDict-PersAutoDict- DE: "GL_OES_texture_view"-"\x09\x00\x00\x00"-
#174795	REDUCE cov: 563 ft: 1222 corp: 302/165Kb lim: 769 exec/s: 134 rss: 274Mb L: 574/750 MS: 3 ChangeByte-PersAutoDict-CMP- DE: "\x9e\x02\x00\x00\x00\x00\x00\x00"-"\x03\x00\x00\x00\x00\x00\x00\x00"-
#175077	NEW    cov: 563 ft: 1223 corp: 303/165Kb lim: 769 exec/s: 134 rss: 274Mb L: 682/750 MS: 2 ChangeByte-PersAutoDict- DE: "GL_ARB_texture_mu"-
#175231	REDUCE cov: 563 ft: 1223 corp: 303/165Kb lim: 769 exec/s: 134 rss: 274Mb L: 630/750 MS: 4 EraseBytes-ShuffleBytes-ShuffleBytes-PersAutoDict- DE: "\x0e\x00\x00\x00"-
#175248	NEW    cov: 563 ft: 1224 corp: 304/166Kb lim: 769 exec/s: 134 rss: 274Mb L: 722/750 MS: 2 InsertRepeatedBytes-InsertByte-
#175541	REDUCE cov: 563 ft: 1224 corp: 304/166Kb lim: 769 exec/s: 134 rss: 274Mb L: 598/750 MS: 3 ChangeByte-CMP-EraseBytes- DE: "\xff\xff\xff\xff\xff\xff\x00\x87"-
#175970	REDUCE cov: 563 ft: 1224 corp: 304/166Kb lim: 769 exec/s: 134 rss: 274Mb L: 530/750 MS: 4 CMP-InsertByte-ChangeBit-EraseBytes- DE: "\x02\x00\x00\x00"-
#175997	REDUCE cov: 563 ft: 1224 corp: 304/166Kb lim: 769 exec/s: 134 rss: 274Mb L: 594/750 MS: 2 ChangeBit-EraseBytes-
#176620	REDUCE cov: 563 ft: 1227 corp: 305/166Kb lim: 769 exec/s: 134 rss: 274Mb L: 766/766 MS: 3 InsertRepeatedBytes-ChangeBinInt-CopyPart-
#176830	REDUCE cov: 563 ft: 1227 corp: 305/166Kb lim: 769 exec/s: 134 rss: 274Mb L: 526/766 MS: 5 PersAutoDict-ChangeBit-InsertByte-ChangeByte-CrossOver- DE: "\x07\x00"-
#178706	REDUCE cov: 563 ft: 1227 corp: 305/166Kb lim: 787 exec/s: 134 rss: 274Mb L: 606/766 MS: 1 EraseBytes-
#178987	REDUCE cov: 563 ft: 1227 corp: 305/166Kb lim: 787 exec/s: 134 rss: 274Mb L: 666/766 MS: 1 CrossOver-
#179380	NEW    cov: 563 ft: 1228 corp: 306/167Kb lim: 787 exec/s: 134 rss: 274Mb L: 526/766 MS: 3 CMP-ShuffleBytes-CopyPart- DE: " \x03\x00\x00\x00\x00\x00\x00"-
#179996	REDUCE cov: 563 ft: 1228 corp: 306/167Kb lim: 787 exec/s: 134 rss: 274Mb L: 570/766 MS: 1 EraseBytes-
#181176	REDUCE cov: 563 ft: 1228 corp: 306/167Kb lim: 796 exec/s: 134 rss: 274Mb L: 654/766 MS: 5 InsertRepeatedBytes-ChangeBit-ChangeBit-ShuffleBytes-EraseBytes-
#181577	REDUCE cov: 563 ft: 1228 corp: 306/167Kb lim: 796 exec/s: 134 rss: 274Mb L: 607/766 MS: 1 EraseBytes-
#181653	REDUCE cov: 563 ft: 1228 corp: 306/167Kb lim: 796 exec/s: 134 rss: 274Mb L: 518/766 MS: 1 EraseBytes-
#184399	REDUCE cov: 563 ft: 1229 corp: 307/167Kb lim: 823 exec/s: 134 rss: 274Mb L: 607/766 MS: 1 CopyPart-
#185451	REDUCE cov: 563 ft: 1229 corp: 307/167Kb lim: 832 exec/s: 134 rss: 274Mb L: 557/766 MS: 2 ShuffleBytes-EraseBytes-
#185935	REDUCE cov: 563 ft: 1229 corp: 307/167Kb lim: 832 exec/s: 134 rss: 274Mb L: 666/766 MS: 4 ShuffleBytes-PersAutoDict-InsertByte-EraseBytes- DE: "\x88\x01\x00\x00\x00\x00\x00\x00"-
#187404	REDUCE cov: 563 ft: 1229 corp: 307/167Kb lim: 841 exec/s: 134 rss: 274Mb L: 526/766 MS: 4 InsertByte-InsertByte-ChangeBit-EraseBytes-
#188193	REDUCE cov: 563 ft: 1229 corp: 307/167Kb lim: 841 exec/s: 134 rss: 274Mb L: 590/766 MS: 4 ChangeByte-ChangeByte-ChangeBit-EraseBytes-
#188472	NEW    cov: 563 ft: 1231 corp: 308/168Kb lim: 841 exec/s: 134 rss: 274Mb L: 566/766 MS: 4 PersAutoDict-ChangeByte-ChangeByte-InsertRepeatedBytes- DE: "GL_OES_vertex_array_object"-
#188479	REDUCE cov: 563 ft: 1233 corp: 309/168Kb lim: 841 exec/s: 134 rss: 274Mb L: 646/766 MS: 2 ChangeBinInt-InsertRepeatedBytes-
#188690	REDUCE cov: 563 ft: 1238 corp: 310/169Kb lim: 841 exec/s: 134 rss: 274Mb L: 557/766 MS: 1 ChangeBinInt-
#190073	NEW    cov: 566 ft: 1241 corp: 311/169Kb lim: 850 exec/s: 134 rss: 274Mb L: 582/766 MS: 3 ChangeASCIIInt-CopyPart-CMP- DE: "\x04\x00"-
#190794	REDUCE cov: 566 ft: 1241 corp: 311/169Kb lim: 850 exec/s: 134 rss: 274Mb L: 522/766 MS: 1 EraseBytes-
	NEW_FUNC[1/6]: 0x555450 in virgl_resource_create_from_pipe (/home/fuzzing/Desktop/virglrenderer-master/build/src/virgl_fuzzer+0x555450)
	NEW_FUNC[2/6]: 0x55c9d0 in vrend_decode_ctx_attach_resource (/home/fuzzing/Desktop/virglrenderer-master/build/src/virgl_fuzzer+0x55c9d0)
#191283	NEW    cov: 581 ft: 1257 corp: 312/170Kb lim: 850 exec/s: 134 rss: 274Mb L: 557/766 MS: 4 ShuffleBytes-ChangeBinInt-ChangeBit-ChangeByte-
	NEW_FUNC[1/3]: 0x5552e0 in virgl_resource_destroy_func (/home/fuzzing/Desktop/virglrenderer-master/build/src/virgl_fuzzer+0x5552e0)
	NEW_FUNC[2/3]: 0x595220 in vrend_pipe_resource_unref (/home/fuzzing/Desktop/virglrenderer-master/build/src/virgl_fuzzer+0x595220)
#191679	NEW    cov: 591 ft: 1267 corp: 313/170Kb lim: 850 exec/s: 134 rss: 274Mb L: 557/766 MS: 1 ChangeByte-
#192473	NEW    cov: 591 ft: 1268 corp: 314/171Kb lim: 850 exec/s: 134 rss: 274Mb L: 682/766 MS: 4 ChangeBinInt-CopyPart-ChangeBit-ShuffleBytes-
#192809	REDUCE cov: 591 ft: 1268 corp: 314/171Kb lim: 850 exec/s: 134 rss: 274Mb L: 586/766 MS: 1 EraseBytes-
#193580	REDUCE cov: 591 ft: 1268 corp: 314/171Kb lim: 850 exec/s: 134 rss: 274Mb L: 522/766 MS: 1 CrossOver-
#193658	REDUCE cov: 591 ft: 1268 corp: 314/171Kb lim: 850 exec/s: 134 rss: 274Mb L: 518/766 MS: 3 ChangeASCIIInt-CMP-CrossOver- DE: "GL_OES_viewport_array"-
#193744	REDUCE cov: 591 ft: 1268 corp: 314/171Kb lim: 850 exec/s: 134 rss: 274Mb L: 555/766 MS: 1 EraseBytes-
#194120	REDUCE cov: 591 ft: 1268 corp: 314/171Kb lim: 850 exec/s: 134 rss: 274Mb L: 618/766 MS: 1 EraseBytes-
#194468	REDUCE cov: 591 ft: 1268 corp: 314/171Kb lim: 850 exec/s: 134 rss: 274Mb L: 634/766 MS: 3 InsertByte-ChangeByte-EraseBytes-
#195970	REDUCE cov: 591 ft: 1268 corp: 314/171Kb lim: 859 exec/s: 134 rss: 274Mb L: 558/766 MS: 2 PersAutoDict-EraseBytes- DE: "\x00\x00\x00\x00\x00\x00\x00\xd2"-
#196696	NEW    cov: 591 ft: 1269 corp: 315/171Kb lim: 859 exec/s: 134 rss: 274Mb L: 682/766 MS: 1 ShuffleBytes-
#196987	REDUCE cov: 591 ft: 1269 corp: 315/171Kb lim: 859 exec/s: 134 rss: 274Mb L: 674/722 MS: 1 CrossOver-
#197204	NEW    cov: 591 ft: 1270 corp: 316/172Kb lim: 859 exec/s: 134 rss: 274Mb L: 746/746 MS: 2 InsertRepeatedBytes-PersAutoDict- DE: "\x07\x00\x00\x00"-
#197560	REDUCE cov: 591 ft: 1270 corp: 316/172Kb lim: 859 exec/s: 134 rss: 274Mb L: 542/746 MS: 1 EraseBytes-
#197562	REDUCE cov: 591 ft: 1270 corp: 316/172Kb lim: 859 exec/s: 134 rss: 274Mb L: 610/746 MS: 2 ChangeByte-EraseBytes-
#198062	REDUCE cov: 591 ft: 1270 corp: 316/172Kb lim: 859 exec/s: 134 rss: 274Mb L: 530/746 MS: 5 ChangeByte-ChangeBit-ChangeASCIIInt-ChangeBit-EraseBytes-
#198090	NEW    cov: 591 ft: 1292 corp: 317/172Kb lim: 859 exec/s: 134 rss: 274Mb L: 558/746 MS: 3 InsertByte-CMP-ChangeBinInt- DE: "GL_OES_texture_float"-
#198226	REDUCE cov: 591 ft: 1295 corp: 318/173Kb lim: 859 exec/s: 134 rss: 274Mb L: 602/746 MS: 1 ChangeByte-
#198432	REDUCE cov: 591 ft: 1295 corp: 318/173Kb lim: 859 exec/s: 134 rss: 274Mb L: 630/746 MS: 1 EraseBytes-
#199110	REDUCE cov: 591 ft: 1295 corp: 318/173Kb lim: 859 exec/s: 134 rss: 274Mb L: 543/746 MS: 3 EraseBytes-ChangeBinInt-CrossOver-
#199361	NEW    cov: 592 ft: 1296 corp: 319/173Kb lim: 859 exec/s: 134 rss: 274Mb L: 559/746 MS: 1 InsertByte-
#199712	NEW    cov: 592 ft: 1306 corp: 320/174Kb lim: 859 exec/s: 134 rss: 274Mb L: 559/746 MS: 1 InsertByte-
#199728	REDUCE cov: 592 ft: 1306 corp: 320/174Kb lim: 859 exec/s: 134 rss: 274Mb L: 654/746 MS: 1 EraseBytes-
#199856	REDUCE cov: 592 ft: 1307 corp: 321/175Kb lim: 859 exec/s: 134 rss: 274Mb L: 586/746 MS: 3 ChangeBinInt-ChangeBit-CopyPart-
#199875	REDUCE cov: 592 ft: 1307 corp: 321/174Kb lim: 859 exec/s: 134 rss: 274Mb L: 526/746 MS: 4 CrossOver-EraseBytes-CopyPart-CrossOver-
#199961	REDUCE cov: 592 ft: 1307 corp: 321/174Kb lim: 859 exec/s: 134 rss: 274Mb L: 566/746 MS: 1 EraseBytes-
#199997	REDUCE cov: 592 ft: 1307 corp: 321/174Kb lim: 859 exec/s: 134 rss: 274Mb L: 522/746 MS: 1 EraseBytes-
#200713	NEW    cov: 592 ft: 1308 corp: 322/175Kb lim: 859 exec/s: 134 rss: 274Mb L: 734/746 MS: 1 InsertRepeatedBytes-
#200818	NEW    cov: 592 ft: 1309 corp: 323/176Kb lim: 859 exec/s: 134 rss: 274Mb L: 678/746 MS: 5 CopyPart-ChangeByte-CMP-InsertRepeatedBytes-InsertRepeatedBytes- DE: ".\x00\x00\x00"-
#201314	REDUCE cov: 595 ft: 1312 corp: 324/176Kb lim: 859 exec/s: 134 rss: 274Mb L: 518/746 MS: 1 ChangeBit-
#201622	REDUCE cov: 596 ft: 1313 corp: 325/177Kb lim: 859 exec/s: 134 rss: 274Mb L: 782/782 MS: 3 InsertRepeatedBytes-InsertRepeatedBytes-PersAutoDict- DE: "\x08\x00\x00\x00\x00\x00\x00\x00"-
#201735	REDUCE cov: 598 ft: 1315 corp: 326/178Kb lim: 859 exec/s: 134 rss: 274Mb L: 534/782 MS: 3 InsertRepeatedBytes-PersAutoDict-InsertRepeatedBytes- DE: "\x08\x00\x00\x00\x00\x00\x00\x00"-
#201775	REDUCE cov: 598 ft: 1315 corp: 326/178Kb lim: 859 exec/s: 134 rss: 274Mb L: 614/782 MS: 5 CMP-ChangeASCIIInt-ShuffleBytes-ChangeASCIIInt-EraseBytes- DE: "\xb7\x02\x00\x00\x00\x00\x00\x00"-
#201811	REDUCE cov: 598 ft: 1315 corp: 326/178Kb lim: 859 exec/s: 134 rss: 274Mb L: 555/782 MS: 1 EraseBytes-
#202558	REDUCE cov: 598 ft: 1315 corp: 326/178Kb lim: 859 exec/s: 134 rss: 274Mb L: 555/782 MS: 2 EraseBytes-InsertRepeatedBytes-
#203073	REDUCE cov: 598 ft: 1315 corp: 326/177Kb lim: 859 exec/s: 134 rss: 274Mb L: 602/782 MS: 5 CopyPart-CopyPart-CopyPart-InsertByte-EraseBytes-
#204329	REDUCE cov: 598 ft: 1315 corp: 326/177Kb lim: 868 exec/s: 135 rss: 274Mb L: 522/782 MS: 1 CrossOver-
#204770	REDUCE cov: 598 ft: 1315 corp: 326/177Kb lim: 868 exec/s: 135 rss: 274Mb L: 602/782 MS: 1 EraseBytes-
#205500	REDUCE cov: 598 ft: 1315 corp: 326/177Kb lim: 868 exec/s: 135 rss: 274Mb L: 550/782 MS: 5 PersAutoDict-ChangeBinInt-ChangeBit-ShuffleBytes-EraseBytes- DE: "\xff\xff\xff\xff"-
#205652	REDUCE cov: 598 ft: 1315 corp: 326/177Kb lim: 868 exec/s: 135 rss: 274Mb L: 518/782 MS: 2 ChangeBinInt-EraseBytes-
#206361	REDUCE cov: 598 ft: 1315 corp: 326/177Kb lim: 868 exec/s: 135 rss: 274Mb L: 545/782 MS: 4 CopyPart-CMP-CMP-EraseBytes- DE: "\x0f\x00\x00\x00"-"\x01\x02\x00\x00\x00\x00\x00\x00"-
#206819	REDUCE cov: 598 ft: 1315 corp: 326/177Kb lim: 868 exec/s: 135 rss: 274Mb L: 574/782 MS: 3 PersAutoDict-ChangeByte-EraseBytes- DE: "\x00\x00\x00\x00\x00\x00\x01\xfc"-
#206988	NEW    cov: 598 ft: 1320 corp: 327/178Kb lim: 868 exec/s: 135 rss: 274Mb L: 726/782 MS: 4 CrossOver-CrossOver-PersAutoDict-PersAutoDict- DE: "GL_ARB_framebuffer_no"-"\x07\x00\x00\x00"-
#208064	REDUCE cov: 598 ft: 1320 corp: 327/178Kb lim: 877 exec/s: 135 rss: 274Mb L: 554/782 MS: 1 EraseBytes-
#208401	REDUCE cov: 598 ft: 1320 corp: 327/178Kb lim: 877 exec/s: 135 rss: 274Mb L: 534/782 MS: 2 ChangeByte-EraseBytes-
#208849	NEW    cov: 598 ft: 1321 corp: 328/178Kb lim: 877 exec/s: 135 rss: 274Mb L: 682/782 MS: 3 ChangeBinInt-ShuffleBytes-CopyPart-
#209707	REDUCE cov: 598 ft: 1321 corp: 328/178Kb lim: 877 exec/s: 135 rss: 274Mb L: 522/782 MS: 3 InsertByte-InsertRepeatedBytes-EraseBytes-
#209714	REDUCE cov: 598 ft: 1324 corp: 329/179Kb lim: 877 exec/s: 135 rss: 274Mb L: 610/782 MS: 2 InsertRepeatedBytes-InsertByte-
#210137	NEW    cov: 598 ft: 1326 corp: 330/180Kb lim: 877 exec/s: 135 rss: 274Mb L: 610/782 MS: 3 ShuffleBytes-ChangeBinInt-CMP- DE: "\xff\xff\xff2"-
#210219	NEW    cov: 598 ft: 1327 corp: 331/180Kb lim: 877 exec/s: 135 rss: 274Mb L: 822/822 MS: 2 InsertByte-InsertRepeatedBytes-
#210721	REDUCE cov: 598 ft: 1327 corp: 331/180Kb lim: 877 exec/s: 135 rss: 274Mb L: 582/822 MS: 2 ChangeByte-EraseBytes-
#211074	NEW    cov: 598 ft: 1328 corp: 332/181Kb lim: 877 exec/s: 135 rss: 274Mb L: 558/822 MS: 3 CopyPart-ChangeBit-ChangeBinInt-
#211450	NEW    cov: 598 ft: 1329 corp: 333/181Kb lim: 877 exec/s: 135 rss: 274Mb L: 557/822 MS: 1 CopyPart-
#212846	REDUCE cov: 598 ft: 1329 corp: 333/181Kb lim: 886 exec/s: 135 rss: 274Mb L: 558/822 MS: 1 EraseBytes-
#213281	REDUCE cov: 598 ft: 1329 corp: 333/181Kb lim: 886 exec/s: 135 rss: 274Mb L: 530/822 MS: 5 ChangeBit-InsertByte-ChangeASCIIInt-ShuffleBytes-EraseBytes-
#213319	REDUCE cov: 598 ft: 1329 corp: 333/181Kb lim: 886 exec/s: 135 rss: 274Mb L: 514/822 MS: 3 CopyPart-InsertRepeatedBytes-EraseBytes-
#214429	NEW    cov: 601 ft: 1339 corp: 334/182Kb lim: 895 exec/s: 135 rss: 274Mb L: 622/822 MS: 5 InsertRepeatedBytes-PersAutoDict-ChangeBinInt-PersAutoDict-InsertByte- DE: "\x01\x00\x00\x00\x00\x00\x00\x95"-"y\x01\x00\x00\x00\x00\x00\x00"-
#215476	REDUCE cov: 603 ft: 1341 corp: 335/182Kb lim: 904 exec/s: 135 rss: 274Mb L: 569/822 MS: 2 InsertRepeatedBytes-ChangeBit-
#215535	NEW    cov: 603 ft: 1344 corp: 336/183Kb lim: 904 exec/s: 135 rss: 274Mb L: 622/822 MS: 4 ShuffleBytes-CMP-ChangeByte-ChangeByte- DE: "GL_KHR_context_flush_contro"-
	NEW_FUNC[1/1]: 0x575580 in vrend_set_index_buffer (/home/fuzzing/Desktop/virglrenderer-master/build/src/virgl_fuzzer+0x575580)
#216085	REDUCE cov: 606 ft: 1347 corp: 337/184Kb lim: 904 exec/s: 135 rss: 274Mb L: 782/822 MS: 5 ChangeBit-ChangeBit-ChangeByte-ChangeBinInt-InsertRepeatedBytes-
#216328	NEW    cov: 606 ft: 1349 corp: 338/184Kb lim: 904 exec/s: 135 rss: 274Mb L: 666/822 MS: 3 CrossOver-EraseBytes-PersAutoDict- DE: "\x88\x01\x00\x00\x00\x00\x00\x00"-
#216831	NEW    cov: 606 ft: 1350 corp: 339/185Kb lim: 904 exec/s: 135 rss: 274Mb L: 678/822 MS: 3 CopyPart-ChangeBit-InsertByte-
#216853	REDUCE cov: 606 ft: 1351 corp: 340/185Kb lim: 904 exec/s: 135 rss: 274Mb L: 559/822 MS: 2 EraseBytes-CopyPart-
#216972	REDUCE cov: 606 ft: 1351 corp: 340/185Kb lim: 904 exec/s: 135 rss: 274Mb L: 521/822 MS: 4 InsertRepeatedBytes-ChangeBit-PersAutoDict-EraseBytes- DE: "GL_KHR_context_flush_contro"-
#217546	REDUCE cov: 606 ft: 1351 corp: 340/185Kb lim: 904 exec/s: 135 rss: 274Mb L: 554/822 MS: 4 CopyPart-ChangeBinInt-ShuffleBytes-EraseBytes-
#217687	NEW    cov: 606 ft: 1352 corp: 341/186Kb lim: 904 exec/s: 135 rss: 274Mb L: 575/822 MS: 1 InsertRepeatedBytes-
#217828	NEW    cov: 606 ft: 1353 corp: 342/187Kb lim: 904 exec/s: 135 rss: 274Mb L: 559/822 MS: 1 ChangeBinInt-
#217954	REDUCE cov: 609 ft: 1357 corp: 343/187Kb lim: 904 exec/s: 135 rss: 274Mb L: 526/822 MS: 1 PersAutoDict- DE: "8\x02\x00\x00\x00\x00\x00\x00"-
#218243	REDUCE cov: 609 ft: 1357 corp: 343/187Kb lim: 904 exec/s: 135 rss: 274Mb L: 514/822 MS: 4 CopyPart-InsertRepeatedBytes-CrossOver-InsertRepeatedBytes-
#218836	REDUCE cov: 609 ft: 1357 corp: 343/187Kb lim: 904 exec/s: 135 rss: 274Mb L: 527/822 MS: 3 ChangeBit-CMP-EraseBytes- DE: "GL_ARB_vertex_buff"-
#219197	REDUCE cov: 609 ft: 1357 corp: 343/187Kb lim: 904 exec/s: 135 rss: 274Mb L: 530/822 MS: 1 EraseBytes-
#219594	REDUCE cov: 609 ft: 1357 corp: 343/187Kb lim: 904 exec/s: 135 rss: 274Mb L: 566/822 MS: 2 ChangeByte-EraseBytes-
#219625	REDUCE cov: 609 ft: 1357 corp: 343/187Kb lim: 904 exec/s: 135 rss: 274Mb L: 654/822 MS: 1 EraseBytes-
#219661	REDUCE cov: 609 ft: 1357 corp: 343/187Kb lim: 904 exec/s: 135 rss: 274Mb L: 614/822 MS: 1 EraseBytes-
#219702	NEW    cov: 609 ft: 1360 corp: 344/188Kb lim: 904 exec/s: 135 rss: 274Mb L: 678/822 MS: 1 CopyPart-
#220943	NEW    cov: 612 ft: 1367 corp: 345/188Kb lim: 913 exec/s: 136 rss: 274Mb L: 734/822 MS: 1 CopyPart-
#220974	REDUCE cov: 612 ft: 1367 corp: 345/188Kb lim: 913 exec/s: 135 rss: 274Mb L: 558/822 MS: 1 EraseBytes-
#221750	REDUCE cov: 612 ft: 1367 corp: 345/188Kb lim: 913 exec/s: 136 rss: 274Mb L: 550/822 MS: 1 EraseBytes-
#222352	NEW    cov: 614 ft: 1369 corp: 346/189Kb lim: 913 exec/s: 135 rss: 274Mb L: 573/822 MS: 2 ChangeBit-CMP- DE: "\x00\x00\x00\x0d"-
#222438	NEW    cov: 614 ft: 1377 corp: 347/189Kb lim: 913 exec/s: 136 rss: 274Mb L: 726/822 MS: 1 InsertRepeatedBytes-
#222464	NEW    cov: 614 ft: 1378 corp: 348/190Kb lim: 913 exec/s: 135 rss: 274Mb L: 610/822 MS: 1 ChangeBinInt-
#222633	NEW    cov: 614 ft: 1379 corp: 349/191Kb lim: 913 exec/s: 136 rss: 274Mb L: 558/822 MS: 4 ShuffleBytes-ChangeByte-InsertByte-ChangeByte-
#223778	REDUCE cov: 614 ft: 1379 corp: 349/191Kb lim: 922 exec/s: 136 rss: 274Mb L: 525/822 MS: 5 EraseBytes-ChangeASCIIInt-ShuffleBytes-PersAutoDict-PersAutoDict- DE: "GL_ANGLE_tex"-"\x00\x00\x00\x00\x00\x00\x02\x0e"-
#224934	REDUCE cov: 614 ft: 1379 corp: 349/190Kb lim: 931 exec/s: 136 rss: 275Mb L: 614/822 MS: 1 EraseBytes-
#225594	NEW    cov: 614 ft: 1380 corp: 350/191Kb lim: 931 exec/s: 136 rss: 275Mb L: 931/931 MS: 5 ChangeBit-InsertByte-CopyPart-ChangeBinInt-CrossOver-
#225911	REDUCE cov: 614 ft: 1380 corp: 350/191Kb lim: 931 exec/s: 136 rss: 275Mb L: 534/931 MS: 2 CopyPart-EraseBytes-
#226720	NEW    cov: 614 ft: 1381 corp: 351/192Kb lim: 931 exec/s: 136 rss: 275Mb L: 603/931 MS: 4 ChangeByte-EraseBytes-InsertRepeatedBytes-InsertByte-
#227172	REDUCE cov: 614 ft: 1383 corp: 352/192Kb lim: 931 exec/s: 136 rss: 275Mb L: 558/931 MS: 2 InsertRepeatedBytes-PersAutoDict- DE: "\x88\x01\x00\x00\x00\x00\x00\x00"-
#227336	REDUCE cov: 614 ft: 1383 corp: 352/192Kb lim: 931 exec/s: 136 rss: 275Mb L: 590/931 MS: 4 InsertByte-CMP-EraseBytes-InsertRepeatedBytes- DE: "GL_ARB_vertex_buffer_object"-
#227881	NEW    cov: 614 ft: 1384 corp: 353/193Kb lim: 931 exec/s: 136 rss: 275Mb L: 910/931 MS: 5 ChangeBinInt-CopyPart-CopyPart-ChangeBinInt-InsertRepeatedBytes-
#228067	NEW    cov: 615 ft: 1385 corp: 354/194Kb lim: 931 exec/s: 136 rss: 275Mb L: 557/931 MS: 1 PersAutoDict- DE: "\x01\x00\x00\x02"-
#228265	REDUCE cov: 615 ft: 1385 corp: 354/194Kb lim: 931 exec/s: 136 rss: 275Mb L: 554/931 MS: 3 ChangeBit-ShuffleBytes-EraseBytes-
#228328	REDUCE cov: 615 ft: 1385 corp: 354/194Kb lim: 931 exec/s: 136 rss: 275Mb L: 642/931 MS: 3 ChangeBinInt-InsertByte-EraseBytes-
#228618	REDUCE cov: 615 ft: 1385 corp: 354/194Kb lim: 931 exec/s: 136 rss: 275Mb L: 555/931 MS: 5 ChangeByte-ChangeBinInt-CopyPart-PersAutoDict-EraseBytes- DE: "\x00\x00\x00\x00\x00\x00\x01\xfc"-
#229772	REDUCE cov: 616 ft: 1386 corp: 355/194Kb lim: 940 exec/s: 136 rss: 275Mb L: 563/931 MS: 4 CMP-ChangeBinInt-ChangeBit-CMP- DE: "GL_ARB_vertex_buffer_obj"-"\x00\x00\x00\x00\x00\x00\x00\x01"-
#229942	NEW    cov: 616 ft: 1387 corp: 356/195Kb lim: 940 exec/s: 136 rss: 275Mb L: 682/931 MS: 5 CopyPart-ChangeBit-ChangeBit-CopyPart-ChangeBinInt-
#230121	REDUCE cov: 616 ft: 1387 corp: 356/195Kb lim: 940 exec/s: 136 rss: 275Mb L: 529/931 MS: 4 InsertByte-ChangeBit-InsertByte-EraseBytes-
#230512	REDUCE cov: 616 ft: 1387 corp: 356/195Kb lim: 940 exec/s: 136 rss: 275Mb L: 525/931 MS: 1 EraseBytes-
#230589	REDUCE cov: 616 ft: 1387 corp: 356/195Kb lim: 940 exec/s: 136 rss: 275Mb L: 562/931 MS: 2 InsertRepeatedBytes-EraseBytes-
#231557	REDUCE cov: 616 ft: 1387 corp: 356/195Kb lim: 949 exec/s: 136 rss: 275Mb L: 666/931 MS: 3 EraseBytes-InsertRepeatedBytes-InsertByte-
#231666	REDUCE cov: 618 ft: 1389 corp: 357/196Kb lim: 949 exec/s: 136 rss: 275Mb L: 926/931 MS: 4 PersAutoDict-CrossOver-ChangeBit-EraseBytes- DE: "GL_OES_sample_shading"-
#232154	REDUCE cov: 618 ft: 1389 corp: 357/196Kb lim: 949 exec/s: 136 rss: 275Mb L: 614/931 MS: 3 InsertByte-ShuffleBytes-EraseBytes-
#232415	REDUCE cov: 618 ft: 1389 corp: 357/196Kb lim: 949 exec/s: 136 rss: 275Mb L: 546/931 MS: 1 EraseBytes-
#233636	REDUCE cov: 618 ft: 1389 corp: 357/196Kb lim: 958 exec/s: 136 rss: 275Mb L: 666/931 MS: 1 EraseBytes-
#233732	REDUCE cov: 618 ft: 1389 corp: 357/196Kb lim: 958 exec/s: 136 rss: 275Mb L: 570/931 MS: 1 EraseBytes-
#233764	REDUCE cov: 618 ft: 1389 corp: 357/195Kb lim: 958 exec/s: 136 rss: 275Mb L: 538/931 MS: 2 CopyPart-EraseBytes-
#234939	REDUCE cov: 618 ft: 1389 corp: 357/195Kb lim: 967 exec/s: 136 rss: 275Mb L: 522/931 MS: 5 CMP-ShuffleBytes-CopyPart-PersAutoDict-EraseBytes- DE: "GL_KHR_texture_compression_"-"GL_ARB_vertex_buffer_object"-
	NEW_FUNC[1/1]: 0x5b03e0 in vrend_set_blend_color (/home/fuzzing/Desktop/virglrenderer-master/build/src/virgl_fuzzer+0x5b03e0)
#235821	REDUCE cov: 620 ft: 1391 corp: 358/196Kb lim: 967 exec/s: 136 rss: 275Mb L: 522/931 MS: 2 CMP-ChangeBinInt- DE: "GL_OES_sample_shading"-
#236082	REDUCE cov: 620 ft: 1391 corp: 358/196Kb lim: 967 exec/s: 136 rss: 275Mb L: 590/931 MS: 1 EraseBytes-
#236398	REDUCE cov: 620 ft: 1391 corp: 358/196Kb lim: 967 exec/s: 136 rss: 275Mb L: 606/931 MS: 1 EraseBytes-
#237615	NEW    cov: 620 ft: 1392 corp: 359/197Kb lim: 976 exec/s: 136 rss: 275Mb L: 862/931 MS: 2 InsertRepeatedBytes-InsertRepeatedBytes-
#238122	NEW    cov: 620 ft: 1394 corp: 360/197Kb lim: 976 exec/s: 136 rss: 275Mb L: 518/931 MS: 2 ChangeByte-EraseBytes-
#238199	REDUCE cov: 620 ft: 1394 corp: 360/197Kb lim: 976 exec/s: 136 rss: 275Mb L: 542/931 MS: 2 ChangeBinInt-EraseBytes-
#238865	REDUCE cov: 620 ft: 1394 corp: 360/197Kb lim: 976 exec/s: 136 rss: 275Mb L: 610/931 MS: 1 EraseBytes-
#240236	REDUCE cov: 620 ft: 1394 corp: 360/197Kb lim: 985 exec/s: 136 rss: 275Mb L: 551/931 MS: 1 EraseBytes-
#240672	REDUCE cov: 620 ft: 1394 corp: 360/197Kb lim: 985 exec/s: 136 rss: 275Mb L: 518/931 MS: 1 EraseBytes-
	NEW_FUNC[1/1]: 0x5c7df0 in vrend_renderer_pipe_resource_create (/home/fuzzing/Desktop/virglrenderer-master/build/src/virgl_fuzzer+0x5c7df0)
#241330	REDUCE cov: 623 ft: 1397 corp: 361/198Kb lim: 985 exec/s: 136 rss: 275Mb L: 702/931 MS: 3 InsertRepeatedBytes-InsertByte-PersAutoDict- DE: "GL_OES_texture_float"-
#241481	REDUCE cov: 623 ft: 1397 corp: 361/197Kb lim: 985 exec/s: 136 rss: 275Mb L: 546/926 MS: 1 EraseBytes-
#241953	REDUCE cov: 623 ft: 1397 corp: 361/197Kb lim: 985 exec/s: 136 rss: 275Mb L: 529/926 MS: 2 InsertRepeatedBytes-EraseBytes-
#242229	REDUCE cov: 623 ft: 1397 corp: 361/197Kb lim: 985 exec/s: 136 rss: 275Mb L: 551/926 MS: 1 EraseBytes-
#242529	NEW    cov: 623 ft: 1401 corp: 362/198Kb lim: 985 exec/s: 136 rss: 275Mb L: 818/926 MS: 5 InsertRepeatedBytes-InsertRepeatedBytes-ChangeASCIIInt-InsertByte-InsertRepeatedBytes-
#242875	REDUCE cov: 624 ft: 1402 corp: 363/199Kb lim: 985 exec/s: 136 rss: 275Mb L: 546/926 MS: 1 PersAutoDict- DE: "\x0f\x02\x00\x00\x00\x00\x00\x00"-
#242991	NEW    cov: 624 ft: 1407 corp: 364/199Kb lim: 985 exec/s: 136 rss: 275Mb L: 558/926 MS: 1 InsertByte-
#243045	REDUCE cov: 624 ft: 1407 corp: 364/199Kb lim: 985 exec/s: 136 rss: 275Mb L: 522/926 MS: 4 CMP-InsertRepeatedBytes-CopyPart-CrossOver- DE: "\x00\x00\x00\x00\x00\x00\x01\xfb"-
	NEW_FUNC[1/1]: 0x57a640 in vrend_clear (/home/fuzzing/Desktop/virglrenderer-master/build/src/virgl_fuzzer+0x57a640)
#243161	REDUCE cov: 650 ft: 1433 corp: 365/200Kb lim: 985 exec/s: 136 rss: 275Mb L: 602/926 MS: 1 ChangeByte-
#243648	REDUCE cov: 650 ft: 1433 corp: 365/200Kb lim: 985 exec/s: 136 rss: 275Mb L: 534/926 MS: 2 EraseBytes-CopyPart-
#243930	NEW    cov: 650 ft: 1434 corp: 366/200Kb lim: 985 exec/s: 136 rss: 275Mb L: 955/955 MS: 2 ChangeByte-CopyPart-
#244001	NEW    cov: 650 ft: 1435 corp: 367/201Kb lim: 985 exec/s: 136 rss: 275Mb L: 818/955 MS: 1 ChangeByte-
#244658	REDUCE cov: 650 ft: 1435 corp: 367/201Kb lim: 985 exec/s: 136 rss: 275Mb L: 538/955 MS: 2 CopyPart-EraseBytes-
#245111	REDUCE cov: 650 ft: 1435 corp: 367/201Kb lim: 985 exec/s: 136 rss: 275Mb L: 542/955 MS: 3 EraseBytes-ChangeByte-InsertByte-
#245635	REDUCE cov: 652 ft: 1437 corp: 368/202Kb lim: 985 exec/s: 136 rss: 275Mb L: 985/985 MS: 4 ShuffleBytes-CopyPart-CrossOver-ChangeByte-
#246226	REDUCE cov: 653 ft: 1438 corp: 369/202Kb lim: 985 exec/s: 136 rss: 275Mb L: 522/985 MS: 1 CopyPart-
#246447	REDUCE cov: 654 ft: 1439 corp: 370/203Kb lim: 985 exec/s: 136 rss: 275Mb L: 810/985 MS: 1 CopyPart-
#247345	REDUCE cov: 654 ft: 1439 corp: 370/203Kb lim: 985 exec/s: 136 rss: 275Mb L: 530/985 MS: 3 ChangeASCIIInt-ChangeBinInt-EraseBytes-
#247846	REDUCE cov: 654 ft: 1439 corp: 370/203Kb lim: 985 exec/s: 136 rss: 275Mb L: 943/955 MS: 1 EraseBytes-
#248405	REDUCE cov: 654 ft: 1439 corp: 370/203Kb lim: 985 exec/s: 136 rss: 275Mb L: 522/955 MS: 4 EraseBytes-InsertByte-CopyPart-InsertByte-
#248637	REDUCE cov: 654 ft: 1439 corp: 370/203Kb lim: 985 exec/s: 136 rss: 275Mb L: 802/955 MS: 2 ChangeByte-EraseBytes-
==169614== ERROR: libFuzzer: out-of-memory (used: 2985Mb; limit: 2048Mb)
   To change the out-of-memory limit use -rss_limit_mb=<N>

Live Heap Allocations: 4147481779 bytes in 13713 chunks; quarantined: 242221753 bytes in 24659 chunks; 63465 other chunks; total chunks: 101837; showing top 95% (at most 8 unique contexts)
4111267300 byte(s) (99%) in 5 allocation(s)
    #0 0x523e67 in posix_memalign (/home/fuzzing/Desktop/virglrenderer-master/build/src/virgl_fuzzer+0x523e67)
    #1 0x7faabfee9924  (/usr/lib/x86_64-linux-gnu/dri/swrast_dri.so+0x7fe924)

MS: 4 InsertRepeatedBytes-ChangeBit-InsertRepeatedBytes-ChangeBinInt-; base unit: e13984c2072b693e513f911d4366b57fa87c3e25
artifact_prefix='./'; Test unit written to ./oom-a9cb91cd7acb56401aba4ab1581035f4cb233ad8
SUMMARY: libFuzzer: out-of-memory
