INFO: Seed: 3148460057
INFO: Loaded 1 modules   (9467 inline 8-bit counters): 9467 [0x74c6a0, 0x74eb9b), 
INFO: Loaded 1 PC tables (9467 PCs): 9467 [0x6a2648,0x6c75f8), 
INFO: -max_len is not provided; libFuzzer will not generate inputs larger than 4096 bytes
INFO: A corpus is not provided, starting from an empty corpus
#2	INITED cov: 2 ft: 2 corp: 1/1b exec/s: 0 rss: 144Mb
	NEW_FUNC[1/36]: 0x554200 in fuzzer_create_gl_context (/home/fuzzing/Desktop/virglrenderer-master/build/src/virgl_fuzzer+0x554200)
	NEW_FUNC[2/36]: 0x554440 in fuzzer_destroy_gl_context (/home/fuzzing/Desktop/virglrenderer-master/build/src/virgl_fuzzer+0x554440)
#51690	NEW    cov: 127 ft: 128 corp: 2/518b lim: 517 exec/s: 0 rss: 196Mb L: 517/517 MS: 2 ChangeBit-CrossOver-
	NEW_FUNC[1/4]: 0x55f780 in vrend_decode_set_viewport_state (/home/fuzzing/Desktop/virglrenderer-master/build/src/virgl_fuzzer+0x55f780)
	NEW_FUNC[2/4]: 0x560560 in vrend_decode_set_vertex_buffers (/home/fuzzing/Desktop/virglrenderer-master/build/src/virgl_fuzzer+0x560560)
#51711	NEW    cov: 135 ft: 136 corp: 3/1035b lim: 517 exec/s: 0 rss: 268Mb L: 517/517 MS: 1 CrossOver-
	NEW_FUNC[1/3]: 0x5617b0 in vrend_decode_set_sampler_views (/home/fuzzing/Desktop/virglrenderer-master/build/src/virgl_fuzzer+0x5617b0)
	NEW_FUNC[2/3]: 0x56bbb0 in vrend_ctx_resource_lookup (/home/fuzzing/Desktop/virglrenderer-master/build/src/virgl_fuzzer+0x56bbb0)
#51780	NEW    cov: 145 ft: 157 corp: 4/1549b lim: 517 exec/s: 51780 rss: 271Mb L: 514/517 MS: 4 InsertByte-CrossOver-ChangeByte-EraseBytes-
#51782	NEW    cov: 146 ft: 158 corp: 5/2065b lim: 517 exec/s: 51782 rss: 271Mb L: 516/517 MS: 2 ChangeBinInt-CopyPart-
#51790	NEW    cov: 146 ft: 166 corp: 6/2580b lim: 517 exec/s: 51790 rss: 271Mb L: 515/517 MS: 3 ChangeASCIIInt-CMP-InsertByte- DE: "\x01\x00\x00\x00\x00\x00\x00\x87"-
	NEW_FUNC[1/1]: 0x594e80 in vrend_bind_sampler_states (/home/fuzzing/Desktop/virglrenderer-master/build/src/virgl_fuzzer+0x594e80)
#51815	NEW    cov: 149 ft: 169 corp: 7/3097b lim: 517 exec/s: 25907 rss: 271Mb L: 517/517 MS: 5 ChangeByte-ChangeBinInt-ShuffleBytes-ChangeBinInt-PersAutoDict- DE: "\x01\x00\x00\x00\x00\x00\x00\x87"-
	NEW_FUNC[1/5]: 0x55f5a0 in vrend_decode_bind_object (/home/fuzzing/Desktop/virglrenderer-master/build/src/virgl_fuzzer+0x55f5a0)
	NEW_FUNC[2/5]: 0x5619a0 in vrend_decode_set_index_buffer (/home/fuzzing/Desktop/virglrenderer-master/build/src/virgl_fuzzer+0x5619a0)
#51907	NEW    cov: 159 ft: 179 corp: 8/3614b lim: 517 exec/s: 25953 rss: 271Mb L: 517/517 MS: 2 ChangeASCIIInt-CrossOver-
#51946	NEW    cov: 162 ft: 186 corp: 9/4128b lim: 517 exec/s: 17315 rss: 271Mb L: 514/517 MS: 4 ChangeBinInt-ChangeASCIIInt-ChangeASCIIInt-PersAutoDict- DE: "\x01\x00\x00\x00\x00\x00\x00\x87"-
	NEW_FUNC[1/2]: 0x55cf00 in vrend_decode_dummy (/home/fuzzing/Desktop/virglrenderer-master/build/src/virgl_fuzzer+0x55cf00)
	NEW_FUNC[2/2]: 0x564290 in vrend_decode_set_render_condition (/home/fuzzing/Desktop/virglrenderer-master/build/src/virgl_fuzzer+0x564290)
#51950	NEW    cov: 165 ft: 191 corp: 10/4643b lim: 517 exec/s: 17316 rss: 271Mb L: 515/517 MS: 4 ChangeByte-ChangeBinInt-CopyPart-ChangeBit-
#51951	NEW    cov: 165 ft: 194 corp: 11/5160b lim: 517 exec/s: 17317 rss: 271Mb L: 517/517 MS: 1 CrossOver-
#52012	NEW    cov: 165 ft: 199 corp: 12/5677b lim: 517 exec/s: 13003 rss: 271Mb L: 517/517 MS: 1 CrossOver-
	NEW_FUNC[1/3]: 0x562350 in vrend_decode_blit (/home/fuzzing/Desktop/virglrenderer-master/build/src/virgl_fuzzer+0x562350)
	NEW_FUNC[2/3]: 0x5637b0 in vrend_decode_set_sample_mask (/home/fuzzing/Desktop/virglrenderer-master/build/src/virgl_fuzzer+0x5637b0)
#52110	NEW    cov: 171 ft: 205 corp: 13/6194b lim: 517 exec/s: 10422 rss: 271Mb L: 517/517 MS: 3 ShuffleBytes-CopyPart-CrossOver-
	NEW_FUNC[1/5]: 0x55c640 in vrend_debug_can_override (/home/fuzzing/Desktop/virglrenderer-master/build/src/virgl_fuzzer+0x55c640)
	NEW_FUNC[2/5]: 0x560710 in vrend_decode_clear (/home/fuzzing/Desktop/virglrenderer-master/build/src/virgl_fuzzer+0x560710)
#52129	NEW    cov: 180 ft: 214 corp: 14/6711b lim: 517 exec/s: 10425 rss: 271Mb L: 517/517 MS: 4 ChangeByte-CrossOver-CMP-CrossOver- DE: "\x15\x01\x00\x00\x00\x00\x00\x00"-
	NEW_FUNC[1/2]: 0x561d50 in vrend_decode_set_blend_color (/home/fuzzing/Desktop/virglrenderer-master/build/src/virgl_fuzzer+0x561d50)
	NEW_FUNC[2/2]: 0x564a40 in vrend_decode_set_shader_buffers (/home/fuzzing/Desktop/virglrenderer-master/build/src/virgl_fuzzer+0x564a40)
#52139	NEW    cov: 184 ft: 218 corp: 15/7228b lim: 517 exec/s: 10427 rss: 271Mb L: 517/517 MS: 5 ChangeBinInt-CopyPart-CrossOver-CopyPart-ChangeBit-
	NEW_FUNC[1/3]: 0x561ec0 in vrend_decode_set_scissor_state (/home/fuzzing/Desktop/virglrenderer-master/build/src/virgl_fuzzer+0x561ec0)
	NEW_FUNC[2/3]: 0x565a00 in vrend_decode_transfer3d (/home/fuzzing/Desktop/virglrenderer-master/build/src/virgl_fuzzer+0x565a00)
#52175	NEW    cov: 190 ft: 224 corp: 16/7745b lim: 517 exec/s: 8695 rss: 271Mb L: 517/517 MS: 1 CrossOver-
	NEW_FUNC[1/3]: 0x55fad0 in vrend_decode_set_framebuffer_state (/home/fuzzing/Desktop/virglrenderer-master/build/src/virgl_fuzzer+0x55fad0)
	NEW_FUNC[2/3]: 0x5611e0 in vrend_decode_resource_inline_write (/home/fuzzing/Desktop/virglrenderer-master/build/src/virgl_fuzzer+0x5611e0)
#52194	NEW    cov: 196 ft: 230 corp: 17/8262b lim: 517 exec/s: 8699 rss: 271Mb L: 517/517 MS: 4 ChangeASCIIInt-CopyPart-ShuffleBytes-CrossOver-
#52309	NEW    cov: 197 ft: 231 corp: 18/8779b lim: 517 exec/s: 7472 rss: 271Mb L: 517/517 MS: 5 ShuffleBytes-ChangeBinInt-CMP-PersAutoDict-PersAutoDict- DE: "~\x01\x00\x00\x00\x00\x00\x00"-"\x01\x00\x00\x00\x00\x00\x00\x87"-"\x01\x00\x00\x00\x00\x00\x00\x87"-
	NEW_FUNC[1/1]: 0x564f30 in vrend_decode_memory_barrier (/home/fuzzing/Desktop/virglrenderer-master/build/src/virgl_fuzzer+0x564f30)
#53025	NEW    cov: 199 ft: 233 corp: 19/9296b lim: 517 exec/s: 3314 rss: 271Mb L: 517/517 MS: 1 ChangeBit-
#53027	NEW    cov: 199 ft: 235 corp: 20/9810b lim: 517 exec/s: 3314 rss: 271Mb L: 514/517 MS: 2 ShuffleBytes-EraseBytes-
#53777	NEW    cov: 200 ft: 236 corp: 21/10327b lim: 517 exec/s: 2068 rss: 271Mb L: 517/517 MS: 5 CrossOver-ChangeBit-ChangeBit-ChangeBinInt-PersAutoDict- DE: "\x01\x00\x00\x00\x00\x00\x00\x87"-
#54338	NEW    cov: 200 ft: 243 corp: 22/10840b lim: 517 exec/s: 1598 rss: 271Mb L: 513/517 MS: 1 EraseBytes-
	NEW_FUNC[1/1]: 0x565860 in vrend_decode_get_query_result_qbo (/home/fuzzing/Desktop/virglrenderer-master/build/src/virgl_fuzzer+0x565860)
#54360	NEW    cov: 202 ft: 245 corp: 23/11354b lim: 517 exec/s: 1598 rss: 271Mb L: 514/517 MS: 2 CopyPart-PersAutoDict- DE: "\x15\x01\x00\x00\x00\x00\x00\x00"-
#54525	NEW    cov: 203 ft: 246 corp: 24/11868b lim: 517 exec/s: 1514 rss: 271Mb L: 514/517 MS: 5 ShuffleBytes-ShuffleBytes-ShuffleBytes-PersAutoDict-InsertByte- DE: "\x15\x01\x00\x00\x00\x00\x00\x00"-
#54934	REDUCE cov: 203 ft: 246 corp: 24/11867b lim: 517 exec/s: 1339 rss: 271Mb L: 513/517 MS: 4 EraseBytes-ChangeBinInt-InsertRepeatedBytes-InsertRepeatedBytes-
#55217	NEW    cov: 203 ft: 249 corp: 25/12382b lim: 517 exec/s: 1254 rss: 271Mb L: 515/517 MS: 3 ChangeByte-ChangeByte-EraseBytes-
	NEW_FUNC[1/6]: 0x562c70 in vrend_decode_resource_copy_region (/home/fuzzing/Desktop/virglrenderer-master/build/src/virgl_fuzzer+0x562c70)
	NEW_FUNC[2/6]: 0x5631c0 in vrend_decode_begin_query (/home/fuzzing/Desktop/virglrenderer-master/build/src/virgl_fuzzer+0x5631c0)
#55534	NEW    cov: 214 ft: 260 corp: 26/12899b lim: 517 exec/s: 1156 rss: 271Mb L: 517/517 MS: 2 CopyPart-CrossOver-
#56444	NEW    cov: 214 ft: 261 corp: 27/13425b lim: 526 exec/s: 940 rss: 271Mb L: 526/526 MS: 5 InsertByte-ChangeBinInt-InsertByte-InsertByte-InsertRepeatedBytes-
#56455	NEW    cov: 215 ft: 274 corp: 28/13950b lim: 526 exec/s: 940 rss: 271Mb L: 525/526 MS: 1 PersAutoDict- DE: "\x01\x00\x00\x00\x00\x00\x00\x87"-
	NEW_FUNC[1/2]: 0x55cf10 in vrend_decode_create_object (/home/fuzzing/Desktop/virglrenderer-master/build/src/virgl_fuzzer+0x55cf10)
	NEW_FUNC[2/2]: 0x5654d0 in vrend_decode_texture_barrier (/home/fuzzing/Desktop/virglrenderer-master/build/src/virgl_fuzzer+0x5654d0)
#56457	NEW    cov: 220 ft: 279 corp: 29/14471b lim: 526 exec/s: 940 rss: 271Mb L: 521/526 MS: 2 InsertByte-InsertRepeatedBytes-
#56473	NEW    cov: 221 ft: 281 corp: 30/14989b lim: 526 exec/s: 941 rss: 271Mb L: 518/526 MS: 1 InsertByte-
#56474	NEW    cov: 221 ft: 282 corp: 31/15515b lim: 526 exec/s: 941 rss: 271Mb L: 526/526 MS: 1 CrossOver-
	NEW_FUNC[1/1]: 0x561b70 in vrend_decode_set_stencil_ref (/home/fuzzing/Desktop/virglrenderer-master/build/src/virgl_fuzzer+0x561b70)
#56477	NEW    cov: 223 ft: 284 corp: 32/16036b lim: 526 exec/s: 941 rss: 271Mb L: 521/526 MS: 3 ShuffleBytes-ChangeBit-CMP- DE: "3\x00\x00\x00"-
	NEW_FUNC[1/1]: 0x563850 in vrend_decode_set_streamout_targets (/home/fuzzing/Desktop/virglrenderer-master/build/src/virgl_fuzzer+0x563850)
#56490	NEW    cov: 226 ft: 287 corp: 33/16Kb lim: 526 exec/s: 941 rss: 271Mb L: 523/526 MS: 3 InsertByte-ChangeBit-InsertRepeatedBytes-
	NEW_FUNC[1/1]: 0x59fda0 in vrend_renderer_set_sub_ctx (/home/fuzzing/Desktop/virglrenderer-master/build/src/virgl_fuzzer+0x59fda0)
#56493	NEW    cov: 230 ft: 292 corp: 34/16Kb lim: 526 exec/s: 941 rss: 271Mb L: 518/526 MS: 3 CopyPart-CMP-InsertByte- DE: "\x00\x00\x00\x00\x00\x00\x01N"-
#56494	NEW    cov: 230 ft: 294 corp: 35/17Kb lim: 526 exec/s: 941 rss: 271Mb L: 519/526 MS: 1 InsertByte-
#56509	NEW    cov: 231 ft: 295 corp: 36/17Kb lim: 526 exec/s: 941 rss: 271Mb L: 526/526 MS: 5 ShuffleBytes-ChangeBinInt-ChangeBinInt-ChangeBinInt-CrossOver-
#56527	NEW    cov: 231 ft: 297 corp: 37/18Kb lim: 526 exec/s: 926 rss: 271Mb L: 518/526 MS: 3 ChangeByte-ChangeBinInt-InsertByte-
	NEW_FUNC[1/1]: 0x561ab0 in vrend_decode_set_constant_buffer (/home/fuzzing/Desktop/virglrenderer-master/build/src/virgl_fuzzer+0x561ab0)
#56538	NEW    cov: 233 ft: 299 corp: 38/18Kb lim: 526 exec/s: 926 rss: 271Mb L: 525/526 MS: 1 PersAutoDict- DE: "~\x01\x00\x00\x00\x00\x00\x00"-
#56555	NEW    cov: 234 ft: 300 corp: 39/19Kb lim: 526 exec/s: 927 rss: 271Mb L: 526/526 MS: 2 InsertRepeatedBytes-CrossOver-
	NEW_FUNC[1/1]: 0x578bf0 in vrend_memory_barrier (/home/fuzzing/Desktop/virglrenderer-master/build/src/virgl_fuzzer+0x578bf0)
#56576	NEW    cov: 248 ft: 315 corp: 40/19Kb lim: 526 exec/s: 927 rss: 271Mb L: 526/526 MS: 1 PersAutoDict- DE: "~\x01\x00\x00\x00\x00\x00\x00"-
#56595	NEW    cov: 248 ft: 318 corp: 41/20Kb lim: 526 exec/s: 912 rss: 271Mb L: 525/526 MS: 4 ChangeBinInt-ShuffleBytes-ChangeBinInt-InsertRepeatedBytes-
#56627	NEW    cov: 248 ft: 320 corp: 42/20Kb lim: 526 exec/s: 913 rss: 271Mb L: 526/526 MS: 2 ChangeByte-InsertByte-
#56640	NEW    cov: 249 ft: 321 corp: 43/21Kb lim: 526 exec/s: 913 rss: 271Mb L: 526/526 MS: 3 CopyPart-CrossOver-CrossOver-
#56646	NEW    cov: 249 ft: 323 corp: 44/21Kb lim: 526 exec/s: 913 rss: 271Mb L: 526/526 MS: 1 InsertRepeatedBytes-
#56780	NEW    cov: 249 ft: 325 corp: 45/22Kb lim: 526 exec/s: 887 rss: 271Mb L: 526/526 MS: 4 ShuffleBytes-InsertByte-ShuffleBytes-CopyPart-
	NEW_FUNC[1/1]: 0x5646b0 in vrend_decode_destroy_sub_ctx (/home/fuzzing/Desktop/virglrenderer-master/build/src/virgl_fuzzer+0x5646b0)
#56886	NEW    cov: 251 ft: 327 corp: 46/22Kb lim: 526 exec/s: 875 rss: 271Mb L: 523/526 MS: 1 CrossOver-
	NEW_FUNC[1/2]: 0x56baa0 in vrend_object_lookup (/home/fuzzing/Desktop/virglrenderer-master/build/src/virgl_fuzzer+0x56baa0)
	NEW_FUNC[2/2]: 0x5bdb90 in vrend_begin_query (/home/fuzzing/Desktop/virglrenderer-master/build/src/virgl_fuzzer+0x5bdb90)
#56959	NEW    cov: 256 ft: 332 corp: 47/23Kb lim: 526 exec/s: 863 rss: 271Mb L: 518/526 MS: 3 ChangeBinInt-ChangeByte-CopyPart-
	NEW_FUNC[1/2]: 0x575b30 in vrend_set_single_vbo (/home/fuzzing/Desktop/virglrenderer-master/build/src/virgl_fuzzer+0x575b30)
	NEW_FUNC[2/2]: 0x576100 in vrend_set_num_vbo (/home/fuzzing/Desktop/virglrenderer-master/build/src/virgl_fuzzer+0x576100)
#57002	NEW    cov: 267 ft: 344 corp: 48/23Kb lim: 526 exec/s: 850 rss: 271Mb L: 526/526 MS: 3 EraseBytes-ChangeBinInt-CrossOver-
#57008	NEW    cov: 269 ft: 346 corp: 49/24Kb lim: 526 exec/s: 850 rss: 271Mb L: 526/526 MS: 1 CrossOver-
#57016	NEW    cov: 270 ft: 347 corp: 50/24Kb lim: 526 exec/s: 850 rss: 271Mb L: 522/526 MS: 3 PersAutoDict-CMP-PersAutoDict- DE: "~\x01\x00\x00\x00\x00\x00\x00"-"GL_OES_texture_float"-"3\x00\x00\x00"-
	NEW_FUNC[1/1]: 0x55f6e0 in vrend_decode_destroy_object (/home/fuzzing/Desktop/virglrenderer-master/build/src/virgl_fuzzer+0x55f6e0)
#57040	NEW    cov: 272 ft: 349 corp: 51/25Kb lim: 526 exec/s: 851 rss: 271Mb L: 525/526 MS: 4 CopyPart-ChangeByte-InsertByte-InsertByte-
	NEW_FUNC[1/1]: 0x57a640 in vrend_clear (/home/fuzzing/Desktop/virglrenderer-master/build/src/virgl_fuzzer+0x57a640)
#57089	NEW    cov: 293 ft: 370 corp: 52/25Kb lim: 526 exec/s: 839 rss: 271Mb L: 522/526 MS: 4 ChangeASCIIInt-ShuffleBytes-ShuffleBytes-ChangeByte-
#57145	NEW    cov: 294 ft: 371 corp: 53/26Kb lim: 526 exec/s: 828 rss: 271Mb L: 526/526 MS: 1 InsertRepeatedBytes-
#57176	REDUCE cov: 294 ft: 371 corp: 53/26Kb lim: 526 exec/s: 828 rss: 271Mb L: 514/526 MS: 1 EraseBytes-
	NEW_FUNC[1/1]: 0x564750 in vrend_decode_bind_shader (/home/fuzzing/Desktop/virglrenderer-master/build/src/virgl_fuzzer+0x564750)
#57432	NEW    cov: 296 ft: 373 corp: 54/26Kb lim: 526 exec/s: 786 rss: 271Mb L: 526/526 MS: 1 ChangeBit-
#57610	NEW    cov: 297 ft: 374 corp: 55/27Kb lim: 526 exec/s: 768 rss: 271Mb L: 526/526 MS: 3 ShuffleBytes-ChangeBinInt-CrossOver-
#57741	NEW    cov: 299 ft: 376 corp: 56/27Kb lim: 526 exec/s: 759 rss: 271Mb L: 526/526 MS: 1 CopyPart-
	NEW_FUNC[1/3]: 0x59ffc0 in vrend_renderer_resource_create (/home/fuzzing/Desktop/virglrenderer-master/build/src/virgl_fuzzer+0x59ffc0)
	NEW_FUNC[2/3]: 0x5a2430 in vrend_resource_create (/home/fuzzing/Desktop/virglrenderer-master/build/src/virgl_fuzzer+0x5a2430)
#57879	NEW    cov: 306 ft: 383 corp: 57/28Kb lim: 526 exec/s: 742 rss: 271Mb L: 518/526 MS: 3 ChangeBinInt-InsertByte-PersAutoDict- DE: "3\x00\x00\x00"-
	NEW_FUNC[1/1]: 0x5649a0 in vrend_decode_set_min_samples (/home/fuzzing/Desktop/virglrenderer-master/build/src/virgl_fuzzer+0x5649a0)
#58229	NEW    cov: 308 ft: 385 corp: 58/28Kb lim: 526 exec/s: 701 rss: 271Mb L: 526/526 MS: 5 CopyPart-CMP-CopyPart-ChangeBit-CopyPart- DE: "\x0e\x02\x00\x00\x00\x00\x00\x00"-
	NEW_FUNC[1/2]: 0x564c70 in vrend_decode_set_shader_images (/home/fuzzing/Desktop/virglrenderer-master/build/src/virgl_fuzzer+0x564c70)
	NEW_FUNC[2/2]: 0x566d90 in vrend_decode_pipe_resource_set_type (/home/fuzzing/Desktop/virglrenderer-master/build/src/virgl_fuzzer+0x566d90)
#58355	NEW    cov: 313 ft: 390 corp: 59/29Kb lim: 526 exec/s: 694 rss: 271Mb L: 525/526 MS: 1 ChangeByte-
	NEW_FUNC[1/1]: 0x5b0570 in vrend_set_scissor_state (/home/fuzzing/Desktop/virglrenderer-master/build/src/virgl_fuzzer+0x5b0570)
#58392	NEW    cov: 318 ft: 395 corp: 60/29Kb lim: 526 exec/s: 686 rss: 271Mb L: 526/526 MS: 2 ChangeByte-CrossOver-
#58415	NEW    cov: 319 ft: 396 corp: 61/30Kb lim: 526 exec/s: 687 rss: 271Mb L: 526/526 MS: 3 ChangeASCIIInt-ChangeByte-CopyPart-
#58575	NEW    cov: 320 ft: 400 corp: 62/31Kb lim: 526 exec/s: 673 rss: 271Mb L: 526/526 MS: 5 CrossOver-CrossOver-ChangeBit-CrossOver-CopyPart-
#58646	NEW    cov: 321 ft: 401 corp: 63/31Kb lim: 526 exec/s: 666 rss: 271Mb L: 522/526 MS: 1 ChangeBit-
#58818	NEW    cov: 322 ft: 402 corp: 64/32Kb lim: 526 exec/s: 653 rss: 271Mb L: 526/526 MS: 2 ShuffleBytes-CrossOver-
#58869	NEW    cov: 322 ft: 403 corp: 65/32Kb lim: 526 exec/s: 646 rss: 271Mb L: 526/526 MS: 1 CopyPart-
	NEW_FUNC[1/1]: 0x575020 in vrend_set_constants (/home/fuzzing/Desktop/virglrenderer-master/build/src/virgl_fuzzer+0x575020)
#58889	NEW    cov: 325 ft: 406 corp: 66/33Kb lim: 526 exec/s: 647 rss: 271Mb L: 525/526 MS: 5 ChangeASCIIInt-PersAutoDict-ChangeBinInt-ChangeASCIIInt-InsertRepeatedBytes- DE: "\x00\x00\x00\x00\x00\x00\x01N"-
#59058	NEW    cov: 330 ft: 411 corp: 67/33Kb lim: 526 exec/s: 635 rss: 271Mb L: 526/526 MS: 4 ChangeBinInt-ChangeByte-ChangeBit-CopyPart-
#59473	NEW    cov: 330 ft: 413 corp: 68/34Kb lim: 526 exec/s: 600 rss: 271Mb L: 526/526 MS: 5 ChangeByte-ChangeByte-CMP-ChangeBinInt-CrossOver- DE: "GL_ARB_shader_image_load"-
	NEW_FUNC[1/1]: 0x5b27a0 in vrend_set_sample_mask (/home/fuzzing/Desktop/virglrenderer-master/build/src/virgl_fuzzer+0x5b27a0)
#59490	NEW    cov: 333 ft: 416 corp: 69/34Kb lim: 526 exec/s: 600 rss: 271Mb L: 526/526 MS: 2 CMP-CrossOver- DE: "<\xbe"-
	NEW_FUNC[1/1]: 0x564fd0 in vrend_decode_launch_grid (/home/fuzzing/Desktop/virglrenderer-master/build/src/virgl_fuzzer+0x564fd0)
#59499	NEW    cov: 335 ft: 418 corp: 70/35Kb lim: 526 exec/s: 601 rss: 271Mb L: 523/526 MS: 4 ChangeBinInt-ChangeBit-ChangeASCIIInt-EraseBytes-
#59535	REDUCE cov: 335 ft: 425 corp: 71/35Kb lim: 526 exec/s: 595 rss: 271Mb L: 522/526 MS: 1 PersAutoDict- DE: "\x15\x01\x00\x00\x00\x00\x00\x00"-
#59649	REDUCE cov: 335 ft: 425 corp: 71/35Kb lim: 526 exec/s: 590 rss: 271Mb L: 519/526 MS: 4 ChangeBinInt-ChangeBinInt-ChangeBinInt-EraseBytes-
#59719	NEW    cov: 336 ft: 426 corp: 72/36Kb lim: 526 exec/s: 585 rss: 271Mb L: 526/526 MS: 5 ChangeByte-CrossOver-ChangeASCIIInt-ChangeByte-CrossOver-
#60032	NEW    cov: 337 ft: 434 corp: 73/36Kb lim: 526 exec/s: 571 rss: 271Mb L: 518/526 MS: 3 PersAutoDict-EraseBytes-InsertRepeatedBytes- DE: "\x00\x00\x00\x00\x00\x00\x01N"-
#60289	NEW    cov: 337 ft: 436 corp: 74/37Kb lim: 526 exec/s: 553 rss: 271Mb L: 526/526 MS: 2 CopyPart-CrossOver-
#60630	NEW    cov: 337 ft: 437 corp: 75/37Kb lim: 526 exec/s: 531 rss: 271Mb L: 526/526 MS: 1 CrossOver-
	NEW_FUNC[1/1]: 0x575580 in vrend_set_index_buffer (/home/fuzzing/Desktop/virglrenderer-master/build/src/virgl_fuzzer+0x575580)
#60638	NEW    cov: 340 ft: 440 corp: 76/38Kb lim: 526 exec/s: 531 rss: 271Mb L: 526/526 MS: 3 ChangeBit-CopyPart-CopyPart-
#60750	REDUCE cov: 340 ft: 440 corp: 76/38Kb lim: 526 exec/s: 528 rss: 271Mb L: 519/526 MS: 2 CrossOver-InsertRepeatedBytes-
#60856	NEW    cov: 344 ft: 485 corp: 77/38Kb lim: 526 exec/s: 520 rss: 271Mb L: 526/526 MS: 1 InsertRepeatedBytes-
#60915	NEW    cov: 344 ft: 486 corp: 78/39Kb lim: 526 exec/s: 520 rss: 271Mb L: 526/526 MS: 4 InsertByte-PersAutoDict-InsertRepeatedBytes-InsertByte- DE: "<\xbe"-
#60983	NEW    cov: 345 ft: 489 corp: 79/39Kb lim: 526 exec/s: 516 rss: 271Mb L: 526/526 MS: 3 ChangeByte-ChangeBinInt-PersAutoDict- DE: "\x01\x00\x00\x00\x00\x00\x00\x87"-
#61177	REDUCE cov: 345 ft: 489 corp: 79/39Kb lim: 526 exec/s: 505 rss: 271Mb L: 518/526 MS: 4 CMP-ChangeBinInt-ChangeBinInt-EraseBytes- DE: "GL_OES_texture_cube_map_ar"-
#61421	REDUCE cov: 345 ft: 489 corp: 79/39Kb lim: 526 exec/s: 495 rss: 271Mb L: 522/526 MS: 4 ChangeBit-ChangeByte-EraseBytes-CopyPart-
#61450	NEW    cov: 346 ft: 490 corp: 80/40Kb lim: 526 exec/s: 491 rss: 271Mb L: 526/526 MS: 4 CopyPart-CopyPart-ChangeBit-CrossOver-
#61621	REDUCE cov: 346 ft: 490 corp: 80/40Kb lim: 526 exec/s: 485 rss: 271Mb L: 519/526 MS: 1 EraseBytes-
#61874	NEW    cov: 347 ft: 491 corp: 81/40Kb lim: 526 exec/s: 475 rss: 272Mb L: 526/526 MS: 3 ChangeASCIIInt-ChangeByte-CopyPart-
#61912	NEW    cov: 347 ft: 493 corp: 82/41Kb lim: 526 exec/s: 472 rss: 272Mb L: 526/526 MS: 3 ChangeBinInt-CMP-CMP- DE: "\xa0O"-"GL_OES_vertex_array_object"-
	NEW_FUNC[1/1]: 0x57a1c0 in vrend_bind_shader (/home/fuzzing/Desktop/virglrenderer-master/build/src/virgl_fuzzer+0x57a1c0)
#61933	NEW    cov: 350 ft: 496 corp: 83/41Kb lim: 526 exec/s: 472 rss: 272Mb L: 526/526 MS: 1 PersAutoDict- DE: "\x0e\x02\x00\x00\x00\x00\x00\x00"-
#62424	NEW    cov: 351 ft: 497 corp: 84/42Kb lim: 526 exec/s: 452 rss: 272Mb L: 526/526 MS: 1 CrossOver-
	NEW_FUNC[1/1]: 0x5be270 in vrend_get_query_result (/home/fuzzing/Desktop/virglrenderer-master/build/src/virgl_fuzzer+0x5be270)
#62656	NEW    cov: 354 ft: 500 corp: 85/42Kb lim: 526 exec/s: 444 rss: 272Mb L: 526/526 MS: 2 ChangeBinInt-PersAutoDict- DE: "\x0e\x02\x00\x00\x00\x00\x00\x00"-
#62880	NEW    cov: 355 ft: 501 corp: 86/43Kb lim: 526 exec/s: 436 rss: 272Mb L: 523/526 MS: 4 CopyPart-ChangeBinInt-CMP-PersAutoDict- DE: "GL_NV_image_formats"-"\x00\x00\x00\x00\x00\x00\x01N"-
	NEW_FUNC[1/1]: 0x566620 in vrend_decode_clear_texture (/home/fuzzing/Desktop/virglrenderer-master/build/src/virgl_fuzzer+0x566620)
#63106	NEW    cov: 357 ft: 503 corp: 87/43Kb lim: 526 exec/s: 429 rss: 272Mb L: 526/526 MS: 1 ChangeBit-
#63112	NEW    cov: 357 ft: 504 corp: 88/44Kb lim: 526 exec/s: 429 rss: 272Mb L: 526/526 MS: 1 PersAutoDict- DE: "GL_OES_texture_cube_map_ar"-
#63157	REDUCE cov: 357 ft: 504 corp: 88/44Kb lim: 526 exec/s: 426 rss: 272Mb L: 518/526 MS: 5 EraseBytes-PersAutoDict-ChangeBit-InsertRepeatedBytes-InsertRepeatedBytes- DE: "3\x00\x00\x00"-
	NEW_FUNC[1/1]: 0x5b01a0 in vrend_set_stencil_ref (/home/fuzzing/Desktop/virglrenderer-master/build/src/virgl_fuzzer+0x5b01a0)
#63230	NEW    cov: 360 ft: 507 corp: 89/44Kb lim: 526 exec/s: 424 rss: 272Mb L: 526/526 MS: 3 ChangeByte-ChangeBit-CrossOver-
#64112	NEW    cov: 361 ft: 509 corp: 90/45Kb lim: 526 exec/s: 395 rss: 273Mb L: 526/526 MS: 2 CopyPart-ChangeBit-
#64256	NEW    cov: 361 ft: 511 corp: 91/45Kb lim: 526 exec/s: 394 rss: 273Mb L: 526/526 MS: 4 CopyPart-CrossOver-InsertRepeatedBytes-CrossOver-
	NEW_FUNC[1/1]: 0x5bdf90 in vrend_end_query (/home/fuzzing/Desktop/virglrenderer-master/build/src/virgl_fuzzer+0x5bdf90)
#64320	NEW    cov: 364 ft: 514 corp: 92/46Kb lim: 526 exec/s: 392 rss: 273Mb L: 526/526 MS: 4 CopyPart-CMP-ChangeBit-ChangeASCIIInt- DE: "GL_OES_tessellation_shader"-
#64500	NEW    cov: 365 ft: 515 corp: 93/46Kb lim: 526 exec/s: 386 rss: 273Mb L: 526/526 MS: 5 ChangeByte-ShuffleBytes-ChangeBit-CrossOver-CrossOver-
#64665	NEW    cov: 365 ft: 516 corp: 94/47Kb lim: 526 exec/s: 382 rss: 273Mb L: 526/526 MS: 5 EraseBytes-CopyPart-InsertByte-ChangeBinInt-CrossOver-
#64713	NEW    cov: 366 ft: 518 corp: 95/47Kb lim: 526 exec/s: 382 rss: 273Mb L: 526/526 MS: 3 InsertByte-CrossOver-CrossOver-
	NEW_FUNC[1/1]: 0x59b460 in vrend_set_streamout_targets (/home/fuzzing/Desktop/virglrenderer-master/build/src/virgl_fuzzer+0x59b460)
#64818	NEW    cov: 376 ft: 528 corp: 96/48Kb lim: 526 exec/s: 379 rss: 273Mb L: 526/526 MS: 4 CMP-EraseBytes-ChangeBit-CrossOver- DE: "\xff2"-
#65536	pulse  cov: 376 ft: 528 corp: 96/48Kb lim: 526 exec/s: 362 rss: 273Mb
	NEW_FUNC[1/4]: 0x555980 in virgl_resource_lookup (/home/fuzzing/Desktop/virglrenderer-master/build/src/virgl_fuzzer+0x555980)
	NEW_FUNC[2/4]: 0x626b30 in virgl_renderer_resource_create (/home/fuzzing/Desktop/virglrenderer-master/build/src/virgl_fuzzer+0x626b30)
#65722	NEW    cov: 384 ft: 536 corp: 97/48Kb lim: 535 exec/s: 357 rss: 273Mb L: 535/535 MS: 3 ChangeByte-ChangeByte-CrossOver-
#65733	NEW    cov: 384 ft: 539 corp: 98/49Kb lim: 535 exec/s: 357 rss: 273Mb L: 527/535 MS: 1 InsertByte-
#65829	NEW    cov: 384 ft: 540 corp: 99/49Kb lim: 535 exec/s: 355 rss: 273Mb L: 530/535 MS: 1 CMP- DE: "\x1e\x00\x00\x00"-
#65914	REDUCE cov: 384 ft: 540 corp: 99/49Kb lim: 535 exec/s: 354 rss: 273Mb L: 533/533 MS: 5 ChangeASCIIInt-ChangeBit-ChangeASCIIInt-CopyPart-EraseBytes-
#66321	NEW    cov: 384 ft: 542 corp: 100/50Kb lim: 535 exec/s: 347 rss: 273Mb L: 527/533 MS: 2 EraseBytes-InsertRepeatedBytes-
#66394	NEW    cov: 384 ft: 544 corp: 101/50Kb lim: 535 exec/s: 344 rss: 273Mb L: 527/533 MS: 3 ShuffleBytes-ChangeBinInt-InsertRepeatedBytes-
	NEW_FUNC[1/1]: 0x567be0 in vrend_decode_send_string_marker (/home/fuzzing/Desktop/virglrenderer-master/build/src/virgl_fuzzer+0x567be0)
#66574	NEW    cov: 386 ft: 546 corp: 102/51Kb lim: 535 exec/s: 341 rss: 273Mb L: 535/535 MS: 5 CrossOver-ChangeByte-ChangeBinInt-ChangeASCIIInt-ChangeByte-
#66763	NEW    cov: 387 ft: 547 corp: 103/52Kb lim: 535 exec/s: 338 rss: 273Mb L: 531/535 MS: 4 CopyPart-ShuffleBytes-PersAutoDict-InsertByte- DE: "\xff2"-
#66839	NEW    cov: 388 ft: 548 corp: 104/52Kb lim: 535 exec/s: 335 rss: 273Mb L: 526/535 MS: 1 ChangeBinInt-
#66895	NEW    cov: 389 ft: 549 corp: 105/53Kb lim: 535 exec/s: 336 rss: 273Mb L: 531/535 MS: 1 PersAutoDict- DE: "\x01\x00\x00\x00\x00\x00\x00\x87"-
#67022	NEW    cov: 390 ft: 550 corp: 106/53Kb lim: 535 exec/s: 333 rss: 273Mb L: 535/535 MS: 2 EraseBytes-CrossOver-
#67074	REDUCE cov: 390 ft: 550 corp: 106/53Kb lim: 535 exec/s: 332 rss: 273Mb L: 522/535 MS: 2 EraseBytes-InsertByte-
#67180	REDUCE cov: 390 ft: 550 corp: 106/53Kb lim: 535 exec/s: 330 rss: 273Mb L: 515/535 MS: 1 EraseBytes-
#67470	NEW    cov: 390 ft: 554 corp: 107/54Kb lim: 535 exec/s: 325 rss: 273Mb L: 534/535 MS: 5 CopyPart-PersAutoDict-CopyPart-PersAutoDict-InsertByte- DE: "3\x00\x00\x00"-"3\x00\x00\x00"-
#67844	NEW    cov: 390 ft: 555 corp: 108/54Kb lim: 535 exec/s: 320 rss: 273Mb L: 526/535 MS: 1 CMP- DE: "GL_ARB_transform_fe"-
#68794	NEW    cov: 391 ft: 556 corp: 109/55Kb lim: 544 exec/s: 304 rss: 273Mb L: 539/539 MS: 1 InsertRepeatedBytes-
	NEW_FUNC[1/1]: 0x5b2840 in vrend_set_min_samples (/home/fuzzing/Desktop/virglrenderer-master/build/src/virgl_fuzzer+0x5b2840)
#69193	NEW    cov: 395 ft: 560 corp: 110/55Kb lim: 544 exec/s: 300 rss: 273Mb L: 526/539 MS: 1 ChangeASCIIInt-
	NEW_FUNC[1/1]: 0x5643a0 in vrend_decode_set_uniform_buffer (/home/fuzzing/Desktop/virglrenderer-master/build/src/virgl_fuzzer+0x5643a0)
#69374	NEW    cov: 397 ft: 562 corp: 111/56Kb lim: 544 exec/s: 299 rss: 273Mb L: 525/539 MS: 1 EraseBytes-
	NEW_FUNC[1/1]: 0x5ca0b0 in vrend_context_emit_string_marker (/home/fuzzing/Desktop/virglrenderer-master/build/src/virgl_fuzzer+0x5ca0b0)
#69396	NEW    cov: 400 ft: 565 corp: 112/56Kb lim: 544 exec/s: 299 rss: 273Mb L: 533/539 MS: 1 PersAutoDict- DE: "~\x01\x00\x00\x00\x00\x00\x00"-
	NEW_FUNC[1/1]: 0x5c7290 in vrend_renderer_destroy_sub_ctx (/home/fuzzing/Desktop/virglrenderer-master/build/src/virgl_fuzzer+0x5c7290)
#69691	NEW    cov: 404 ft: 569 corp: 113/57Kb lim: 544 exec/s: 296 rss: 273Mb L: 530/539 MS: 5 CMP-PersAutoDict-CopyPart-ChangeBit-CopyPart- DE: "\xff\xff\xff\xff\xff\xff\x00\x01"-"GL_OES_tessellation_shader"-
#69987	NEW    cov: 404 ft: 570 corp: 114/57Kb lim: 544 exec/s: 294 rss: 273Mb L: 542/542 MS: 1 InsertRepeatedBytes-
#70895	NEW    cov: 405 ft: 581 corp: 115/58Kb lim: 553 exec/s: 287 rss: 273Mb L: 553/553 MS: 3 ChangeByte-EraseBytes-CrossOver-
#70899	NEW    cov: 405 ft: 582 corp: 116/58Kb lim: 553 exec/s: 287 rss: 273Mb L: 551/553 MS: 4 InsertRepeatedBytes-ChangeBinInt-CopyPart-InsertRepeatedBytes-
#70915	NEW    cov: 405 ft: 586 corp: 117/59Kb lim: 553 exec/s: 287 rss: 273Mb L: 553/553 MS: 1 CrossOver-
#71937	NEW    cov: 407 ft: 588 corp: 118/59Kb lim: 562 exec/s: 275 rss: 273Mb L: 558/558 MS: 3 ChangeBit-InsertByte-CopyPart-
#72454	NEW    cov: 407 ft: 590 corp: 119/60Kb lim: 562 exec/s: 270 rss: 273Mb L: 558/558 MS: 5 InsertRepeatedBytes-CMP-ChangeASCIIInt-InsertRepeatedBytes-InsertByte- DE: "\x00\x00"-
#73313	REDUCE cov: 407 ft: 590 corp: 119/60Kb lim: 562 exec/s: 262 rss: 273Mb L: 517/558 MS: 1 EraseBytes-
#74608	REDUCE cov: 407 ft: 591 corp: 120/60Kb lim: 571 exec/s: 252 rss: 273Mb L: 522/558 MS: 1 ChangeBinInt-
#75313	NEW    cov: 407 ft: 592 corp: 121/61Kb lim: 571 exec/s: 248 rss: 273Mb L: 554/558 MS: 5 CrossOver-ChangeBit-ChangeByte-CopyPart-CMP- DE: "DebugMessageI"-
#75420	NEW    cov: 408 ft: 593 corp: 122/61Kb lim: 571 exec/s: 248 rss: 273Mb L: 525/558 MS: 2 CopyPart-PersAutoDict- DE: "\x00\x00"-
#75460	REDUCE cov: 408 ft: 593 corp: 122/61Kb lim: 571 exec/s: 247 rss: 273Mb L: 547/558 MS: 5 PersAutoDict-InsertRepeatedBytes-EraseBytes-ChangeBinInt-PersAutoDict- DE: "\x00\x00\x00\x00\x00\x00\x01N"-"\x0e\x02\x00\x00\x00\x00\x00\x00"-
#75590	REDUCE cov: 408 ft: 593 corp: 122/61Kb lim: 571 exec/s: 247 rss: 273Mb L: 519/558 MS: 5 CMP-CopyPart-InsertByte-InsertByte-EraseBytes- DE: "?\xff\xff\xff"-
#75595	REDUCE cov: 408 ft: 594 corp: 123/62Kb lim: 571 exec/s: 247 rss: 273Mb L: 553/558 MS: 5 InsertByte-InsertRepeatedBytes-ChangeByte-ShuffleBytes-CMP- DE: "\x01\x00\x00\x00\x00\x00\x02\x00"-
#76138	NEW    cov: 408 ft: 595 corp: 124/63Kb lim: 571 exec/s: 243 rss: 273Mb L: 570/570 MS: 2 InsertByte-InsertRepeatedBytes-
#76283	REDUCE cov: 408 ft: 595 corp: 124/63Kb lim: 571 exec/s: 242 rss: 273Mb L: 517/570 MS: 5 EraseBytes-CMP-ChangeBinInt-CopyPart-PersAutoDict- DE: "\x01\x00\x00\x00\x00\x00\x00\x00"-"GL_OES_texture_cube_map_ar"-
#76974	REDUCE cov: 408 ft: 595 corp: 124/63Kb lim: 571 exec/s: 238 rss: 273Mb L: 518/570 MS: 1 EraseBytes-
#76984	NEW    cov: 408 ft: 597 corp: 125/63Kb lim: 571 exec/s: 238 rss: 273Mb L: 555/570 MS: 5 ChangeByte-InsertRepeatedBytes-CMP-PersAutoDict-PersAutoDict- DE: "\"\x02\x00\x00\x00\x00\x00\x00"-"3\x00\x00\x00"-"\x01\x00\x00\x00\x00\x00\x02\x00"-
#77811	NEW    cov: 409 ft: 598 corp: 126/64Kb lim: 571 exec/s: 233 rss: 273Mb L: 558/570 MS: 2 ChangeASCIIInt-CopyPart-
#79253	NEW    cov: 410 ft: 600 corp: 127/64Kb lim: 580 exec/s: 226 rss: 274Mb L: 534/570 MS: 3 ShuffleBytes-ShuffleBytes-CopyPart-
#79459	NEW    cov: 411 ft: 645 corp: 128/65Kb lim: 580 exec/s: 225 rss: 275Mb L: 558/570 MS: 1 InsertRepeatedBytes-
#79644	REDUCE cov: 411 ft: 645 corp: 128/65Kb lim: 580 exec/s: 224 rss: 276Mb L: 534/570 MS: 3 EraseBytes-CopyPart-PersAutoDict- DE: "GL_ARB_transform_fe"-
#79861	NEW    cov: 411 ft: 646 corp: 129/65Kb lim: 580 exec/s: 224 rss: 277Mb L: 526/570 MS: 2 ChangeByte-PersAutoDict- DE: "\"\x02\x00\x00\x00\x00\x00\x00"-
#81997	NEW    cov: 411 ft: 647 corp: 130/66Kb lim: 598 exec/s: 216 rss: 277Mb L: 526/570 MS: 1 ChangeByte-
#82237	REDUCE cov: 411 ft: 647 corp: 130/66Kb lim: 598 exec/s: 214 rss: 277Mb L: 518/570 MS: 5 ChangeBit-EraseBytes-PersAutoDict-ChangeBit-CopyPart- DE: "?\xff\xff\xff"-
#83814	REDUCE cov: 411 ft: 647 corp: 130/66Kb lim: 607 exec/s: 207 rss: 278Mb L: 517/570 MS: 1 EraseBytes-
#84269	REDUCE cov: 411 ft: 647 corp: 130/66Kb lim: 607 exec/s: 206 rss: 278Mb L: 547/570 MS: 4 CopyPart-CMP-InsertByte-EraseBytes- DE: "\x00\x00\x00\x00\x00\x00\x02\x00"-
#84456	NEW    cov: 418 ft: 654 corp: 131/66Kb lim: 607 exec/s: 205 rss: 278Mb L: 598/598 MS: 1 InsertRepeatedBytes-
#84677	REDUCE cov: 418 ft: 654 corp: 131/66Kb lim: 607 exec/s: 204 rss: 278Mb L: 530/570 MS: 1 CrossOver-
#84686	NEW    cov: 418 ft: 655 corp: 132/67Kb lim: 607 exec/s: 204 rss: 278Mb L: 590/590 MS: 4 InsertRepeatedBytes-ChangeBit-ChangeASCIIInt-CopyPart-
	NEW_FUNC[1/1]: 0x578220 in vrend_set_single_image_view (/home/fuzzing/Desktop/virglrenderer-master/build/src/virgl_fuzzer+0x578220)
#84693	REDUCE cov: 423 ft: 660 corp: 133/67Kb lim: 607 exec/s: 204 rss: 278Mb L: 525/590 MS: 2 ShuffleBytes-PersAutoDict- DE: "\x01\x00\x00\x00\x00\x00\x00\x00"-
#84769	NEW    cov: 424 ft: 661 corp: 134/68Kb lim: 607 exec/s: 204 rss: 278Mb L: 526/590 MS: 1 PersAutoDict- DE: "\x0e\x02\x00\x00\x00\x00\x00\x00"-
#84871	REDUCE cov: 424 ft: 661 corp: 134/68Kb lim: 607 exec/s: 204 rss: 278Mb L: 522/590 MS: 2 CMP-EraseBytes- DE: "?\x00\x01\x00"-
#84998	REDUCE cov: 425 ft: 662 corp: 135/68Kb lim: 607 exec/s: 203 rss: 278Mb L: 538/590 MS: 2 ChangeByte-CMP- DE: "\x0f\x00\x00\x00\x00\x00\x00\x00"-
	NEW_FUNC[1/1]: 0x578ed0 in vrend_texture_barrier (/home/fuzzing/Desktop/virglrenderer-master/build/src/virgl_fuzzer+0x578ed0)
#85320	NEW    cov: 429 ft: 666 corp: 136/69Kb lim: 607 exec/s: 202 rss: 278Mb L: 526/590 MS: 1 ChangeASCIIInt-
#85407	REDUCE cov: 429 ft: 666 corp: 136/69Kb lim: 607 exec/s: 202 rss: 278Mb L: 521/590 MS: 2 InsertRepeatedBytes-CrossOver-
#85991	NEW    cov: 429 ft: 668 corp: 137/69Kb lim: 607 exec/s: 199 rss: 278Mb L: 607/607 MS: 4 ChangeBinInt-InsertRepeatedBytes-CopyPart-CrossOver-
#87563	NEW    cov: 430 ft: 669 corp: 138/70Kb lim: 616 exec/s: 195 rss: 278Mb L: 598/607 MS: 2 ChangeBit-CopyPart-
	NEW_FUNC[1/1]: 0x573540 in vrend_set_viewport_states (/home/fuzzing/Desktop/virglrenderer-master/build/src/virgl_fuzzer+0x573540)
#88115	NEW    cov: 433 ft: 672 corp: 139/71Kb lim: 616 exec/s: 194 rss: 278Mb L: 574/607 MS: 2 ChangeBinInt-CrossOver-
#88141	REDUCE cov: 433 ft: 672 corp: 139/71Kb lim: 616 exec/s: 193 rss: 278Mb L: 522/607 MS: 1 EraseBytes-
#88815	REDUCE cov: 434 ft: 673 corp: 140/71Kb lim: 616 exec/s: 192 rss: 278Mb L: 563/607 MS: 4 ChangeBit-InsertRepeatedBytes-ShuffleBytes-ChangeByte-
#90174	NEW    cov: 435 ft: 674 corp: 141/72Kb lim: 625 exec/s: 189 rss: 278Mb L: 606/607 MS: 4 InsertRepeatedBytes-ChangeBit-PersAutoDict-InsertByte- DE: "?\xff\xff\xff"-
#90385	NEW    cov: 435 ft: 675 corp: 142/72Kb lim: 625 exec/s: 189 rss: 278Mb L: 527/607 MS: 1 CMP- DE: "\x01\x8b"-
#90389	REDUCE cov: 435 ft: 675 corp: 142/72Kb lim: 625 exec/s: 189 rss: 278Mb L: 533/607 MS: 4 CrossOver-InsertRepeatedBytes-ChangeBinInt-InsertRepeatedBytes-
#90511	NEW    cov: 435 ft: 676 corp: 143/73Kb lim: 625 exec/s: 188 rss: 278Mb L: 541/607 MS: 2 ShuffleBytes-InsertRepeatedBytes-
#90944	NEW    cov: 436 ft: 677 corp: 144/73Kb lim: 625 exec/s: 187 rss: 278Mb L: 541/607 MS: 1 CMP- DE: "\x0e\x02\x00\x00\x00\x00\x00\x00"-
#91870	NEW    cov: 436 ft: 678 corp: 145/74Kb lim: 634 exec/s: 184 rss: 278Mb L: 634/634 MS: 4 InsertByte-CrossOver-ChangeByte-CrossOver-
#91968	REDUCE cov: 436 ft: 678 corp: 145/74Kb lim: 634 exec/s: 184 rss: 278Mb L: 618/618 MS: 3 EraseBytes-ChangeBinInt-InsertRepeatedBytes-
#91995	REDUCE cov: 436 ft: 678 corp: 145/74Kb lim: 634 exec/s: 184 rss: 278Mb L: 610/610 MS: 2 CopyPart-EraseBytes-
#92139	NEW    cov: 437 ft: 689 corp: 146/74Kb lim: 634 exec/s: 183 rss: 278Mb L: 570/610 MS: 4 ShuffleBytes-PersAutoDict-InsertByte-PersAutoDict- DE: "\x00\x00\x00\x00\x00\x00\x02\x00"-"\x0f\x00\x00\x00\x00\x00\x00\x00"-
#92294	REDUCE cov: 437 ft: 689 corp: 146/74Kb lim: 634 exec/s: 183 rss: 278Mb L: 562/607 MS: 5 InsertByte-ChangeByte-ChangeBinInt-ChangeByte-EraseBytes-
#93105	REDUCE cov: 437 ft: 692 corp: 147/75Kb lim: 634 exec/s: 181 rss: 278Mb L: 618/618 MS: 5 ChangeByte-PersAutoDict-ChangeBit-ChangeASCIIInt-InsertRepeatedBytes- DE: "GL_NV_image_formats"-
#93317	NEW    cov: 438 ft: 693 corp: 148/75Kb lim: 634 exec/s: 180 rss: 278Mb L: 534/618 MS: 1 PersAutoDict- DE: "\x0f\x00\x00\x00\x00\x00\x00\x00"-
	NEW_FUNC[1/1]: 0x57e1e0 in vrend_draw_vbo (/home/fuzzing/Desktop/virglrenderer-master/build/src/virgl_fuzzer+0x57e1e0)
#93516	NEW    cov: 442 ft: 697 corp: 149/76Kb lim: 634 exec/s: 180 rss: 278Mb L: 526/618 MS: 4 ChangeByte-ChangeASCIIInt-ChangeByte-CopyPart-
#93927	REDUCE cov: 442 ft: 698 corp: 150/77Kb lim: 634 exec/s: 178 rss: 278Mb L: 578/618 MS: 5 EraseBytes-ShuffleBytes-CopyPart-CMP-InsertByte- DE: "*\x00\x00\x00\x00\x00\x00\x00"-
#94238	REDUCE cov: 442 ft: 700 corp: 151/77Kb lim: 634 exec/s: 177 rss: 278Mb L: 634/634 MS: 3 PersAutoDict-CrossOver-CrossOver- DE: "DebugMessageI"-
#94814	NEW    cov: 442 ft: 701 corp: 152/78Kb lim: 634 exec/s: 176 rss: 278Mb L: 634/634 MS: 2 InsertRepeatedBytes-InsertByte-
#95328	REDUCE cov: 442 ft: 701 corp: 152/78Kb lim: 634 exec/s: 175 rss: 278Mb L: 530/634 MS: 3 CMP-EraseBytes-InsertRepeatedBytes- DE: "\x01\x00\x00\x00\x00\x00\x02z"-
#95955	NEW    cov: 443 ft: 702 corp: 153/78Kb lim: 634 exec/s: 173 rss: 278Mb L: 634/634 MS: 2 InsertRepeatedBytes-CrossOver-
	NEW_FUNC[1/1]: 0x5a6dc0 in vrend_renderer_transfer_iov (/home/fuzzing/Desktop/virglrenderer-master/build/src/virgl_fuzzer+0x5a6dc0)
#96211	NEW    cov: 446 ft: 705 corp: 154/79Kb lim: 634 exec/s: 173 rss: 278Mb L: 634/634 MS: 1 CrossOver-
#96216	NEW    cov: 446 ft: 706 corp: 155/80Kb lim: 634 exec/s: 173 rss: 278Mb L: 629/634 MS: 5 ChangeByte-PersAutoDict-ChangeBit-InsertRepeatedBytes-InsertRepeatedBytes- DE: "\x0f\x00\x00\x00\x00\x00\x00\x00"-
#96439	REDUCE cov: 446 ft: 706 corp: 155/80Kb lim: 634 exec/s: 172 rss: 278Mb L: 610/634 MS: 3 ChangeByte-EraseBytes-CopyPart-
#96496	REDUCE cov: 446 ft: 706 corp: 155/80Kb lim: 634 exec/s: 172 rss: 278Mb L: 546/634 MS: 2 CopyPart-EraseBytes-
#97183	REDUCE cov: 446 ft: 706 corp: 155/80Kb lim: 634 exec/s: 171 rss: 278Mb L: 531/634 MS: 2 PersAutoDict-EraseBytes- DE: "\x1e\x00\x00\x00"-
#98000	REDUCE cov: 446 ft: 706 corp: 155/80Kb lim: 634 exec/s: 169 rss: 278Mb L: 575/634 MS: 2 InsertByte-EraseBytes-
#98117	REDUCE cov: 446 ft: 706 corp: 155/79Kb lim: 634 exec/s: 169 rss: 278Mb L: 538/634 MS: 2 EraseBytes-InsertRepeatedBytes-
#98261	NEW    cov: 446 ft: 707 corp: 156/80Kb lim: 634 exec/s: 169 rss: 278Mb L: 634/634 MS: 4 ChangeBinInt-ShuffleBytes-InsertRepeatedBytes-CrossOver-
#99483	REDUCE cov: 446 ft: 708 corp: 157/81Kb lim: 643 exec/s: 166 rss: 278Mb L: 550/634 MS: 2 ChangeByte-InsertRepeatedBytes-
#99945	REDUCE cov: 446 ft: 709 corp: 158/81Kb lim: 643 exec/s: 166 rss: 278Mb L: 633/634 MS: 2 InsertRepeatedBytes-InsertByte-
	NEW_FUNC[1/1]: 0x573350 in vrend_set_framebuffer_state_no_attach (/home/fuzzing/Desktop/virglrenderer-master/build/src/virgl_fuzzer+0x573350)
#100488	NEW    cov: 449 ft: 712 corp: 159/82Kb lim: 643 exec/s: 165 rss: 278Mb L: 526/634 MS: 3 ChangeBit-ChangeBit-ChangeByte-
#101372	REDUCE cov: 449 ft: 712 corp: 159/82Kb lim: 643 exec/s: 164 rss: 278Mb L: 519/634 MS: 4 ChangeBit-EraseBytes-CMP-PersAutoDict- DE: "\x85\x00"-"GL_OES_tessellation_shader"-
#102364	REDUCE cov: 449 ft: 712 corp: 159/82Kb lim: 652 exec/s: 163 rss: 278Mb L: 561/634 MS: 2 InsertRepeatedBytes-EraseBytes-
#103480	NEW    cov: 449 ft: 713 corp: 160/82Kb lim: 661 exec/s: 162 rss: 278Mb L: 661/661 MS: 1 CrossOver-
#104103	REDUCE cov: 449 ft: 713 corp: 160/82Kb lim: 661 exec/s: 161 rss: 278Mb L: 514/661 MS: 3 InsertByte-EraseBytes-CopyPart-
#104770	REDUCE cov: 449 ft: 713 corp: 160/82Kb lim: 661 exec/s: 161 rss: 278Mb L: 546/661 MS: 2 InsertRepeatedBytes-EraseBytes-
#106092	NEW    cov: 449 ft: 714 corp: 161/83Kb lim: 670 exec/s: 159 rss: 278Mb L: 670/670 MS: 1 CrossOver-
#106491	REDUCE cov: 450 ft: 715 corp: 162/84Kb lim: 670 exec/s: 159 rss: 278Mb L: 574/670 MS: 4 InsertByte-InsertRepeatedBytes-PersAutoDict-PersAutoDict- DE: "GL_ARB_transform_fe"-"\x15\x01\x00\x00\x00\x00\x00\x00"-
#107529	NEW    cov: 450 ft: 718 corp: 163/84Kb lim: 679 exec/s: 158 rss: 278Mb L: 679/679 MS: 4 CMP-ChangeByte-CrossOver-CrossOver- DE: "\x01\x00\x00\x00\x00\x00\x00\xad"-
#107970	REDUCE cov: 450 ft: 718 corp: 163/84Kb lim: 679 exec/s: 158 rss: 278Mb L: 514/679 MS: 1 CrossOver-
#108411	REDUCE cov: 450 ft: 722 corp: 164/85Kb lim: 679 exec/s: 157 rss: 278Mb L: 679/679 MS: 1 CrossOver-
#108669	REDUCE cov: 450 ft: 722 corp: 164/85Kb lim: 679 exec/s: 157 rss: 278Mb L: 522/679 MS: 3 ChangeASCIIInt-ChangeByte-EraseBytes-
#108711	NEW    cov: 451 ft: 723 corp: 165/85Kb lim: 679 exec/s: 157 rss: 278Mb L: 526/679 MS: 2 ChangeBit-ChangeASCIIInt-
#109375	REDUCE cov: 451 ft: 723 corp: 165/85Kb lim: 679 exec/s: 156 rss: 278Mb L: 537/679 MS: 1 EraseBytes-
#109949	NEW    cov: 451 ft: 724 corp: 166/86Kb lim: 679 exec/s: 156 rss: 278Mb L: 610/679 MS: 4 ChangeBinInt-InsertRepeatedBytes-ShuffleBytes-EraseBytes-
#111280	NEW    cov: 451 ft: 725 corp: 167/87Kb lim: 688 exec/s: 155 rss: 278Mb L: 685/685 MS: 1 InsertRepeatedBytes-
#111327	REDUCE cov: 451 ft: 725 corp: 167/87Kb lim: 688 exec/s: 155 rss: 278Mb L: 618/679 MS: 2 ShuffleBytes-EraseBytes-
	NEW_FUNC[1/2]: 0x56ba70 in vrend_object_remove (/home/fuzzing/Desktop/virglrenderer-master/build/src/virgl_fuzzer+0x56ba70)
	NEW_FUNC[2/2]: 0x57a160 in vrend_renderer_object_destroy (/home/fuzzing/Desktop/virglrenderer-master/build/src/virgl_fuzzer+0x57a160)
#111499	NEW    cov: 454 ft: 728 corp: 168/87Kb lim: 688 exec/s: 155 rss: 278Mb L: 526/679 MS: 1 ChangeASCIIInt-
#111732	NEW    cov: 454 ft: 730 corp: 169/88Kb lim: 688 exec/s: 155 rss: 278Mb L: 681/681 MS: 3 ChangeByte-InsertByte-InsertByte-
#111812	REDUCE cov: 454 ft: 730 corp: 169/88Kb lim: 688 exec/s: 155 rss: 278Mb L: 549/681 MS: 3 ChangeASCIIInt-ChangeASCIIInt-EraseBytes-
#111835	NEW    cov: 454 ft: 732 corp: 170/88Kb lim: 688 exec/s: 155 rss: 278Mb L: 683/683 MS: 3 ChangeBit-InsertByte-InsertByte-
#112358	REDUCE cov: 454 ft: 732 corp: 170/88Kb lim: 688 exec/s: 154 rss: 278Mb L: 551/683 MS: 3 InsertRepeatedBytes-CrossOver-PersAutoDict- DE: "GL_ARB_shader_image_load"-
#112417	NEW    cov: 454 ft: 734 corp: 171/89Kb lim: 688 exec/s: 155 rss: 278Mb L: 589/683 MS: 3 ChangeByte-InsertRepeatedBytes-EraseBytes-
#112605	NEW    cov: 454 ft: 736 corp: 172/90Kb lim: 688 exec/s: 154 rss: 278Mb L: 687/687 MS: 3 ShuffleBytes-CMP-PersAutoDict- DE: "\x01\x01"-"\xff\xff\xff\xff\xff\xff\x00\x01"-
#112754	REDUCE cov: 454 ft: 736 corp: 172/90Kb lim: 688 exec/s: 154 rss: 278Mb L: 559/687 MS: 4 ShuffleBytes-ChangeASCIIInt-ChangeBinInt-EraseBytes-
#115534	REDUCE cov: 455 ft: 737 corp: 173/90Kb lim: 715 exec/s: 152 rss: 278Mb L: 530/687 MS: 3 ShuffleBytes-ChangeBit-PersAutoDict- DE: "\x00\x00\x00\x00\x00\x00\x02\x00"-
#115718	REDUCE cov: 455 ft: 737 corp: 173/90Kb lim: 715 exec/s: 152 rss: 278Mb L: 557/687 MS: 4 CopyPart-InsertByte-InsertRepeatedBytes-EraseBytes-
#116202	REDUCE cov: 455 ft: 737 corp: 173/90Kb lim: 715 exec/s: 151 rss: 278Mb L: 530/687 MS: 4 EraseBytes-InsertByte-ChangeBinInt-InsertByte-
#116587	REDUCE cov: 455 ft: 737 corp: 173/90Kb lim: 715 exec/s: 151 rss: 278Mb L: 558/687 MS: 5 EraseBytes-ShuffleBytes-ShuffleBytes-InsertByte-InsertRepeatedBytes-
#117004	REDUCE cov: 455 ft: 737 corp: 173/90Kb lim: 715 exec/s: 151 rss: 278Mb L: 558/687 MS: 5 ChangeBinInt-ChangeBit-InsertRepeatedBytes-ChangeByte-EraseBytes-
#117735	NEW    cov: 457 ft: 739 corp: 174/90Kb lim: 715 exec/s: 150 rss: 278Mb L: 606/687 MS: 1 CopyPart-
#118062	NEW    cov: 457 ft: 741 corp: 175/91Kb lim: 715 exec/s: 150 rss: 278Mb L: 622/687 MS: 2 InsertByte-InsertRepeatedBytes-
#118281	REDUCE cov: 458 ft: 742 corp: 176/92Kb lim: 715 exec/s: 150 rss: 278Mb L: 621/687 MS: 4 PersAutoDict-ChangeBinInt-InsertRepeatedBytes-CMP- DE: "\x01\x00\x00\x00\x00\x00\x02\x00"-"\x08\x00\x00\x00"-
#118343	REDUCE cov: 458 ft: 742 corp: 176/92Kb lim: 715 exec/s: 149 rss: 278Mb L: 554/687 MS: 2 ChangeASCIIInt-EraseBytes-
#119521	REDUCE cov: 458 ft: 742 corp: 176/92Kb lim: 724 exec/s: 149 rss: 278Mb L: 515/687 MS: 1 EraseBytes-
#120182	NEW    cov: 458 ft: 749 corp: 177/92Kb lim: 724 exec/s: 148 rss: 279Mb L: 554/687 MS: 1 PersAutoDict- DE: "3\x00\x00\x00"-
#120355	REDUCE cov: 458 ft: 749 corp: 177/92Kb lim: 724 exec/s: 148 rss: 279Mb L: 530/687 MS: 3 EraseBytes-CopyPart-InsertByte-
#120996	REDUCE cov: 458 ft: 749 corp: 177/92Kb lim: 724 exec/s: 148 rss: 279Mb L: 551/687 MS: 1 EraseBytes-
#121176	NEW    cov: 463 ft: 754 corp: 178/93Kb lim: 724 exec/s: 148 rss: 279Mb L: 542/687 MS: 4 CMP-CopyPart-EraseBytes-CMP- DE: "G\x19\x02\x00"-"GL_OES_EGL_sync"-
#121538	REDUCE cov: 463 ft: 754 corp: 178/93Kb lim: 724 exec/s: 147 rss: 279Mb L: 522/687 MS: 4 CopyPart-ChangeByte-ChangeASCIIInt-CrossOver-
#124078	REDUCE cov: 463 ft: 754 corp: 178/93Kb lim: 742 exec/s: 145 rss: 279Mb L: 583/687 MS: 4 PersAutoDict-InsertRepeatedBytes-ChangeByte-EraseBytes- DE: "\x00\x00\x00\x00\x00\x00\x02\x00"-
#124224	REDUCE cov: 463 ft: 754 corp: 178/93Kb lim: 742 exec/s: 145 rss: 279Mb L: 605/687 MS: 1 EraseBytes-
#124758	NEW    cov: 464 ft: 755 corp: 179/93Kb lim: 742 exec/s: 145 rss: 279Mb L: 738/738 MS: 4 ShuffleBytes-CrossOver-InsertByte-InsertRepeatedBytes-
#124797	REDUCE cov: 464 ft: 755 corp: 179/93Kb lim: 742 exec/s: 145 rss: 279Mb L: 589/738 MS: 4 ShuffleBytes-ChangeByte-InsertByte-EraseBytes-
#124994	REDUCE cov: 464 ft: 755 corp: 179/93Kb lim: 742 exec/s: 145 rss: 279Mb L: 518/738 MS: 1 EraseBytes-
#126674	REDUCE cov: 464 ft: 756 corp: 180/94Kb lim: 751 exec/s: 144 rss: 279Mb L: 751/751 MS: 5 InsertRepeatedBytes-CMP-ChangeBit-ChangeBinInt-CrossOver- DE: "GL_OES_texture_3D"-
#126990	NEW    cov: 466 ft: 758 corp: 181/95Kb lim: 751 exec/s: 144 rss: 279Mb L: 550/751 MS: 1 ChangeBit-
#127142	NEW    cov: 466 ft: 760 corp: 182/95Kb lim: 751 exec/s: 144 rss: 279Mb L: 666/751 MS: 2 InsertRepeatedBytes-PersAutoDict- DE: "\x00\x00"-
#127749	NEW    cov: 466 ft: 764 corp: 183/96Kb lim: 751 exec/s: 143 rss: 279Mb L: 751/751 MS: 2 CMP-CrossOver- DE: "q\x02\x00\x00\x00\x00\x00\x00"-
#128076	REDUCE cov: 466 ft: 764 corp: 183/96Kb lim: 751 exec/s: 143 rss: 279Mb L: 602/751 MS: 2 CMP-CrossOver- DE: "GL_ARB_framebuffer_no"-
#128228	REDUCE cov: 466 ft: 764 corp: 183/96Kb lim: 751 exec/s: 143 rss: 279Mb L: 653/751 MS: 1 EraseBytes-
#128257	REDUCE cov: 466 ft: 764 corp: 183/96Kb lim: 751 exec/s: 143 rss: 279Mb L: 601/751 MS: 4 ChangeBinInt-ChangeByte-EraseBytes-InsertByte-
#129145	REDUCE cov: 466 ft: 764 corp: 183/96Kb lim: 751 exec/s: 142 rss: 279Mb L: 630/751 MS: 1 EraseBytes-
#129196	REDUCE cov: 466 ft: 764 corp: 183/96Kb lim: 751 exec/s: 142 rss: 279Mb L: 550/751 MS: 1 CrossOver-
#130584	REDUCE cov: 466 ft: 764 corp: 183/96Kb lim: 760 exec/s: 142 rss: 279Mb L: 543/751 MS: 3 ChangeBit-CrossOver-InsertRepeatedBytes-
#130890	REDUCE cov: 466 ft: 764 corp: 183/96Kb lim: 760 exec/s: 142 rss: 279Mb L: 669/751 MS: 1 EraseBytes-
#131072	pulse  cov: 466 ft: 764 corp: 183/96Kb lim: 760 exec/s: 142 rss: 279Mb
#131349	NEW    cov: 474 ft: 772 corp: 184/96Kb lim: 760 exec/s: 141 rss: 279Mb L: 550/751 MS: 4 ChangeBinInt-ChangeBinInt-PersAutoDict-ChangeByte- DE: "~\x01\x00\x00\x00\x00\x00\x00"-
#131371	REDUCE cov: 474 ft: 772 corp: 184/96Kb lim: 760 exec/s: 142 rss: 279Mb L: 518/751 MS: 2 InsertRepeatedBytes-EraseBytes-
#131463	NEW    cov: 474 ft: 773 corp: 185/97Kb lim: 760 exec/s: 141 rss: 279Mb L: 670/751 MS: 2 InsertRepeatedBytes-PersAutoDict- DE: "GL_ARB_framebuffer_no"-
#131785	NEW    cov: 475 ft: 774 corp: 186/97Kb lim: 760 exec/s: 141 rss: 279Mb L: 718/751 MS: 2 InsertRepeatedBytes-InsertRepeatedBytes-
#131967	REDUCE cov: 475 ft: 775 corp: 187/98Kb lim: 760 exec/s: 141 rss: 279Mb L: 515/751 MS: 2 ChangeASCIIInt-CopyPart-
#132032	NEW    cov: 477 ft: 777 corp: 188/99Kb lim: 760 exec/s: 141 rss: 279Mb L: 542/751 MS: 3 ChangeBit-ChangeASCIIInt-CopyPart-
#132557	REDUCE cov: 477 ft: 777 corp: 188/98Kb lim: 760 exec/s: 141 rss: 279Mb L: 621/751 MS: 5 PersAutoDict-CopyPart-CopyPart-ChangeBit-EraseBytes- DE: "3\x00\x00\x00"-
#133162	REDUCE cov: 477 ft: 777 corp: 188/98Kb lim: 760 exec/s: 141 rss: 279Mb L: 515/751 MS: 2 CopyPart-EraseBytes-
#133381	NEW    cov: 477 ft: 778 corp: 189/99Kb lim: 760 exec/s: 141 rss: 279Mb L: 731/751 MS: 3 ChangeBinInt-CopyPart-CopyPart-
#134714	REDUCE cov: 477 ft: 778 corp: 189/99Kb lim: 769 exec/s: 141 rss: 279Mb L: 717/751 MS: 1 EraseBytes-
#134836	REDUCE cov: 477 ft: 778 corp: 189/99Kb lim: 769 exec/s: 141 rss: 279Mb L: 583/751 MS: 2 CopyPart-EraseBytes-
#135081	REDUCE cov: 477 ft: 778 corp: 189/99Kb lim: 769 exec/s: 141 rss: 279Mb L: 525/751 MS: 5 ShuffleBytes-EraseBytes-CMP-CopyPart-InsertByte- DE: "\x01\x02\x00\x00\x00\x00\x00\x00"-
#135123	REDUCE cov: 477 ft: 778 corp: 189/99Kb lim: 769 exec/s: 141 rss: 279Mb L: 590/751 MS: 2 EraseBytes-InsertByte-
#135647	NEW    cov: 477 ft: 779 corp: 190/99Kb lim: 769 exec/s: 140 rss: 279Mb L: 526/751 MS: 2 ChangeByte-CMP- DE: "GL_OES_vertex_array_object"-
#135774	REDUCE cov: 477 ft: 779 corp: 190/99Kb lim: 769 exec/s: 140 rss: 279Mb L: 522/751 MS: 1 EraseBytes-
#136949	REDUCE cov: 477 ft: 780 corp: 191/100Kb lim: 778 exec/s: 140 rss: 279Mb L: 634/751 MS: 5 PersAutoDict-ChangeBinInt-ChangeBinInt-ShuffleBytes-CopyPart- DE: "3\x00\x00\x00"-
#137754	REDUCE cov: 477 ft: 780 corp: 191/100Kb lim: 778 exec/s: 139 rss: 279Mb L: 557/751 MS: 2 EraseBytes-InsertRepeatedBytes-
#138728	REDUCE cov: 477 ft: 780 corp: 191/100Kb lim: 787 exec/s: 139 rss: 279Mb L: 539/751 MS: 5 ChangeASCIIInt-EraseBytes-ShuffleBytes-CopyPart-CopyPart-
#139626	REDUCE cov: 477 ft: 780 corp: 191/100Kb lim: 787 exec/s: 138 rss: 279Mb L: 521/751 MS: 3 EraseBytes-CopyPart-InsertRepeatedBytes-
#139648	NEW    cov: 479 ft: 782 corp: 192/100Kb lim: 787 exec/s: 138 rss: 279Mb L: 550/751 MS: 2 ChangeBit-CMP- DE: "\x00\x00\x00\x00\x00\x00\x00\x10"-
#139724	REDUCE cov: 479 ft: 782 corp: 192/100Kb lim: 787 exec/s: 138 rss: 279Mb L: 514/751 MS: 1 EraseBytes-
#139815	NEW    cov: 479 ft: 783 corp: 193/101Kb lim: 787 exec/s: 138 rss: 279Mb L: 553/751 MS: 1 CopyPart-
#140142	NEW    cov: 479 ft: 784 corp: 194/101Kb lim: 787 exec/s: 138 rss: 279Mb L: 558/751 MS: 4 PersAutoDict-ChangeBinInt-ShuffleBytes-ChangeBit- DE: "\x1e\x00\x00\x00"-
#140590	REDUCE cov: 479 ft: 784 corp: 194/101Kb lim: 787 exec/s: 138 rss: 279Mb L: 586/751 MS: 1 EraseBytes-
#140962	NEW    cov: 479 ft: 785 corp: 195/102Kb lim: 787 exec/s: 138 rss: 279Mb L: 553/751 MS: 1 ChangeBinInt-
#141598	REDUCE cov: 479 ft: 785 corp: 195/102Kb lim: 787 exec/s: 138 rss: 279Mb L: 614/751 MS: 2 EraseBytes-CrossOver-
#141654	REDUCE cov: 479 ft: 785 corp: 195/102Kb lim: 787 exec/s: 138 rss: 279Mb L: 594/751 MS: 1 EraseBytes-
#141669	NEW    cov: 480 ft: 786 corp: 196/102Kb lim: 787 exec/s: 137 rss: 279Mb L: 618/751 MS: 5 ChangeASCIIInt-CMP-CopyPart-CopyPart-ChangeBit- DE: ">\xff\xff\xff"-
#141670	REDUCE cov: 480 ft: 786 corp: 196/102Kb lim: 787 exec/s: 137 rss: 279Mb L: 575/751 MS: 1 EraseBytes-
#141962	REDUCE cov: 480 ft: 786 corp: 196/102Kb lim: 787 exec/s: 137 rss: 279Mb L: 615/751 MS: 2 InsertRepeatedBytes-EraseBytes-
#143294	REDUCE cov: 480 ft: 786 corp: 196/102Kb lim: 796 exec/s: 137 rss: 279Mb L: 549/751 MS: 2 InsertByte-EraseBytes-
#145517	REDUCE cov: 480 ft: 786 corp: 196/102Kb lim: 814 exec/s: 137 rss: 279Mb L: 614/751 MS: 2 InsertByte-EraseBytes-
	NEW_FUNC[1/6]: 0x555450 in virgl_resource_create_from_pipe (/home/fuzzing/Desktop/virglrenderer-master/build/src/virgl_fuzzer+0x555450)
	NEW_FUNC[2/6]: 0x55c9d0 in vrend_decode_ctx_attach_resource (/home/fuzzing/Desktop/virglrenderer-master/build/src/virgl_fuzzer+0x55c9d0)
#145707	NEW    cov: 495 ft: 802 corp: 197/103Kb lim: 814 exec/s: 136 rss: 279Mb L: 814/814 MS: 1 CrossOver-
#145795	NEW    cov: 496 ft: 803 corp: 198/104Kb lim: 814 exec/s: 137 rss: 279Mb L: 814/814 MS: 3 CrossOver-ChangeByte-CrossOver-
#146330	REDUCE cov: 496 ft: 803 corp: 198/104Kb lim: 814 exec/s: 136 rss: 279Mb L: 622/814 MS: 3 ChangeASCIIInt-ChangeBinInt-EraseBytes-
	NEW_FUNC[1/3]: 0x5552e0 in virgl_resource_destroy_func (/home/fuzzing/Desktop/virglrenderer-master/build/src/virgl_fuzzer+0x5552e0)
	NEW_FUNC[2/3]: 0x595220 in vrend_pipe_resource_unref (/home/fuzzing/Desktop/virglrenderer-master/build/src/virgl_fuzzer+0x595220)
#146331	NEW    cov: 506 ft: 813 corp: 199/105Kb lim: 814 exec/s: 136 rss: 279Mb L: 814/814 MS: 1 ShuffleBytes-
#146352	REDUCE cov: 506 ft: 814 corp: 200/105Kb lim: 814 exec/s: 136 rss: 279Mb L: 558/814 MS: 1 PersAutoDict- DE: "\x01\x00\x00\x00\x00\x00\x02z"-
#146444	REDUCE cov: 506 ft: 814 corp: 200/105Kb lim: 814 exec/s: 136 rss: 279Mb L: 519/814 MS: 2 ChangeByte-EraseBytes-
#146866	REDUCE cov: 506 ft: 814 corp: 200/105Kb lim: 814 exec/s: 136 rss: 279Mb L: 538/814 MS: 1 EraseBytes-
#150011	NEW    cov: 506 ft: 816 corp: 201/106Kb lim: 841 exec/s: 136 rss: 279Mb L: 526/814 MS: 1 ChangeBinInt-
#151091	NEW    cov: 507 ft: 817 corp: 202/106Kb lim: 850 exec/s: 135 rss: 279Mb L: 554/814 MS: 1 ChangeBit-
#151298	REDUCE cov: 507 ft: 817 corp: 202/106Kb lim: 850 exec/s: 135 rss: 279Mb L: 566/814 MS: 2 ChangeASCIIInt-CrossOver-
#152263	NEW    cov: 507 ft: 824 corp: 203/107Kb lim: 859 exec/s: 135 rss: 279Mb L: 677/814 MS: 1 InsertRepeatedBytes-
#152444	REDUCE cov: 509 ft: 826 corp: 204/108Kb lim: 859 exec/s: 135 rss: 279Mb L: 619/814 MS: 1 CMP- DE: "\x0c\x00\x00\x00"-
#152784	REDUCE cov: 509 ft: 826 corp: 204/108Kb lim: 859 exec/s: 135 rss: 279Mb L: 595/814 MS: 5 InsertByte-InsertRepeatedBytes-PersAutoDict-EraseBytes-InsertRepeatedBytes- DE: "\x1e\x00\x00\x00"-
#153653	NEW    cov: 509 ft: 827 corp: 205/108Kb lim: 859 exec/s: 135 rss: 279Mb L: 554/814 MS: 1 ChangeBit-
#153839	REDUCE cov: 509 ft: 827 corp: 205/108Kb lim: 859 exec/s: 135 rss: 279Mb L: 594/814 MS: 1 EraseBytes-
	NEW_FUNC[1/1]: 0x5afde0 in vrend_renderer_copy_transfer3d (/home/fuzzing/Desktop/virglrenderer-master/build/src/virgl_fuzzer+0x5afde0)
#154134	REDUCE cov: 512 ft: 830 corp: 206/109Kb lim: 859 exec/s: 134 rss: 279Mb L: 798/814 MS: 4 ShuffleBytes-CrossOver-PersAutoDict-EraseBytes- DE: "?\xff\xff\xff"-
#154253	NEW    cov: 512 ft: 834 corp: 207/109Kb lim: 859 exec/s: 134 rss: 279Mb L: 682/814 MS: 4 ShuffleBytes-PersAutoDict-InsertByte-PersAutoDict- DE: "\x00\x00"-"*\x00\x00\x00\x00\x00\x00\x00"-
#154868	REDUCE cov: 512 ft: 834 corp: 207/109Kb lim: 859 exec/s: 134 rss: 279Mb L: 575/814 MS: 5 CMP-ChangeBinInt-ChangeASCIIInt-ChangeByte-EraseBytes- DE: "GL_OES_gpu_shader5"-
AddressSanitizer:DEADLYSIGNAL
=================================================================
==169615==ERROR: AddressSanitizer: SEGV on unknown address 0x0004001c7aa3 (pc 0x00000057840c bp 0x7fff5b74ed50 sp 0x7fff5b74ece0 T0)
==169615==The signal is caused by a READ memory access.
    #0 0x57840c in vrend_set_single_image_view (/home/fuzzing/Desktop/virglrenderer-master/build/src/virgl_fuzzer+0x57840c)
    #1 0x564e55 in vrend_decode_set_shader_images (/home/fuzzing/Desktop/virglrenderer-master/build/src/virgl_fuzzer+0x564e55)
    #2 0x55ccde in vrend_decode_ctx_submit_cmd (/home/fuzzing/Desktop/virglrenderer-master/build/src/virgl_fuzzer+0x55ccde)
    #3 0x553b2a in LLVMFuzzerTestOneInput (/home/fuzzing/Desktop/virglrenderer-master/build/src/virgl_fuzzer+0x553b2a)
    #4 0x45d861 in fuzzer::Fuzzer::ExecuteCallback(unsigned char const*, unsigned long) (/home/fuzzing/Desktop/virglrenderer-master/build/src/virgl_fuzzer+0x45d861)
    #5 0x45cfa5 in fuzzer::Fuzzer::RunOne(unsigned char const*, unsigned long, bool, fuzzer::InputInfo*, bool*) (/home/fuzzing/Desktop/virglrenderer-master/build/src/virgl_fuzzer+0x45cfa5)
    #6 0x45f247 in fuzzer::Fuzzer::MutateAndTestOne() (/home/fuzzing/Desktop/virglrenderer-master/build/src/virgl_fuzzer+0x45f247)
    #7 0x45ff45 in fuzzer::Fuzzer::Loop(std::__Fuzzer::vector<fuzzer::SizedFile, fuzzer::fuzzer_allocator<fuzzer::SizedFile> >&) (/home/fuzzing/Desktop/virglrenderer-master/build/src/virgl_fuzzer+0x45ff45)
    #8 0x44e8fe in fuzzer::FuzzerDriver(int*, char***, int (*)(unsigned char const*, unsigned long)) (/home/fuzzing/Desktop/virglrenderer-master/build/src/virgl_fuzzer+0x44e8fe)
    #9 0x477742 in main (/home/fuzzing/Desktop/virglrenderer-master/build/src/virgl_fuzzer+0x477742)
    #10 0x7f48e2b520b2 in __libc_start_main /build/glibc-eX1tMB/glibc-2.31/csu/../csu/libc-start.c:308:16
    #11 0x42369d in _start (/home/fuzzing/Desktop/virglrenderer-master/build/src/virgl_fuzzer+0x42369d)

AddressSanitizer can not provide additional info.
SUMMARY: AddressSanitizer: SEGV (/home/fuzzing/Desktop/virglrenderer-master/build/src/virgl_fuzzer+0x57840c) in vrend_set_single_image_view
==169615==ABORTING
MS: 2 ChangeBit-InsertRepeatedBytes-; base unit: 8f1928bd7d6840041706afd536024a37ffa40960
artifact_prefix='./'; Test unit written to ./crash-ab4e78bf280180b74582e6142edfea4133d07888
